{"C:\\Users\\Javi\\Desktop\\thunder_bid\\server\\logic\\index.js":{"path":"C:\\Users\\Javi\\Desktop\\thunder_bid\\server\\logic\\index.js","statementMap":{"0":{"start":{"line":1,"column":30},"end":{"line":1,"column":55}},"1":{"start":{"line":2,"column":21},"end":{"line":2,"column":49}},"2":{"start":{"line":4,"column":14},"end":{"line":211,"column":1}},"3":{"start":{"line":7,"column":8},"end":{"line":21,"column":29}},"4":{"start":{"line":9,"column":16},"end":{"line":9,"column":46}},"5":{"start":{"line":10,"column":16},"end":{"line":10,"column":67}},"6":{"start":{"line":11,"column":16},"end":{"line":11,"column":59}},"7":{"start":{"line":12,"column":16},"end":{"line":12,"column":65}},"8":{"start":{"line":14,"column":16},"end":{"line":14,"column":46}},"9":{"start":{"line":17,"column":16},"end":{"line":17,"column":67}},"10":{"start":{"line":17,"column":25},"end":{"line":17,"column":67}},"11":{"start":{"line":19,"column":16},"end":{"line":19,"column":69}},"12":{"start":{"line":21,"column":24},"end":{"line":21,"column":28}},"13":{"start":{"line":25,"column":8},"end":{"line":37,"column":14}},"14":{"start":{"line":27,"column":16},"end":{"line":27,"column":46}},"15":{"start":{"line":28,"column":16},"end":{"line":28,"column":67}},"16":{"start":{"line":30,"column":16},"end":{"line":30,"column":46}},"17":{"start":{"line":33,"column":16},"end":{"line":33,"column":69}},"18":{"start":{"line":33,"column":26},"end":{"line":33,"column":69}},"19":{"start":{"line":34,"column":16},"end":{"line":34,"column":81}},"20":{"start":{"line":34,"column":48},"end":{"line":34,"column":81}},"21":{"start":{"line":36,"column":16},"end":{"line":36,"column":27}},"22":{"start":{"line":41,"column":8},"end":{"line":52,"column":14}},"23":{"start":{"line":43,"column":16},"end":{"line":43,"column":64}},"24":{"start":{"line":45,"column":16},"end":{"line":45,"column":73}},"25":{"start":{"line":48,"column":16},"end":{"line":48,"column":64}},"26":{"start":{"line":48,"column":26},"end":{"line":48,"column":64}},"27":{"start":{"line":49,"column":16},"end":{"line":49,"column":89}},"28":{"start":{"line":49,"column":40},"end":{"line":49,"column":89}},"29":{"start":{"line":51,"column":16},"end":{"line":51,"column":34}},"30":{"start":{"line":56,"column":8},"end":{"line":67,"column":14}},"31":{"start":{"line":58,"column":16},"end":{"line":58,"column":64}},"32":{"start":{"line":60,"column":16},"end":{"line":60,"column":73}},"33":{"start":{"line":63,"column":16},"end":{"line":63,"column":64}},"34":{"start":{"line":63,"column":26},"end":{"line":63,"column":64}},"35":{"start":{"line":64,"column":16},"end":{"line":64,"column":89}},"36":{"start":{"line":64,"column":40},"end":{"line":64,"column":89}},"37":{"start":{"line":66,"column":16},"end":{"line":66,"column":34}},"38":{"start":{"line":71,"column":8},"end":{"line":97,"column":14}},"39":{"start":{"line":73,"column":29},"end":{"line":73,"column":31}},"40":{"start":{"line":75,"column":16},"end":{"line":82,"column":17}},"41":{"start":{"line":76,"column":20},"end":{"line":76,"column":65}},"42":{"start":{"line":78,"column":20},"end":{"line":81,"column":21}},"43":{"start":{"line":83,"column":16},"end":{"line":86,"column":17}},"44":{"start":{"line":84,"column":20},"end":{"line":84,"column":71}},"45":{"start":{"line":85,"column":20},"end":{"line":85,"column":46}},"46":{"start":{"line":88,"column":16},"end":{"line":96,"column":18}},"47":{"start":{"line":94,"column":20},"end":{"line":94,"column":78}},"48":{"start":{"line":94,"column":41},"end":{"line":94,"column":78}},"49":{"start":{"line":95,"column":20},"end":{"line":95,"column":35}},"50":{"start":{"line":101,"column":8},"end":{"line":113,"column":14}},"51":{"start":{"line":103,"column":16},"end":{"line":103,"column":70}},"52":{"start":{"line":105,"column":16},"end":{"line":105,"column":60}},"53":{"start":{"line":108,"column":16},"end":{"line":108,"column":70}},"54":{"start":{"line":108,"column":29},"end":{"line":108,"column":70}},"55":{"start":{"line":110,"column":16},"end":{"line":110,"column":34}},"56":{"start":{"line":112,"column":16},"end":{"line":112,"column":30}},"57":{"start":{"line":117,"column":8},"end":{"line":129,"column":14}},"58":{"start":{"line":119,"column":16},"end":{"line":119,"column":64}},"59":{"start":{"line":121,"column":16},"end":{"line":121,"column":72}},"60":{"start":{"line":124,"column":16},"end":{"line":124,"column":64}},"61":{"start":{"line":124,"column":26},"end":{"line":124,"column":64}},"62":{"start":{"line":126,"column":16},"end":{"line":126,"column":31}},"63":{"start":{"line":128,"column":16},"end":{"line":128,"column":27}},"64":{"start":{"line":133,"column":8},"end":{"line":161,"column":14}},"65":{"start":{"line":135,"column":16},"end":{"line":135,"column":70}},"66":{"start":{"line":136,"column":16},"end":{"line":136,"column":64}},"67":{"start":{"line":137,"column":16},"end":{"line":137,"column":47}},"68":{"start":{"line":138,"column":16},"end":{"line":160,"column":22}},"69":{"start":{"line":140,"column":24},"end":{"line":140,"column":75}},"70":{"start":{"line":140,"column":34},"end":{"line":140,"column":75}},"71":{"start":{"line":142,"column":24},"end":{"line":159,"column":45}},"72":{"start":{"line":144,"column":32},"end":{"line":144,"column":90}},"73":{"start":{"line":144,"column":51},"end":{"line":144,"column":90}},"74":{"start":{"line":145,"column":32},"end":{"line":145,"column":85}},"75":{"start":{"line":145,"column":56},"end":{"line":145,"column":85}},"76":{"start":{"line":147,"column":32},"end":{"line":148,"column":73}},"77":{"start":{"line":147,"column":61},"end":{"line":147,"column":125}},"78":{"start":{"line":148,"column":37},"end":{"line":148,"column":73}},"79":{"start":{"line":149,"column":32},"end":{"line":149,"column":129}},"80":{"start":{"line":149,"column":54},"end":{"line":149,"column":129}},"81":{"start":{"line":151,"column":44},"end":{"line":151,"column":94}},"82":{"start":{"line":153,"column":32},"end":{"line":157,"column":38}},"83":{"start":{"line":155,"column":40},"end":{"line":155,"column":65}},"84":{"start":{"line":156,"column":40},"end":{"line":156,"column":58}},"85":{"start":{"line":159,"column":40},"end":{"line":159,"column":44}},"86":{"start":{"line":165,"column":8},"end":{"line":184,"column":14}},"87":{"start":{"line":167,"column":16},"end":{"line":167,"column":70}},"88":{"start":{"line":168,"column":16},"end":{"line":168,"column":64}},"89":{"start":{"line":170,"column":16},"end":{"line":183,"column":26}},"90":{"start":{"line":172,"column":24},"end":{"line":172,"column":75}},"91":{"start":{"line":172,"column":34},"end":{"line":172,"column":75}},"92":{"start":{"line":174,"column":24},"end":{"line":182,"column":45}},"93":{"start":{"line":176,"column":32},"end":{"line":176,"column":90}},"94":{"start":{"line":176,"column":51},"end":{"line":176,"column":90}},"95":{"start":{"line":177,"column":32},"end":{"line":177,"column":85}},"96":{"start":{"line":177,"column":56},"end":{"line":177,"column":85}},"97":{"start":{"line":178,"column":32},"end":{"line":178,"column":141}},"98":{"start":{"line":178,"column":80},"end":{"line":178,"column":141}},"99":{"start":{"line":179,"column":32},"end":{"line":179,"column":66}},"100":{"start":{"line":180,"column":32},"end":{"line":180,"column":50}},"101":{"start":{"line":182,"column":40},"end":{"line":182,"column":44}},"102":{"start":{"line":188,"column":8},"end":{"line":208,"column":14}},"103":{"start":{"line":190,"column":16},"end":{"line":190,"column":70}},"104":{"start":{"line":191,"column":16},"end":{"line":191,"column":64}},"105":{"start":{"line":193,"column":16},"end":{"line":207,"column":26}},"106":{"start":{"line":195,"column":24},"end":{"line":195,"column":75}},"107":{"start":{"line":195,"column":34},"end":{"line":195,"column":75}},"108":{"start":{"line":196,"column":24},"end":{"line":206,"column":45}},"109":{"start":{"line":198,"column":32},"end":{"line":198,"column":90}},"110":{"start":{"line":198,"column":51},"end":{"line":198,"column":90}},"111":{"start":{"line":199,"column":32},"end":{"line":199,"column":143}},"112":{"start":{"line":199,"column":71},"end":{"line":199,"column":143}},"113":{"start":{"line":201,"column":49},"end":{"line":201,"column":79}},"114":{"start":{"line":202,"column":32},"end":{"line":202,"column":64}},"115":{"start":{"line":204,"column":32},"end":{"line":204,"column":50}},"116":{"start":{"line":206,"column":40},"end":{"line":206,"column":44}},"117":{"start":{"line":214,"column":0},"end":{"line":214,"column":26}}},"fnMap":{"0":{"name":"(anonymous_0)","decl":{"start":{"line":6,"column":4},"end":{"line":6,"column":5}},"loc":{"start":{"line":6,"column":44},"end":{"line":22,"column":5}},"line":6},"1":{"name":"(anonymous_1)","decl":{"start":{"line":8,"column":18},"end":{"line":8,"column":19}},"loc":{"start":{"line":8,"column":24},"end":{"line":15,"column":13}},"line":8},"2":{"name":"(anonymous_2)","decl":{"start":{"line":16,"column":19},"end":{"line":16,"column":20}},"loc":{"start":{"line":16,"column":27},"end":{"line":20,"column":13}},"line":16},"3":{"name":"(anonymous_3)","decl":{"start":{"line":21,"column":18},"end":{"line":21,"column":19}},"loc":{"start":{"line":21,"column":24},"end":{"line":21,"column":28}},"line":21},"4":{"name":"(anonymous_4)","decl":{"start":{"line":24,"column":4},"end":{"line":24,"column":5}},"loc":{"start":{"line":24,"column":33},"end":{"line":38,"column":5}},"line":24},"5":{"name":"(anonymous_5)","decl":{"start":{"line":26,"column":18},"end":{"line":26,"column":19}},"loc":{"start":{"line":26,"column":24},"end":{"line":31,"column":13}},"line":26},"6":{"name":"(anonymous_6)","decl":{"start":{"line":32,"column":18},"end":{"line":32,"column":19}},"loc":{"start":{"line":32,"column":26},"end":{"line":37,"column":13}},"line":32},"7":{"name":"(anonymous_7)","decl":{"start":{"line":40,"column":4},"end":{"line":40,"column":5}},"loc":{"start":{"line":40,"column":34},"end":{"line":53,"column":5}},"line":40},"8":{"name":"(anonymous_8)","decl":{"start":{"line":42,"column":18},"end":{"line":42,"column":19}},"loc":{"start":{"line":42,"column":24},"end":{"line":46,"column":13}},"line":42},"9":{"name":"(anonymous_9)","decl":{"start":{"line":47,"column":18},"end":{"line":47,"column":19}},"loc":{"start":{"line":47,"column":26},"end":{"line":52,"column":13}},"line":47},"10":{"name":"(anonymous_10)","decl":{"start":{"line":55,"column":4},"end":{"line":55,"column":5}},"loc":{"start":{"line":55,"column":26},"end":{"line":68,"column":5}},"line":55},"11":{"name":"(anonymous_11)","decl":{"start":{"line":57,"column":18},"end":{"line":57,"column":19}},"loc":{"start":{"line":57,"column":24},"end":{"line":61,"column":13}},"line":57},"12":{"name":"(anonymous_12)","decl":{"start":{"line":62,"column":18},"end":{"line":62,"column":19}},"loc":{"start":{"line":62,"column":26},"end":{"line":67,"column":13}},"line":62},"13":{"name":"(anonymous_13)","decl":{"start":{"line":70,"column":4},"end":{"line":70,"column":5}},"loc":{"start":{"line":70,"column":33},"end":{"line":98,"column":5}},"line":70},"14":{"name":"(anonymous_14)","decl":{"start":{"line":72,"column":18},"end":{"line":72,"column":19}},"loc":{"start":{"line":72,"column":24},"end":{"line":97,"column":13}},"line":72},"15":{"name":"(anonymous_15)","decl":{"start":{"line":93,"column":22},"end":{"line":93,"column":23}},"loc":{"start":{"line":93,"column":34},"end":{"line":96,"column":17}},"line":93},"16":{"name":"(anonymous_16)","decl":{"start":{"line":100,"column":4},"end":{"line":100,"column":5}},"loc":{"start":{"line":100,"column":30},"end":{"line":114,"column":5}},"line":100},"17":{"name":"(anonymous_17)","decl":{"start":{"line":102,"column":18},"end":{"line":102,"column":19}},"loc":{"start":{"line":102,"column":23},"end":{"line":106,"column":13}},"line":102},"18":{"name":"(anonymous_18)","decl":{"start":{"line":107,"column":18},"end":{"line":107,"column":19}},"loc":{"start":{"line":107,"column":29},"end":{"line":113,"column":13}},"line":107},"19":{"name":"(anonymous_19)","decl":{"start":{"line":116,"column":4},"end":{"line":116,"column":5}},"loc":{"start":{"line":116,"column":24},"end":{"line":130,"column":5}},"line":116},"20":{"name":"(anonymous_20)","decl":{"start":{"line":118,"column":18},"end":{"line":118,"column":19}},"loc":{"start":{"line":118,"column":24},"end":{"line":122,"column":13}},"line":118},"21":{"name":"(anonymous_21)","decl":{"start":{"line":123,"column":18},"end":{"line":123,"column":19}},"loc":{"start":{"line":123,"column":26},"end":{"line":129,"column":13}},"line":123},"22":{"name":"(anonymous_22)","decl":{"start":{"line":132,"column":4},"end":{"line":132,"column":5}},"loc":{"start":{"line":132,"column":36},"end":{"line":162,"column":5}},"line":132},"23":{"name":"(anonymous_23)","decl":{"start":{"line":134,"column":18},"end":{"line":134,"column":19}},"loc":{"start":{"line":134,"column":24},"end":{"line":161,"column":13}},"line":134},"24":{"name":"(anonymous_24)","decl":{"start":{"line":139,"column":26},"end":{"line":139,"column":27}},"loc":{"start":{"line":139,"column":34},"end":{"line":160,"column":21}},"line":139},"25":{"name":"(anonymous_25)","decl":{"start":{"line":143,"column":34},"end":{"line":143,"column":35}},"loc":{"start":{"line":143,"column":50},"end":{"line":158,"column":29}},"line":143},"26":{"name":"(anonymous_26)","decl":{"start":{"line":154,"column":42},"end":{"line":154,"column":43}},"loc":{"start":{"line":154,"column":48},"end":{"line":157,"column":37}},"line":154},"27":{"name":"(anonymous_27)","decl":{"start":{"line":159,"column":34},"end":{"line":159,"column":35}},"loc":{"start":{"line":159,"column":40},"end":{"line":159,"column":44}},"line":159},"28":{"name":"(anonymous_28)","decl":{"start":{"line":164,"column":4},"end":{"line":164,"column":5}},"loc":{"start":{"line":164,"column":30},"end":{"line":185,"column":5}},"line":164},"29":{"name":"(anonymous_29)","decl":{"start":{"line":166,"column":18},"end":{"line":166,"column":19}},"loc":{"start":{"line":166,"column":24},"end":{"line":184,"column":13}},"line":166},"30":{"name":"(anonymous_30)","decl":{"start":{"line":171,"column":26},"end":{"line":171,"column":27}},"loc":{"start":{"line":171,"column":34},"end":{"line":183,"column":25}},"line":171},"31":{"name":"(anonymous_31)","decl":{"start":{"line":175,"column":34},"end":{"line":175,"column":35}},"loc":{"start":{"line":175,"column":50},"end":{"line":181,"column":29}},"line":175},"32":{"name":"(anonymous_32)","decl":{"start":{"line":182,"column":34},"end":{"line":182,"column":35}},"loc":{"start":{"line":182,"column":40},"end":{"line":182,"column":44}},"line":182},"33":{"name":"(anonymous_33)","decl":{"start":{"line":187,"column":4},"end":{"line":187,"column":5}},"loc":{"start":{"line":187,"column":33},"end":{"line":209,"column":5}},"line":187},"34":{"name":"(anonymous_34)","decl":{"start":{"line":189,"column":18},"end":{"line":189,"column":19}},"loc":{"start":{"line":189,"column":24},"end":{"line":208,"column":13}},"line":189},"35":{"name":"(anonymous_35)","decl":{"start":{"line":194,"column":26},"end":{"line":194,"column":27}},"loc":{"start":{"line":194,"column":34},"end":{"line":207,"column":25}},"line":194},"36":{"name":"(anonymous_36)","decl":{"start":{"line":197,"column":34},"end":{"line":197,"column":35}},"loc":{"start":{"line":197,"column":50},"end":{"line":205,"column":29}},"line":197},"37":{"name":"(anonymous_37)","decl":{"start":{"line":206,"column":34},"end":{"line":206,"column":35}},"loc":{"start":{"line":206,"column":40},"end":{"line":206,"column":44}},"line":206}},"branchMap":{"0":{"loc":{"start":{"line":17,"column":16},"end":{"line":17,"column":67}},"type":"if","locations":[{"start":{"line":17,"column":16},"end":{"line":17,"column":67}},{"start":{"line":17,"column":16},"end":{"line":17,"column":67}}],"line":17},"1":{"loc":{"start":{"line":33,"column":16},"end":{"line":33,"column":69}},"type":"if","locations":[{"start":{"line":33,"column":16},"end":{"line":33,"column":69}},{"start":{"line":33,"column":16},"end":{"line":33,"column":69}}],"line":33},"2":{"loc":{"start":{"line":34,"column":16},"end":{"line":34,"column":81}},"type":"if","locations":[{"start":{"line":34,"column":16},"end":{"line":34,"column":81}},{"start":{"line":34,"column":16},"end":{"line":34,"column":81}}],"line":34},"3":{"loc":{"start":{"line":48,"column":16},"end":{"line":48,"column":64}},"type":"if","locations":[{"start":{"line":48,"column":16},"end":{"line":48,"column":64}},{"start":{"line":48,"column":16},"end":{"line":48,"column":64}}],"line":48},"4":{"loc":{"start":{"line":49,"column":16},"end":{"line":49,"column":89}},"type":"if","locations":[{"start":{"line":49,"column":16},"end":{"line":49,"column":89}},{"start":{"line":49,"column":16},"end":{"line":49,"column":89}}],"line":49},"5":{"loc":{"start":{"line":63,"column":16},"end":{"line":63,"column":64}},"type":"if","locations":[{"start":{"line":63,"column":16},"end":{"line":63,"column":64}},{"start":{"line":63,"column":16},"end":{"line":63,"column":64}}],"line":63},"6":{"loc":{"start":{"line":64,"column":16},"end":{"line":64,"column":89}},"type":"if","locations":[{"start":{"line":64,"column":16},"end":{"line":64,"column":89}},{"start":{"line":64,"column":16},"end":{"line":64,"column":89}}],"line":64},"7":{"loc":{"start":{"line":75,"column":16},"end":{"line":82,"column":17}},"type":"if","locations":[{"start":{"line":75,"column":16},"end":{"line":82,"column":17}},{"start":{"line":75,"column":16},"end":{"line":82,"column":17}}],"line":75},"8":{"loc":{"start":{"line":83,"column":16},"end":{"line":86,"column":17}},"type":"if","locations":[{"start":{"line":83,"column":16},"end":{"line":86,"column":17}},{"start":{"line":83,"column":16},"end":{"line":86,"column":17}}],"line":83},"9":{"loc":{"start":{"line":94,"column":20},"end":{"line":94,"column":78}},"type":"if","locations":[{"start":{"line":94,"column":20},"end":{"line":94,"column":78}},{"start":{"line":94,"column":20},"end":{"line":94,"column":78}}],"line":94},"10":{"loc":{"start":{"line":108,"column":16},"end":{"line":108,"column":70}},"type":"if","locations":[{"start":{"line":108,"column":16},"end":{"line":108,"column":70}},{"start":{"line":108,"column":16},"end":{"line":108,"column":70}}],"line":108},"11":{"loc":{"start":{"line":124,"column":16},"end":{"line":124,"column":64}},"type":"if","locations":[{"start":{"line":124,"column":16},"end":{"line":124,"column":64}},{"start":{"line":124,"column":16},"end":{"line":124,"column":64}}],"line":124},"12":{"loc":{"start":{"line":140,"column":24},"end":{"line":140,"column":75}},"type":"if","locations":[{"start":{"line":140,"column":24},"end":{"line":140,"column":75}},{"start":{"line":140,"column":24},"end":{"line":140,"column":75}}],"line":140},"13":{"loc":{"start":{"line":144,"column":32},"end":{"line":144,"column":90}},"type":"if","locations":[{"start":{"line":144,"column":32},"end":{"line":144,"column":90}},{"start":{"line":144,"column":32},"end":{"line":144,"column":90}}],"line":144},"14":{"loc":{"start":{"line":145,"column":32},"end":{"line":145,"column":85}},"type":"if","locations":[{"start":{"line":145,"column":32},"end":{"line":145,"column":85}},{"start":{"line":145,"column":32},"end":{"line":145,"column":85}}],"line":145},"15":{"loc":{"start":{"line":147,"column":32},"end":{"line":148,"column":73}},"type":"if","locations":[{"start":{"line":147,"column":32},"end":{"line":148,"column":73}},{"start":{"line":147,"column":32},"end":{"line":148,"column":73}}],"line":147},"16":{"loc":{"start":{"line":149,"column":32},"end":{"line":149,"column":129}},"type":"if","locations":[{"start":{"line":149,"column":32},"end":{"line":149,"column":129}},{"start":{"line":149,"column":32},"end":{"line":149,"column":129}}],"line":149},"17":{"loc":{"start":{"line":172,"column":24},"end":{"line":172,"column":75}},"type":"if","locations":[{"start":{"line":172,"column":24},"end":{"line":172,"column":75}},{"start":{"line":172,"column":24},"end":{"line":172,"column":75}}],"line":172},"18":{"loc":{"start":{"line":176,"column":32},"end":{"line":176,"column":90}},"type":"if","locations":[{"start":{"line":176,"column":32},"end":{"line":176,"column":90}},{"start":{"line":176,"column":32},"end":{"line":176,"column":90}}],"line":176},"19":{"loc":{"start":{"line":177,"column":32},"end":{"line":177,"column":85}},"type":"if","locations":[{"start":{"line":177,"column":32},"end":{"line":177,"column":85}},{"start":{"line":177,"column":32},"end":{"line":177,"column":85}}],"line":177},"20":{"loc":{"start":{"line":178,"column":32},"end":{"line":178,"column":141}},"type":"if","locations":[{"start":{"line":178,"column":32},"end":{"line":178,"column":141}},{"start":{"line":178,"column":32},"end":{"line":178,"column":141}}],"line":178},"21":{"loc":{"start":{"line":195,"column":24},"end":{"line":195,"column":75}},"type":"if","locations":[{"start":{"line":195,"column":24},"end":{"line":195,"column":75}},{"start":{"line":195,"column":24},"end":{"line":195,"column":75}}],"line":195},"22":{"loc":{"start":{"line":198,"column":32},"end":{"line":198,"column":90}},"type":"if","locations":[{"start":{"line":198,"column":32},"end":{"line":198,"column":90}},{"start":{"line":198,"column":32},"end":{"line":198,"column":90}}],"line":198},"23":{"loc":{"start":{"line":199,"column":32},"end":{"line":199,"column":143}},"type":"if","locations":[{"start":{"line":199,"column":32},"end":{"line":199,"column":143}},{"start":{"line":199,"column":32},"end":{"line":199,"column":143}}],"line":199}},"s":{"0":1,"1":1,"2":1,"3":26,"4":26,"5":20,"6":14,"7":8,"8":2,"9":2,"10":1,"11":1,"12":1,"13":12,"14":12,"15":7,"16":3,"17":3,"18":1,"19":2,"20":1,"21":1,"22":2,"23":2,"24":2,"25":2,"26":1,"27":1,"28":0,"29":1,"30":1,"31":1,"32":1,"33":1,"34":0,"35":1,"36":0,"37":1,"38":5,"39":5,"40":5,"41":4,"42":2,"43":3,"44":2,"45":2,"46":3,"47":3,"48":2,"49":1,"50":2,"51":2,"52":1,"53":1,"54":0,"55":1,"56":1,"57":2,"58":2,"59":1,"60":1,"61":0,"62":1,"63":1,"64":6,"65":6,"66":6,"67":6,"68":3,"69":3,"70":0,"71":3,"72":3,"73":0,"74":3,"75":0,"76":3,"77":3,"78":0,"79":3,"80":2,"81":1,"82":1,"83":1,"84":1,"85":1,"86":3,"87":3,"88":3,"89":3,"90":3,"91":0,"92":3,"93":3,"94":0,"95":3,"96":0,"97":3,"98":1,"99":2,"100":2,"101":2,"102":3,"103":3,"104":3,"105":3,"106":3,"107":0,"108":3,"109":3,"110":0,"111":3,"112":1,"113":2,"114":2,"115":2,"116":2,"117":1},"f":{"0":26,"1":26,"2":2,"3":1,"4":12,"5":12,"6":3,"7":2,"8":2,"9":2,"10":1,"11":1,"12":1,"13":5,"14":5,"15":3,"16":2,"17":2,"18":1,"19":2,"20":2,"21":1,"22":6,"23":6,"24":3,"25":3,"26":1,"27":1,"28":3,"29":3,"30":3,"31":3,"32":2,"33":3,"34":3,"35":3,"36":3,"37":2},"b":{"0":[1,1],"1":[1,2],"2":[1,1],"3":[1,1],"4":[0,1],"5":[0,1],"6":[0,1],"7":[4,1],"8":[2,1],"9":[2,1],"10":[0,1],"11":[0,1],"12":[0,3],"13":[0,3],"14":[0,3],"15":[3,0],"16":[2,1],"17":[0,3],"18":[0,3],"19":[0,3],"20":[1,2],"21":[0,3],"22":[0,3],"23":[1,2]},"_coverageSchema":"d34fc3e6b8297bcde183f5492bcb8fcb36775295","hash":"12396c06b397621a50419318aac6839bb3d1f638","contentHash":"b81c06210e9e84efda68b3c0abf106bd"},"C:\\Users\\Javi\\Desktop\\thunder_bid\\server\\data\\models\\index.js":{"path":"C:\\Users\\Javi\\Desktop\\thunder_bid\\server\\data\\models\\index.js","statementMap":{"0":{"start":{"line":3,"column":12},"end":{"line":3,"column":28}},"1":{"start":{"line":4,"column":16},"end":{"line":4,"column":36}},"2":{"start":{"line":5,"column":13},"end":{"line":5,"column":30}},"3":{"start":{"line":7,"column":0},"end":{"line":11,"column":1}}},"fnMap":{},"branchMap":{},"s":{"0":1,"1":1,"2":1,"3":1},"f":{},"b":{},"_coverageSchema":"d34fc3e6b8297bcde183f5492bcb8fcb36775295","hash":"4761d947a7736664046f3e9e74aa13659762af0e","contentHash":"56e3f787e5d25ecd3af41a435e9ec4bf"},"C:\\Users\\Javi\\Desktop\\thunder_bid\\server\\data\\models\\bid.js":{"path":"C:\\Users\\Javi\\Desktop\\thunder_bid\\server\\data\\models\\bid.js","statementMap":{"0":{"start":{"line":3,"column":17},"end":{"line":3,"column":36}},"1":{"start":{"line":4,"column":16},"end":{"line":4,"column":36}},"2":{"start":{"line":6,"column":0},"end":{"line":6,"column":43}}},"fnMap":{},"branchMap":{},"s":{"0":1,"1":1,"2":1},"f":{},"b":{},"_coverageSchema":"d34fc3e6b8297bcde183f5492bcb8fcb36775295","hash":"29e4270abac5f7d787bd2bc3c834628ceb936652","contentHash":"93ff184c0dd08e23cd2807552c1f256a"},"C:\\Users\\Javi\\Desktop\\thunder_bid\\server\\data\\models\\schemas\\index.js":{"path":"C:\\Users\\Javi\\Desktop\\thunder_bid\\server\\data\\models\\schemas\\index.js","statementMap":{"0":{"start":{"line":1,"column":12},"end":{"line":1,"column":28}},"1":{"start":{"line":2,"column":16},"end":{"line":2,"column":36}},"2":{"start":{"line":3,"column":13},"end":{"line":3,"column":30}},"3":{"start":{"line":5,"column":0},"end":{"line":9,"column":1}}},"fnMap":{},"branchMap":{},"s":{"0":1,"1":1,"2":1,"3":1},"f":{},"b":{},"_coverageSchema":"d34fc3e6b8297bcde183f5492bcb8fcb36775295","hash":"1f9140fccd11dff238c2da5065d5efacaf0b3370","contentHash":"211b241f80e695552391232c70e07b25"},"C:\\Users\\Javi\\Desktop\\thunder_bid\\server\\data\\models\\schemas\\bid.js":{"path":"C:\\Users\\Javi\\Desktop\\thunder_bid\\server\\data\\models\\schemas\\bid.js","statementMap":{"0":{"start":{"line":3,"column":52},"end":{"line":3,"column":71}},"1":{"start":{"line":5,"column":0},"end":{"line":21,"column":2}}},"fnMap":{},"branchMap":{},"s":{"0":1,"1":1},"f":{},"b":{},"_coverageSchema":"d34fc3e6b8297bcde183f5492bcb8fcb36775295","hash":"4646d14f3a87d2f6d1584ca7f4b54ebe07808a06","contentHash":"419bebcbad4b7f2bc192ce538774d0f3"},"C:\\Users\\Javi\\Desktop\\thunder_bid\\server\\data\\models\\schemas\\product.js":{"path":"C:\\Users\\Javi\\Desktop\\thunder_bid\\server\\data\\models\\schemas\\product.js","statementMap":{"0":{"start":{"line":3,"column":52},"end":{"line":3,"column":71}},"1":{"start":{"line":4,"column":12},"end":{"line":4,"column":28}},"2":{"start":{"line":6,"column":0},"end":{"line":39,"column":2}}},"fnMap":{},"branchMap":{},"s":{"0":1,"1":1,"2":1},"f":{},"b":{},"_coverageSchema":"d34fc3e6b8297bcde183f5492bcb8fcb36775295","hash":"19f454403e3f16a592f52eba08721723e3ce01c0","contentHash":"d719c19e0cdfb6bce22499767b37796c"},"C:\\Users\\Javi\\Desktop\\thunder_bid\\server\\data\\models\\schemas\\user.js":{"path":"C:\\Users\\Javi\\Desktop\\thunder_bid\\server\\data\\models\\schemas\\user.js","statementMap":{"0":{"start":{"line":3,"column":52},"end":{"line":3,"column":71}},"1":{"start":{"line":5,"column":0},"end":{"line":43,"column":2}}},"fnMap":{},"branchMap":{},"s":{"0":1,"1":1},"f":{},"b":{},"_coverageSchema":"d34fc3e6b8297bcde183f5492bcb8fcb36775295","hash":"2def9c54f5e32d9a318eb4c3d48428f1207a91bf","contentHash":"108dbbd8d0a90411b47b9407e0e01f7b"},"C:\\Users\\Javi\\Desktop\\thunder_bid\\server\\data\\models\\product.js":{"path":"C:\\Users\\Javi\\Desktop\\thunder_bid\\server\\data\\models\\product.js","statementMap":{"0":{"start":{"line":3,"column":17},"end":{"line":3,"column":36}},"1":{"start":{"line":4,"column":20},"end":{"line":4,"column":40}},"2":{"start":{"line":6,"column":0},"end":{"line":6,"column":51}}},"fnMap":{},"branchMap":{},"s":{"0":1,"1":1,"2":1},"f":{},"b":{},"_coverageSchema":"d34fc3e6b8297bcde183f5492bcb8fcb36775295","hash":"1038a65d1bc990afce3d5a3d5b26b74d03d13950","contentHash":"085f194e0cb1d0424da3d82fe85a1edb"},"C:\\Users\\Javi\\Desktop\\thunder_bid\\server\\data\\models\\user.js":{"path":"C:\\Users\\Javi\\Desktop\\thunder_bid\\server\\data\\models\\user.js","statementMap":{"0":{"start":{"line":3,"column":17},"end":{"line":3,"column":36}},"1":{"start":{"line":4,"column":17},"end":{"line":4,"column":37}},"2":{"start":{"line":6,"column":0},"end":{"line":6,"column":45}}},"fnMap":{},"branchMap":{},"s":{"0":1,"1":1,"2":1},"f":{},"b":{},"_coverageSchema":"d34fc3e6b8297bcde183f5492bcb8fcb36775295","hash":"9e90d38670f5be855c27c8f4b226f6600b62c287","contentHash":"da4a7b905dcaf4d13cb03b337adbeee7"},"C:\\Users\\Javi\\Desktop\\thunder_bid\\server\\utils\\validate\\index.js":{"path":"C:\\Users\\Javi\\Desktop\\thunder_bid\\server\\utils\\validate\\index.js","statementMap":{"0":{"start":{"line":3,"column":17},"end":{"line":25,"column":1}},"1":{"start":{"line":6,"column":8},"end":{"line":6,"column":157}},"2":{"start":{"line":6,"column":123},"end":{"line":6,"column":157}},"3":{"start":{"line":10,"column":18},"end":{"line":10,"column":148}},"4":{"start":{"line":11,"column":8},"end":{"line":11,"column":50}},"5":{"start":{"line":11,"column":18},"end":{"line":11,"column":50}},"6":{"start":{"line":15,"column":8},"end":{"line":15,"column":79}},"7":{"start":{"line":15,"column":39},"end":{"line":15,"column":79}},"8":{"start":{"line":19,"column":8},"end":{"line":19,"column":117}},"9":{"start":{"line":19,"column":83},"end":{"line":19,"column":117}},"10":{"start":{"line":23,"column":8},"end":{"line":23,"column":73}},"11":{"start":{"line":23,"column":39},"end":{"line":23,"column":73}},"12":{"start":{"line":27,"column":1},"end":{"line":27,"column":30}}},"fnMap":{"0":{"name":"(anonymous_0)","decl":{"start":{"line":5,"column":4},"end":{"line":5,"column":5}},"loc":{"start":{"line":5,"column":38},"end":{"line":7,"column":5}},"line":5},"1":{"name":"(anonymous_1)","decl":{"start":{"line":9,"column":4},"end":{"line":9,"column":5}},"loc":{"start":{"line":9,"column":26},"end":{"line":12,"column":5}},"line":9},"2":{"name":"(anonymous_2)","decl":{"start":{"line":14,"column":4},"end":{"line":14,"column":5}},"loc":{"start":{"line":14,"column":27},"end":{"line":16,"column":5}},"line":14},"3":{"name":"(anonymous_3)","decl":{"start":{"line":18,"column":4},"end":{"line":18,"column":5}},"loc":{"start":{"line":18,"column":38},"end":{"line":20,"column":5}},"line":18},"4":{"name":"(anonymous_4)","decl":{"start":{"line":22,"column":4},"end":{"line":22,"column":5}},"loc":{"start":{"line":22,"column":33},"end":{"line":24,"column":5}},"line":22}},"branchMap":{"0":{"loc":{"start":{"line":6,"column":8},"end":{"line":6,"column":157}},"type":"if","locations":[{"start":{"line":6,"column":8},"end":{"line":6,"column":157}},{"start":{"line":6,"column":8},"end":{"line":6,"column":157}}],"line":6},"1":{"loc":{"start":{"line":6,"column":12},"end":{"line":6,"column":121}},"type":"binary-expr","locations":[{"start":{"line":6,"column":12},"end":{"line":6,"column":37}},{"start":{"line":6,"column":41},"end":{"line":6,"column":54}},{"start":{"line":6,"column":58},"end":{"line":6,"column":81}},{"start":{"line":6,"column":85},"end":{"line":6,"column":121}}],"line":6},"2":{"loc":{"start":{"line":11,"column":8},"end":{"line":11,"column":50}},"type":"if","locations":[{"start":{"line":11,"column":8},"end":{"line":11,"column":50}},{"start":{"line":11,"column":8},"end":{"line":11,"column":50}}],"line":11},"3":{"loc":{"start":{"line":15,"column":8},"end":{"line":15,"column":79}},"type":"if","locations":[{"start":{"line":15,"column":8},"end":{"line":15,"column":79}},{"start":{"line":15,"column":8},"end":{"line":15,"column":79}}],"line":15},"4":{"loc":{"start":{"line":19,"column":8},"end":{"line":19,"column":117}},"type":"if","locations":[{"start":{"line":19,"column":8},"end":{"line":19,"column":117}},{"start":{"line":19,"column":8},"end":{"line":19,"column":117}}],"line":19},"5":{"loc":{"start":{"line":19,"column":12},"end":{"line":19,"column":81}},"type":"binary-expr","locations":[{"start":{"line":19,"column":12},"end":{"line":19,"column":37}},{"start":{"line":19,"column":41},"end":{"line":19,"column":54}},{"start":{"line":19,"column":58},"end":{"line":19,"column":81}}],"line":19},"6":{"loc":{"start":{"line":23,"column":8},"end":{"line":23,"column":73}},"type":"if","locations":[{"start":{"line":23,"column":8},"end":{"line":23,"column":73}},{"start":{"line":23,"column":8},"end":{"line":23,"column":73}}],"line":23}},"s":{"0":1,"1":82,"2":24,"3":38,"4":38,"5":11,"6":6,"7":3,"8":4,"9":2,"10":0,"11":0,"12":1},"f":{"0":82,"1":38,"2":6,"3":4,"4":0},"b":{"0":[24,58],"1":[82,74,70,61],"2":[11,27],"3":[3,3],"4":[2,2],"5":[4,4,4],"6":[0,0]},"_coverageSchema":"d34fc3e6b8297bcde183f5492bcb8fcb36775295","hash":"c97f106b35225ff6b03f23d1aa7ad65c2872aff8","contentHash":"a3c41ff4377f2a143a479063fc62b4f8"},"C:\\Users\\Javi\\Desktop\\thunder_bid\\server\\logic\\index.spec.js":{"path":"C:\\Users\\Javi\\Desktop\\thunder_bid\\server\\logic\\index.spec.js","statementMap":{"0":{"start":{"line":2,"column":0},"end":{"line":2,"column":26}},"1":{"start":{"line":5,"column":18},"end":{"line":5,"column":30}},"2":{"start":{"line":6,"column":19},"end":{"line":6,"column":34}},"3":{"start":{"line":7,"column":17},"end":{"line":7,"column":36}},"4":{"start":{"line":8,"column":43},"end":{"line":8,"column":61}},"5":{"start":{"line":11,"column":31},"end":{"line":11,"column":38}},"6":{"start":{"line":13,"column":0},"end":{"line":686,"column":2}},"7":{"start":{"line":16,"column":18},"end":{"line":16,"column":36}},"8":{"start":{"line":16,"column":49},"end":{"line":16,"column":54}},"9":{"start":{"line":16,"column":63},"end":{"line":16,"column":69}},"10":{"start":{"line":16,"column":81},"end":{"line":16,"column":88}},"11":{"start":{"line":16,"column":97},"end":{"line":16,"column":105}},"12":{"start":{"line":18,"column":4},"end":{"line":21,"column":5}},"13":{"start":{"line":19,"column":8},"end":{"line":20,"column":45}},"14":{"start":{"line":20,"column":26},"end":{"line":20,"column":44}},"15":{"start":{"line":24,"column":4},"end":{"line":26,"column":6}},"16":{"start":{"line":25,"column":8},"end":{"line":25,"column":75}},"17":{"start":{"line":28,"column":4},"end":{"line":206,"column":6}},"18":{"start":{"line":29,"column":8},"end":{"line":49,"column":9}},"19":{"start":{"line":30,"column":12},"end":{"line":48,"column":18}},"20":{"start":{"line":32,"column":20},"end":{"line":32,"column":43}},"21":{"start":{"line":34,"column":20},"end":{"line":34,"column":73}},"22":{"start":{"line":37,"column":20},"end":{"line":37,"column":42}},"23":{"start":{"line":39,"column":20},"end":{"line":39,"column":50}},"24":{"start":{"line":42,"column":20},"end":{"line":42,"column":41}},"25":{"start":{"line":43,"column":20},"end":{"line":43,"column":54}},"26":{"start":{"line":44,"column":20},"end":{"line":44,"column":60}},"27":{"start":{"line":45,"column":20},"end":{"line":45,"column":52}},"28":{"start":{"line":46,"column":20},"end":{"line":46,"column":58}},"29":{"start":{"line":47,"column":20},"end":{"line":47,"column":38}},"30":{"start":{"line":51,"column":8},"end":{"line":58,"column":9}},"31":{"start":{"line":52,"column":12},"end":{"line":57,"column":91}},"32":{"start":{"line":54,"column":20},"end":{"line":54,"column":73}},"33":{"start":{"line":56,"column":30},"end":{"line":56,"column":33}},"34":{"start":{"line":57,"column":39},"end":{"line":57,"column":90}},"35":{"start":{"line":60,"column":8},"end":{"line":64,"column":9}},"36":{"start":{"line":61,"column":12},"end":{"line":63,"column":81}},"37":{"start":{"line":62,"column":30},"end":{"line":62,"column":33}},"38":{"start":{"line":63,"column":39},"end":{"line":63,"column":80}},"39":{"start":{"line":66,"column":8},"end":{"line":70,"column":9}},"40":{"start":{"line":67,"column":12},"end":{"line":69,"column":81}},"41":{"start":{"line":68,"column":30},"end":{"line":68,"column":33}},"42":{"start":{"line":69,"column":39},"end":{"line":69,"column":80}},"43":{"start":{"line":72,"column":8},"end":{"line":76,"column":9}},"44":{"start":{"line":73,"column":12},"end":{"line":75,"column":81}},"45":{"start":{"line":74,"column":30},"end":{"line":74,"column":33}},"46":{"start":{"line":75,"column":39},"end":{"line":75,"column":80}},"47":{"start":{"line":78,"column":8},"end":{"line":82,"column":9}},"48":{"start":{"line":79,"column":12},"end":{"line":81,"column":81}},"49":{"start":{"line":80,"column":30},"end":{"line":80,"column":33}},"50":{"start":{"line":81,"column":39},"end":{"line":81,"column":80}},"51":{"start":{"line":84,"column":8},"end":{"line":88,"column":9}},"52":{"start":{"line":85,"column":12},"end":{"line":87,"column":81}},"53":{"start":{"line":86,"column":30},"end":{"line":86,"column":33}},"54":{"start":{"line":87,"column":39},"end":{"line":87,"column":80}},"55":{"start":{"line":90,"column":8},"end":{"line":94,"column":9}},"56":{"start":{"line":91,"column":12},"end":{"line":93,"column":81}},"57":{"start":{"line":92,"column":30},"end":{"line":92,"column":33}},"58":{"start":{"line":93,"column":39},"end":{"line":93,"column":80}},"59":{"start":{"line":96,"column":8},"end":{"line":100,"column":9}},"60":{"start":{"line":97,"column":12},"end":{"line":99,"column":84}},"61":{"start":{"line":98,"column":30},"end":{"line":98,"column":33}},"62":{"start":{"line":99,"column":39},"end":{"line":99,"column":83}},"63":{"start":{"line":102,"column":8},"end":{"line":106,"column":9}},"64":{"start":{"line":103,"column":12},"end":{"line":105,"column":84}},"65":{"start":{"line":104,"column":30},"end":{"line":104,"column":33}},"66":{"start":{"line":105,"column":39},"end":{"line":105,"column":83}},"67":{"start":{"line":108,"column":8},"end":{"line":112,"column":9}},"68":{"start":{"line":109,"column":12},"end":{"line":111,"column":84}},"69":{"start":{"line":110,"column":30},"end":{"line":110,"column":33}},"70":{"start":{"line":111,"column":39},"end":{"line":111,"column":83}},"71":{"start":{"line":114,"column":8},"end":{"line":118,"column":9}},"72":{"start":{"line":115,"column":12},"end":{"line":117,"column":84}},"73":{"start":{"line":116,"column":30},"end":{"line":116,"column":33}},"74":{"start":{"line":117,"column":39},"end":{"line":117,"column":83}},"75":{"start":{"line":120,"column":8},"end":{"line":124,"column":9}},"76":{"start":{"line":121,"column":12},"end":{"line":123,"column":84}},"77":{"start":{"line":122,"column":30},"end":{"line":122,"column":33}},"78":{"start":{"line":123,"column":39},"end":{"line":123,"column":83}},"79":{"start":{"line":126,"column":8},"end":{"line":130,"column":9}},"80":{"start":{"line":127,"column":12},"end":{"line":129,"column":84}},"81":{"start":{"line":128,"column":30},"end":{"line":128,"column":33}},"82":{"start":{"line":129,"column":39},"end":{"line":129,"column":83}},"83":{"start":{"line":133,"column":8},"end":{"line":137,"column":9}},"84":{"start":{"line":134,"column":12},"end":{"line":136,"column":80}},"85":{"start":{"line":135,"column":30},"end":{"line":135,"column":33}},"86":{"start":{"line":136,"column":39},"end":{"line":136,"column":79}},"87":{"start":{"line":139,"column":8},"end":{"line":143,"column":9}},"88":{"start":{"line":140,"column":12},"end":{"line":142,"column":80}},"89":{"start":{"line":141,"column":30},"end":{"line":141,"column":33}},"90":{"start":{"line":142,"column":39},"end":{"line":142,"column":79}},"91":{"start":{"line":145,"column":8},"end":{"line":149,"column":9}},"92":{"start":{"line":146,"column":12},"end":{"line":148,"column":80}},"93":{"start":{"line":147,"column":30},"end":{"line":147,"column":33}},"94":{"start":{"line":148,"column":39},"end":{"line":148,"column":79}},"95":{"start":{"line":151,"column":8},"end":{"line":155,"column":9}},"96":{"start":{"line":152,"column":12},"end":{"line":154,"column":80}},"97":{"start":{"line":153,"column":30},"end":{"line":153,"column":33}},"98":{"start":{"line":154,"column":39},"end":{"line":154,"column":79}},"99":{"start":{"line":157,"column":8},"end":{"line":161,"column":9}},"100":{"start":{"line":158,"column":12},"end":{"line":160,"column":80}},"101":{"start":{"line":159,"column":30},"end":{"line":159,"column":33}},"102":{"start":{"line":160,"column":39},"end":{"line":160,"column":79}},"103":{"start":{"line":163,"column":8},"end":{"line":167,"column":9}},"104":{"start":{"line":164,"column":12},"end":{"line":166,"column":80}},"105":{"start":{"line":165,"column":30},"end":{"line":165,"column":33}},"106":{"start":{"line":166,"column":39},"end":{"line":166,"column":79}},"107":{"start":{"line":170,"column":8},"end":{"line":174,"column":9}},"108":{"start":{"line":171,"column":12},"end":{"line":173,"column":83}},"109":{"start":{"line":172,"column":30},"end":{"line":172,"column":33}},"110":{"start":{"line":173,"column":39},"end":{"line":173,"column":82}},"111":{"start":{"line":176,"column":8},"end":{"line":180,"column":9}},"112":{"start":{"line":177,"column":12},"end":{"line":179,"column":83}},"113":{"start":{"line":178,"column":30},"end":{"line":178,"column":33}},"114":{"start":{"line":179,"column":39},"end":{"line":179,"column":82}},"115":{"start":{"line":182,"column":8},"end":{"line":186,"column":9}},"116":{"start":{"line":183,"column":12},"end":{"line":185,"column":83}},"117":{"start":{"line":184,"column":30},"end":{"line":184,"column":33}},"118":{"start":{"line":185,"column":39},"end":{"line":185,"column":82}},"119":{"start":{"line":188,"column":8},"end":{"line":192,"column":9}},"120":{"start":{"line":189,"column":12},"end":{"line":191,"column":83}},"121":{"start":{"line":190,"column":30},"end":{"line":190,"column":33}},"122":{"start":{"line":191,"column":39},"end":{"line":191,"column":82}},"123":{"start":{"line":194,"column":8},"end":{"line":198,"column":9}},"124":{"start":{"line":195,"column":12},"end":{"line":197,"column":83}},"125":{"start":{"line":196,"column":30},"end":{"line":196,"column":33}},"126":{"start":{"line":197,"column":39},"end":{"line":197,"column":82}},"127":{"start":{"line":200,"column":8},"end":{"line":204,"column":9}},"128":{"start":{"line":201,"column":12},"end":{"line":203,"column":83}},"129":{"start":{"line":202,"column":30},"end":{"line":202,"column":33}},"130":{"start":{"line":203,"column":39},"end":{"line":203,"column":82}},"131":{"start":{"line":208,"column":4},"end":{"line":289,"column":6}},"132":{"start":{"line":209,"column":33},"end":{"line":209,"column":48}},"133":{"start":{"line":209,"column":70},"end":{"line":209,"column":78}},"134":{"start":{"line":209,"column":88},"end":{"line":209,"column":106}},"135":{"start":{"line":209,"column":119},"end":{"line":209,"column":124}},"136":{"start":{"line":209,"column":133},"end":{"line":209,"column":139}},"137":{"start":{"line":209,"column":151},"end":{"line":209,"column":158}},"138":{"start":{"line":212,"column":8},"end":{"line":212,"column":73}},"139":{"start":{"line":212,"column":25},"end":{"line":212,"column":72}},"140":{"start":{"line":214,"column":8},"end":{"line":221,"column":9}},"141":{"start":{"line":215,"column":12},"end":{"line":220,"column":18}},"142":{"start":{"line":217,"column":20},"end":{"line":217,"column":53}},"143":{"start":{"line":218,"column":20},"end":{"line":218,"column":51}},"144":{"start":{"line":219,"column":20},"end":{"line":219,"column":57}},"145":{"start":{"line":223,"column":8},"end":{"line":227,"column":9}},"146":{"start":{"line":224,"column":12},"end":{"line":226,"column":81}},"147":{"start":{"line":225,"column":30},"end":{"line":225,"column":33}},"148":{"start":{"line":226,"column":39},"end":{"line":226,"column":80}},"149":{"start":{"line":229,"column":8},"end":{"line":233,"column":9}},"150":{"start":{"line":230,"column":12},"end":{"line":232,"column":81}},"151":{"start":{"line":231,"column":30},"end":{"line":231,"column":33}},"152":{"start":{"line":232,"column":39},"end":{"line":232,"column":80}},"153":{"start":{"line":235,"column":8},"end":{"line":239,"column":9}},"154":{"start":{"line":236,"column":12},"end":{"line":238,"column":81}},"155":{"start":{"line":237,"column":30},"end":{"line":237,"column":33}},"156":{"start":{"line":238,"column":39},"end":{"line":238,"column":80}},"157":{"start":{"line":241,"column":8},"end":{"line":245,"column":9}},"158":{"start":{"line":242,"column":12},"end":{"line":244,"column":81}},"159":{"start":{"line":243,"column":30},"end":{"line":243,"column":33}},"160":{"start":{"line":244,"column":39},"end":{"line":244,"column":80}},"161":{"start":{"line":247,"column":8},"end":{"line":251,"column":9}},"162":{"start":{"line":248,"column":12},"end":{"line":250,"column":81}},"163":{"start":{"line":249,"column":30},"end":{"line":249,"column":33}},"164":{"start":{"line":250,"column":39},"end":{"line":250,"column":80}},"165":{"start":{"line":253,"column":8},"end":{"line":257,"column":9}},"166":{"start":{"line":254,"column":12},"end":{"line":256,"column":103}},"167":{"start":{"line":255,"column":30},"end":{"line":255,"column":33}},"168":{"start":{"line":256,"column":39},"end":{"line":256,"column":102}},"169":{"start":{"line":259,"column":8},"end":{"line":263,"column":9}},"170":{"start":{"line":260,"column":12},"end":{"line":262,"column":84}},"171":{"start":{"line":261,"column":30},"end":{"line":261,"column":33}},"172":{"start":{"line":262,"column":39},"end":{"line":262,"column":83}},"173":{"start":{"line":265,"column":8},"end":{"line":269,"column":9}},"174":{"start":{"line":266,"column":12},"end":{"line":268,"column":84}},"175":{"start":{"line":267,"column":30},"end":{"line":267,"column":33}},"176":{"start":{"line":268,"column":39},"end":{"line":268,"column":83}},"177":{"start":{"line":271,"column":8},"end":{"line":275,"column":9}},"178":{"start":{"line":272,"column":12},"end":{"line":274,"column":84}},"179":{"start":{"line":273,"column":30},"end":{"line":273,"column":33}},"180":{"start":{"line":274,"column":39},"end":{"line":274,"column":83}},"181":{"start":{"line":277,"column":8},"end":{"line":281,"column":9}},"182":{"start":{"line":278,"column":12},"end":{"line":280,"column":84}},"183":{"start":{"line":279,"column":30},"end":{"line":279,"column":33}},"184":{"start":{"line":280,"column":39},"end":{"line":280,"column":83}},"185":{"start":{"line":283,"column":8},"end":{"line":287,"column":9}},"186":{"start":{"line":284,"column":12},"end":{"line":286,"column":82}},"187":{"start":{"line":285,"column":30},"end":{"line":285,"column":33}},"188":{"start":{"line":286,"column":39},"end":{"line":286,"column":81}},"189":{"start":{"line":291,"column":4},"end":{"line":348,"column":6}},"190":{"start":{"line":292,"column":21},"end":{"line":292,"column":71}},"191":{"start":{"line":294,"column":20},"end":{"line":294,"column":77}},"192":{"start":{"line":295,"column":21},"end":{"line":295,"column":78}},"193":{"start":{"line":297,"column":24},"end":{"line":307,"column":10}},"194":{"start":{"line":309,"column":25},"end":{"line":319,"column":10}},"195":{"start":{"line":321,"column":8},"end":{"line":321,"column":51}},"196":{"start":{"line":323,"column":8},"end":{"line":330,"column":9}},"197":{"start":{"line":324,"column":12},"end":{"line":329,"column":14}},"198":{"start":{"line":332,"column":8},"end":{"line":341,"column":10}},"199":{"start":{"line":333,"column":23},"end":{"line":333,"column":42}},"200":{"start":{"line":334,"column":12},"end":{"line":340,"column":18}},"201":{"start":{"line":337,"column":20},"end":{"line":337,"column":82}},"202":{"start":{"line":338,"column":20},"end":{"line":338,"column":58}},"203":{"start":{"line":339,"column":20},"end":{"line":339,"column":66}},"204":{"start":{"line":343,"column":8},"end":{"line":347,"column":10}},"205":{"start":{"line":344,"column":12},"end":{"line":346,"column":87}},"206":{"start":{"line":345,"column":30},"end":{"line":345,"column":33}},"207":{"start":{"line":346,"column":39},"end":{"line":346,"column":86}},"208":{"start":{"line":350,"column":4},"end":{"line":384,"column":6}},"209":{"start":{"line":351,"column":21},"end":{"line":351,"column":71}},"210":{"start":{"line":353,"column":24},"end":{"line":363,"column":10}},"211":{"start":{"line":365,"column":8},"end":{"line":365,"column":37}},"212":{"start":{"line":368,"column":8},"end":{"line":373,"column":6}},"213":{"start":{"line":369,"column":12},"end":{"line":372,"column":14}},"214":{"start":{"line":375,"column":8},"end":{"line":383,"column":10}},"215":{"start":{"line":376,"column":23},"end":{"line":376,"column":42}},"216":{"start":{"line":377,"column":12},"end":{"line":382,"column":18}},"217":{"start":{"line":379,"column":20},"end":{"line":379,"column":82}},"218":{"start":{"line":380,"column":20},"end":{"line":380,"column":58}},"219":{"start":{"line":381,"column":20},"end":{"line":381,"column":66}},"220":{"start":{"line":386,"column":4},"end":{"line":436,"column":6}},"221":{"start":{"line":387,"column":24},"end":{"line":397,"column":10}},"222":{"start":{"line":399,"column":8},"end":{"line":402,"column":9}},"223":{"start":{"line":400,"column":12},"end":{"line":401,"column":43}},"224":{"start":{"line":401,"column":28},"end":{"line":401,"column":42}},"225":{"start":{"line":404,"column":8},"end":{"line":411,"column":9}},"226":{"start":{"line":405,"column":12},"end":{"line":410,"column":18}},"227":{"start":{"line":407,"column":20},"end":{"line":407,"column":82}},"228":{"start":{"line":408,"column":20},"end":{"line":408,"column":58}},"229":{"start":{"line":409,"column":20},"end":{"line":409,"column":66}},"230":{"start":{"line":413,"column":8},"end":{"line":417,"column":9}},"231":{"start":{"line":414,"column":12},"end":{"line":416,"column":81}},"232":{"start":{"line":415,"column":30},"end":{"line":415,"column":33}},"233":{"start":{"line":416,"column":39},"end":{"line":416,"column":80}},"234":{"start":{"line":419,"column":8},"end":{"line":423,"column":9}},"235":{"start":{"line":420,"column":12},"end":{"line":422,"column":81}},"236":{"start":{"line":421,"column":30},"end":{"line":421,"column":33}},"237":{"start":{"line":422,"column":39},"end":{"line":422,"column":80}},"238":{"start":{"line":425,"column":8},"end":{"line":429,"column":9}},"239":{"start":{"line":426,"column":12},"end":{"line":428,"column":86}},"240":{"start":{"line":427,"column":30},"end":{"line":427,"column":33}},"241":{"start":{"line":428,"column":39},"end":{"line":428,"column":85}},"242":{"start":{"line":431,"column":8},"end":{"line":435,"column":9}},"243":{"start":{"line":432,"column":12},"end":{"line":434,"column":86}},"244":{"start":{"line":433,"column":30},"end":{"line":433,"column":33}},"245":{"start":{"line":434,"column":39},"end":{"line":434,"column":85}},"246":{"start":{"line":438,"column":4},"end":{"line":473,"column":6}},"247":{"start":{"line":439,"column":24},"end":{"line":449,"column":10}},"248":{"start":{"line":451,"column":8},"end":{"line":454,"column":9}},"249":{"start":{"line":452,"column":12},"end":{"line":453,"column":43}},"250":{"start":{"line":453,"column":28},"end":{"line":453,"column":42}},"251":{"start":{"line":456,"column":8},"end":{"line":464,"column":10}},"252":{"start":{"line":457,"column":30},"end":{"line":457,"column":52}},"253":{"start":{"line":458,"column":12},"end":{"line":463,"column":18}},"254":{"start":{"line":460,"column":20},"end":{"line":460,"column":79}},"255":{"start":{"line":461,"column":20},"end":{"line":461,"column":55}},"256":{"start":{"line":462,"column":20},"end":{"line":462,"column":63}},"257":{"start":{"line":466,"column":8},"end":{"line":470,"column":9}},"258":{"start":{"line":467,"column":12},"end":{"line":469,"column":86}},"259":{"start":{"line":468,"column":30},"end":{"line":468,"column":33}},"260":{"start":{"line":469,"column":39},"end":{"line":469,"column":85}},"261":{"start":{"line":475,"column":4},"end":{"line":502,"column":6}},"262":{"start":{"line":476,"column":21},"end":{"line":476,"column":71}},"263":{"start":{"line":478,"column":8},"end":{"line":481,"column":9}},"264":{"start":{"line":479,"column":12},"end":{"line":480,"column":40}},"265":{"start":{"line":480,"column":28},"end":{"line":480,"column":39}},"266":{"start":{"line":483,"column":8},"end":{"line":493,"column":10}},"267":{"start":{"line":484,"column":27},"end":{"line":484,"column":46}},"268":{"start":{"line":485,"column":12},"end":{"line":492,"column":18}},"269":{"start":{"line":487,"column":20},"end":{"line":487,"column":54}},"270":{"start":{"line":488,"column":20},"end":{"line":488,"column":60}},"271":{"start":{"line":489,"column":20},"end":{"line":489,"column":52}},"272":{"start":{"line":490,"column":20},"end":{"line":490,"column":58}},"273":{"start":{"line":491,"column":20},"end":{"line":491,"column":52}},"274":{"start":{"line":495,"column":8},"end":{"line":499,"column":9}},"275":{"start":{"line":496,"column":12},"end":{"line":498,"column":83}},"276":{"start":{"line":497,"column":30},"end":{"line":497,"column":33}},"277":{"start":{"line":498,"column":39},"end":{"line":498,"column":82}},"278":{"start":{"line":504,"column":4},"end":{"line":579,"column":6}},"279":{"start":{"line":506,"column":21},"end":{"line":506,"column":71}},"280":{"start":{"line":507,"column":20},"end":{"line":507,"column":77}},"281":{"start":{"line":508,"column":24},"end":{"line":518,"column":10}},"282":{"start":{"line":520,"column":23},"end":{"line":520,"column":42}},"283":{"start":{"line":521,"column":26},"end":{"line":521,"column":48}},"284":{"start":{"line":523,"column":8},"end":{"line":533,"column":10}},"285":{"start":{"line":524,"column":12},"end":{"line":524,"column":27}},"286":{"start":{"line":525,"column":12},"end":{"line":525,"column":30}},"287":{"start":{"line":526,"column":12},"end":{"line":526,"column":26}},"288":{"start":{"line":528,"column":12},"end":{"line":532,"column":14}},"289":{"start":{"line":536,"column":8},"end":{"line":545,"column":10}},"290":{"start":{"line":537,"column":12},"end":{"line":544,"column":18}},"291":{"start":{"line":539,"column":20},"end":{"line":539,"column":42}},"292":{"start":{"line":540,"column":20},"end":{"line":540,"column":58}},"293":{"start":{"line":543,"column":20},"end":{"line":543,"column":57}},"294":{"start":{"line":547,"column":8},"end":{"line":551,"column":10}},"295":{"start":{"line":548,"column":12},"end":{"line":550,"column":93}},"296":{"start":{"line":549,"column":30},"end":{"line":549,"column":33}},"297":{"start":{"line":550,"column":39},"end":{"line":550,"column":92}},"298":{"start":{"line":553,"column":8},"end":{"line":557,"column":10}},"299":{"start":{"line":554,"column":12},"end":{"line":556,"column":93}},"300":{"start":{"line":555,"column":30},"end":{"line":555,"column":33}},"301":{"start":{"line":556,"column":39},"end":{"line":556,"column":92}},"302":{"start":{"line":559,"column":8},"end":{"line":564,"column":10}},"303":{"start":{"line":560,"column":12},"end":{"line":562,"column":128}},"304":{"start":{"line":561,"column":30},"end":{"line":561,"column":33}},"305":{"start":{"line":562,"column":39},"end":{"line":562,"column":127}},"306":{"start":{"line":566,"column":8},"end":{"line":571,"column":10}},"307":{"start":{"line":567,"column":12},"end":{"line":569,"column":93}},"308":{"start":{"line":568,"column":30},"end":{"line":568,"column":33}},"309":{"start":{"line":569,"column":39},"end":{"line":569,"column":92}},"310":{"start":{"line":573,"column":8},"end":{"line":578,"column":10}},"311":{"start":{"line":574,"column":12},"end":{"line":576,"column":128}},"312":{"start":{"line":575,"column":30},"end":{"line":575,"column":33}},"313":{"start":{"line":576,"column":39},"end":{"line":576,"column":127}},"314":{"start":{"line":581,"column":4},"end":{"line":628,"column":6}},"315":{"start":{"line":582,"column":21},"end":{"line":582,"column":71}},"316":{"start":{"line":583,"column":24},"end":{"line":593,"column":10}},"317":{"start":{"line":595,"column":23},"end":{"line":595,"column":42}},"318":{"start":{"line":596,"column":26},"end":{"line":596,"column":48}},"319":{"start":{"line":598,"column":8},"end":{"line":606,"column":10}},"320":{"start":{"line":599,"column":12},"end":{"line":599,"column":27}},"321":{"start":{"line":600,"column":12},"end":{"line":600,"column":30}},"322":{"start":{"line":602,"column":12},"end":{"line":605,"column":14}},"323":{"start":{"line":608,"column":8},"end":{"line":617,"column":10}},"324":{"start":{"line":609,"column":12},"end":{"line":616,"column":18}},"325":{"start":{"line":611,"column":20},"end":{"line":611,"column":42}},"326":{"start":{"line":612,"column":20},"end":{"line":612,"column":58}},"327":{"start":{"line":615,"column":20},"end":{"line":615,"column":57}},"328":{"start":{"line":620,"column":8},"end":{"line":627,"column":10}},"329":{"start":{"line":621,"column":12},"end":{"line":626,"column":114}},"330":{"start":{"line":623,"column":20},"end":{"line":623,"column":59}},"331":{"start":{"line":625,"column":30},"end":{"line":625,"column":33}},"332":{"start":{"line":626,"column":39},"end":{"line":626,"column":113}},"333":{"start":{"line":630,"column":4},"end":{"line":676,"column":6}},"334":{"start":{"line":631,"column":24},"end":{"line":641,"column":10}},"335":{"start":{"line":642,"column":21},"end":{"line":642,"column":93}},"336":{"start":{"line":644,"column":8},"end":{"line":652,"column":10}},"337":{"start":{"line":645,"column":12},"end":{"line":645,"column":27}},"338":{"start":{"line":646,"column":12},"end":{"line":646,"column":30}},"339":{"start":{"line":648,"column":12},"end":{"line":651,"column":14}},"340":{"start":{"line":654,"column":26},"end":{"line":654,"column":48}},"341":{"start":{"line":655,"column":23},"end":{"line":655,"column":42}},"342":{"start":{"line":657,"column":8},"end":{"line":666,"column":9}},"343":{"start":{"line":658,"column":12},"end":{"line":665,"column":17}},"344":{"start":{"line":660,"column":20},"end":{"line":660,"column":42}},"345":{"start":{"line":661,"column":20},"end":{"line":661,"column":58}},"346":{"start":{"line":664,"column":20},"end":{"line":664,"column":58}},"347":{"start":{"line":668,"column":8},"end":{"line":675,"column":9}},"348":{"start":{"line":669,"column":12},"end":{"line":674,"column":125}},"349":{"start":{"line":671,"column":20},"end":{"line":671,"column":55}},"350":{"start":{"line":673,"column":30},"end":{"line":673,"column":33}},"351":{"start":{"line":674,"column":39},"end":{"line":674,"column":124}},"352":{"start":{"line":678,"column":4},"end":{"line":684,"column":5}},"353":{"start":{"line":683,"column":22},"end":{"line":683,"column":46}}},"fnMap":{"0":{"name":"(anonymous_0)","decl":{"start":{"line":13,"column":18},"end":{"line":13,"column":19}},"loc":{"start":{"line":13,"column":24},"end":{"line":686,"column":1}},"line":13},"1":{"name":"(anonymous_1)","decl":{"start":{"line":18,"column":11},"end":{"line":18,"column":12}},"loc":{"start":{"line":19,"column":8},"end":{"line":20,"column":45}},"line":19},"2":{"name":"(anonymous_2)","decl":{"start":{"line":20,"column":18},"end":{"line":20,"column":19}},"loc":{"start":{"line":20,"column":26},"end":{"line":20,"column":44}},"line":20},"3":{"name":"(anonymous_3)","decl":{"start":{"line":24,"column":15},"end":{"line":24,"column":16}},"loc":{"start":{"line":24,"column":21},"end":{"line":26,"column":5}},"line":24},"4":{"name":"(anonymous_4)","decl":{"start":{"line":28,"column":38},"end":{"line":28,"column":39}},"loc":{"start":{"line":28,"column":44},"end":{"line":206,"column":5}},"line":28},"5":{"name":"(anonymous_5)","decl":{"start":{"line":29,"column":40},"end":{"line":29,"column":41}},"loc":{"start":{"line":30,"column":12},"end":{"line":48,"column":18}},"line":30},"6":{"name":"(anonymous_6)","decl":{"start":{"line":31,"column":22},"end":{"line":31,"column":23}},"loc":{"start":{"line":31,"column":30},"end":{"line":35,"column":17}},"line":31},"7":{"name":"(anonymous_7)","decl":{"start":{"line":36,"column":22},"end":{"line":36,"column":23}},"loc":{"start":{"line":36,"column":29},"end":{"line":40,"column":17}},"line":36},"8":{"name":"(anonymous_8)","decl":{"start":{"line":41,"column":22},"end":{"line":41,"column":23}},"loc":{"start":{"line":41,"column":30},"end":{"line":48,"column":17}},"line":41},"9":{"name":"(anonymous_9)","decl":{"start":{"line":51,"column":75},"end":{"line":51,"column":76}},"loc":{"start":{"line":52,"column":12},"end":{"line":57,"column":91}},"line":52},"10":{"name":"(anonymous_10)","decl":{"start":{"line":53,"column":22},"end":{"line":53,"column":23}},"loc":{"start":{"line":53,"column":28},"end":{"line":55,"column":17}},"line":53},"11":{"name":"(anonymous_11)","decl":{"start":{"line":56,"column":23},"end":{"line":56,"column":24}},"loc":{"start":{"line":56,"column":30},"end":{"line":56,"column":33}},"line":56},"12":{"name":"(anonymous_12)","decl":{"start":{"line":57,"column":22},"end":{"line":57,"column":23}},"loc":{"start":{"line":57,"column":39},"end":{"line":57,"column":90}},"line":57},"13":{"name":"(anonymous_13)","decl":{"start":{"line":60,"column":72},"end":{"line":60,"column":73}},"loc":{"start":{"line":61,"column":12},"end":{"line":63,"column":81}},"line":61},"14":{"name":"(anonymous_14)","decl":{"start":{"line":62,"column":23},"end":{"line":62,"column":24}},"loc":{"start":{"line":62,"column":30},"end":{"line":62,"column":33}},"line":62},"15":{"name":"(anonymous_15)","decl":{"start":{"line":63,"column":22},"end":{"line":63,"column":23}},"loc":{"start":{"line":63,"column":39},"end":{"line":63,"column":80}},"line":63},"16":{"name":"(anonymous_16)","decl":{"start":{"line":66,"column":68},"end":{"line":66,"column":69}},"loc":{"start":{"line":67,"column":12},"end":{"line":69,"column":81}},"line":67},"17":{"name":"(anonymous_17)","decl":{"start":{"line":68,"column":23},"end":{"line":68,"column":24}},"loc":{"start":{"line":68,"column":30},"end":{"line":68,"column":33}},"line":68},"18":{"name":"(anonymous_18)","decl":{"start":{"line":69,"column":22},"end":{"line":69,"column":23}},"loc":{"start":{"line":69,"column":39},"end":{"line":69,"column":80}},"line":69},"19":{"name":"(anonymous_19)","decl":{"start":{"line":72,"column":69},"end":{"line":72,"column":70}},"loc":{"start":{"line":73,"column":12},"end":{"line":75,"column":81}},"line":73},"20":{"name":"(anonymous_20)","decl":{"start":{"line":74,"column":23},"end":{"line":74,"column":24}},"loc":{"start":{"line":74,"column":30},"end":{"line":74,"column":33}},"line":74},"21":{"name":"(anonymous_21)","decl":{"start":{"line":75,"column":22},"end":{"line":75,"column":23}},"loc":{"start":{"line":75,"column":39},"end":{"line":75,"column":80}},"line":75},"22":{"name":"(anonymous_22)","decl":{"start":{"line":78,"column":70},"end":{"line":78,"column":71}},"loc":{"start":{"line":79,"column":12},"end":{"line":81,"column":81}},"line":79},"23":{"name":"(anonymous_23)","decl":{"start":{"line":80,"column":23},"end":{"line":80,"column":24}},"loc":{"start":{"line":80,"column":30},"end":{"line":80,"column":33}},"line":80},"24":{"name":"(anonymous_24)","decl":{"start":{"line":81,"column":22},"end":{"line":81,"column":23}},"loc":{"start":{"line":81,"column":39},"end":{"line":81,"column":80}},"line":81},"25":{"name":"(anonymous_25)","decl":{"start":{"line":84,"column":87},"end":{"line":84,"column":88}},"loc":{"start":{"line":85,"column":12},"end":{"line":87,"column":81}},"line":85},"26":{"name":"(anonymous_26)","decl":{"start":{"line":86,"column":23},"end":{"line":86,"column":24}},"loc":{"start":{"line":86,"column":30},"end":{"line":86,"column":33}},"line":86},"27":{"name":"(anonymous_27)","decl":{"start":{"line":87,"column":22},"end":{"line":87,"column":23}},"loc":{"start":{"line":87,"column":39},"end":{"line":87,"column":80}},"line":87},"28":{"name":"(anonymous_28)","decl":{"start":{"line":90,"column":85},"end":{"line":90,"column":86}},"loc":{"start":{"line":91,"column":12},"end":{"line":93,"column":81}},"line":91},"29":{"name":"(anonymous_29)","decl":{"start":{"line":92,"column":23},"end":{"line":92,"column":24}},"loc":{"start":{"line":92,"column":30},"end":{"line":92,"column":33}},"line":92},"30":{"name":"(anonymous_30)","decl":{"start":{"line":93,"column":22},"end":{"line":93,"column":23}},"loc":{"start":{"line":93,"column":39},"end":{"line":93,"column":80}},"line":93},"31":{"name":"(anonymous_31)","decl":{"start":{"line":96,"column":75},"end":{"line":96,"column":76}},"loc":{"start":{"line":97,"column":12},"end":{"line":99,"column":84}},"line":97},"32":{"name":"(anonymous_32)","decl":{"start":{"line":98,"column":23},"end":{"line":98,"column":24}},"loc":{"start":{"line":98,"column":30},"end":{"line":98,"column":33}},"line":98},"33":{"name":"(anonymous_33)","decl":{"start":{"line":99,"column":22},"end":{"line":99,"column":23}},"loc":{"start":{"line":99,"column":39},"end":{"line":99,"column":83}},"line":99},"34":{"name":"(anonymous_34)","decl":{"start":{"line":102,"column":71},"end":{"line":102,"column":72}},"loc":{"start":{"line":103,"column":12},"end":{"line":105,"column":84}},"line":103},"35":{"name":"(anonymous_35)","decl":{"start":{"line":104,"column":23},"end":{"line":104,"column":24}},"loc":{"start":{"line":104,"column":30},"end":{"line":104,"column":33}},"line":104},"36":{"name":"(anonymous_36)","decl":{"start":{"line":105,"column":22},"end":{"line":105,"column":23}},"loc":{"start":{"line":105,"column":39},"end":{"line":105,"column":83}},"line":105},"37":{"name":"(anonymous_37)","decl":{"start":{"line":108,"column":72},"end":{"line":108,"column":73}},"loc":{"start":{"line":109,"column":12},"end":{"line":111,"column":84}},"line":109},"38":{"name":"(anonymous_38)","decl":{"start":{"line":110,"column":23},"end":{"line":110,"column":24}},"loc":{"start":{"line":110,"column":30},"end":{"line":110,"column":33}},"line":110},"39":{"name":"(anonymous_39)","decl":{"start":{"line":111,"column":22},"end":{"line":111,"column":23}},"loc":{"start":{"line":111,"column":39},"end":{"line":111,"column":83}},"line":111},"40":{"name":"(anonymous_40)","decl":{"start":{"line":114,"column":73},"end":{"line":114,"column":74}},"loc":{"start":{"line":115,"column":12},"end":{"line":117,"column":84}},"line":115},"41":{"name":"(anonymous_41)","decl":{"start":{"line":116,"column":23},"end":{"line":116,"column":24}},"loc":{"start":{"line":116,"column":30},"end":{"line":116,"column":33}},"line":116},"42":{"name":"(anonymous_42)","decl":{"start":{"line":117,"column":22},"end":{"line":117,"column":23}},"loc":{"start":{"line":117,"column":39},"end":{"line":117,"column":83}},"line":117},"43":{"name":"(anonymous_43)","decl":{"start":{"line":120,"column":93},"end":{"line":120,"column":94}},"loc":{"start":{"line":121,"column":12},"end":{"line":123,"column":84}},"line":121},"44":{"name":"(anonymous_44)","decl":{"start":{"line":122,"column":23},"end":{"line":122,"column":24}},"loc":{"start":{"line":122,"column":30},"end":{"line":122,"column":33}},"line":122},"45":{"name":"(anonymous_45)","decl":{"start":{"line":123,"column":22},"end":{"line":123,"column":23}},"loc":{"start":{"line":123,"column":39},"end":{"line":123,"column":83}},"line":123},"46":{"name":"(anonymous_46)","decl":{"start":{"line":126,"column":88},"end":{"line":126,"column":89}},"loc":{"start":{"line":127,"column":12},"end":{"line":129,"column":84}},"line":127},"47":{"name":"(anonymous_47)","decl":{"start":{"line":128,"column":23},"end":{"line":128,"column":24}},"loc":{"start":{"line":128,"column":30},"end":{"line":128,"column":33}},"line":128},"48":{"name":"(anonymous_48)","decl":{"start":{"line":129,"column":22},"end":{"line":129,"column":23}},"loc":{"start":{"line":129,"column":39},"end":{"line":129,"column":83}},"line":129},"49":{"name":"(anonymous_49)","decl":{"start":{"line":133,"column":71},"end":{"line":133,"column":72}},"loc":{"start":{"line":134,"column":12},"end":{"line":136,"column":80}},"line":134},"50":{"name":"(anonymous_50)","decl":{"start":{"line":135,"column":23},"end":{"line":135,"column":24}},"loc":{"start":{"line":135,"column":30},"end":{"line":135,"column":33}},"line":135},"51":{"name":"(anonymous_51)","decl":{"start":{"line":136,"column":22},"end":{"line":136,"column":23}},"loc":{"start":{"line":136,"column":39},"end":{"line":136,"column":79}},"line":136},"52":{"name":"(anonymous_52)","decl":{"start":{"line":139,"column":67},"end":{"line":139,"column":68}},"loc":{"start":{"line":140,"column":12},"end":{"line":142,"column":80}},"line":140},"53":{"name":"(anonymous_53)","decl":{"start":{"line":141,"column":23},"end":{"line":141,"column":24}},"loc":{"start":{"line":141,"column":30},"end":{"line":141,"column":33}},"line":141},"54":{"name":"(anonymous_54)","decl":{"start":{"line":142,"column":22},"end":{"line":142,"column":23}},"loc":{"start":{"line":142,"column":39},"end":{"line":142,"column":79}},"line":142},"55":{"name":"(anonymous_55)","decl":{"start":{"line":145,"column":68},"end":{"line":145,"column":69}},"loc":{"start":{"line":146,"column":12},"end":{"line":148,"column":80}},"line":146},"56":{"name":"(anonymous_56)","decl":{"start":{"line":147,"column":23},"end":{"line":147,"column":24}},"loc":{"start":{"line":147,"column":30},"end":{"line":147,"column":33}},"line":147},"57":{"name":"(anonymous_57)","decl":{"start":{"line":148,"column":22},"end":{"line":148,"column":23}},"loc":{"start":{"line":148,"column":39},"end":{"line":148,"column":79}},"line":148},"58":{"name":"(anonymous_58)","decl":{"start":{"line":151,"column":69},"end":{"line":151,"column":70}},"loc":{"start":{"line":152,"column":12},"end":{"line":154,"column":80}},"line":152},"59":{"name":"(anonymous_59)","decl":{"start":{"line":153,"column":23},"end":{"line":153,"column":24}},"loc":{"start":{"line":153,"column":30},"end":{"line":153,"column":33}},"line":153},"60":{"name":"(anonymous_60)","decl":{"start":{"line":154,"column":22},"end":{"line":154,"column":23}},"loc":{"start":{"line":154,"column":39},"end":{"line":154,"column":79}},"line":154},"61":{"name":"(anonymous_61)","decl":{"start":{"line":157,"column":89},"end":{"line":157,"column":90}},"loc":{"start":{"line":158,"column":12},"end":{"line":160,"column":80}},"line":158},"62":{"name":"(anonymous_62)","decl":{"start":{"line":159,"column":23},"end":{"line":159,"column":24}},"loc":{"start":{"line":159,"column":30},"end":{"line":159,"column":33}},"line":159},"63":{"name":"(anonymous_63)","decl":{"start":{"line":160,"column":22},"end":{"line":160,"column":23}},"loc":{"start":{"line":160,"column":39},"end":{"line":160,"column":79}},"line":160},"64":{"name":"(anonymous_64)","decl":{"start":{"line":163,"column":84},"end":{"line":163,"column":85}},"loc":{"start":{"line":164,"column":12},"end":{"line":166,"column":80}},"line":164},"65":{"name":"(anonymous_65)","decl":{"start":{"line":165,"column":23},"end":{"line":165,"column":24}},"loc":{"start":{"line":165,"column":30},"end":{"line":165,"column":33}},"line":165},"66":{"name":"(anonymous_66)","decl":{"start":{"line":166,"column":22},"end":{"line":166,"column":23}},"loc":{"start":{"line":166,"column":39},"end":{"line":166,"column":79}},"line":166},"67":{"name":"(anonymous_67)","decl":{"start":{"line":170,"column":74},"end":{"line":170,"column":75}},"loc":{"start":{"line":171,"column":12},"end":{"line":173,"column":83}},"line":171},"68":{"name":"(anonymous_68)","decl":{"start":{"line":172,"column":23},"end":{"line":172,"column":24}},"loc":{"start":{"line":172,"column":30},"end":{"line":172,"column":33}},"line":172},"69":{"name":"(anonymous_69)","decl":{"start":{"line":173,"column":22},"end":{"line":173,"column":23}},"loc":{"start":{"line":173,"column":39},"end":{"line":173,"column":82}},"line":173},"70":{"name":"(anonymous_70)","decl":{"start":{"line":176,"column":70},"end":{"line":176,"column":71}},"loc":{"start":{"line":177,"column":12},"end":{"line":179,"column":83}},"line":177},"71":{"name":"(anonymous_71)","decl":{"start":{"line":178,"column":23},"end":{"line":178,"column":24}},"loc":{"start":{"line":178,"column":30},"end":{"line":178,"column":33}},"line":178},"72":{"name":"(anonymous_72)","decl":{"start":{"line":179,"column":22},"end":{"line":179,"column":23}},"loc":{"start":{"line":179,"column":39},"end":{"line":179,"column":82}},"line":179},"73":{"name":"(anonymous_73)","decl":{"start":{"line":182,"column":71},"end":{"line":182,"column":72}},"loc":{"start":{"line":183,"column":12},"end":{"line":185,"column":83}},"line":183},"74":{"name":"(anonymous_74)","decl":{"start":{"line":184,"column":23},"end":{"line":184,"column":24}},"loc":{"start":{"line":184,"column":30},"end":{"line":184,"column":33}},"line":184},"75":{"name":"(anonymous_75)","decl":{"start":{"line":185,"column":22},"end":{"line":185,"column":23}},"loc":{"start":{"line":185,"column":39},"end":{"line":185,"column":82}},"line":185},"76":{"name":"(anonymous_76)","decl":{"start":{"line":188,"column":72},"end":{"line":188,"column":73}},"loc":{"start":{"line":189,"column":12},"end":{"line":191,"column":83}},"line":189},"77":{"name":"(anonymous_77)","decl":{"start":{"line":190,"column":23},"end":{"line":190,"column":24}},"loc":{"start":{"line":190,"column":30},"end":{"line":190,"column":33}},"line":190},"78":{"name":"(anonymous_78)","decl":{"start":{"line":191,"column":22},"end":{"line":191,"column":23}},"loc":{"start":{"line":191,"column":39},"end":{"line":191,"column":82}},"line":191},"79":{"name":"(anonymous_79)","decl":{"start":{"line":194,"column":92},"end":{"line":194,"column":93}},"loc":{"start":{"line":195,"column":12},"end":{"line":197,"column":83}},"line":195},"80":{"name":"(anonymous_80)","decl":{"start":{"line":196,"column":23},"end":{"line":196,"column":24}},"loc":{"start":{"line":196,"column":30},"end":{"line":196,"column":33}},"line":196},"81":{"name":"(anonymous_81)","decl":{"start":{"line":197,"column":22},"end":{"line":197,"column":23}},"loc":{"start":{"line":197,"column":39},"end":{"line":197,"column":82}},"line":197},"82":{"name":"(anonymous_82)","decl":{"start":{"line":200,"column":87},"end":{"line":200,"column":88}},"loc":{"start":{"line":201,"column":12},"end":{"line":203,"column":83}},"line":201},"83":{"name":"(anonymous_83)","decl":{"start":{"line":202,"column":23},"end":{"line":202,"column":24}},"loc":{"start":{"line":202,"column":30},"end":{"line":202,"column":33}},"line":202},"84":{"name":"(anonymous_84)","decl":{"start":{"line":203,"column":22},"end":{"line":203,"column":23}},"loc":{"start":{"line":203,"column":39},"end":{"line":203,"column":82}},"line":203},"85":{"name":"(anonymous_85)","decl":{"start":{"line":208,"column":37},"end":{"line":208,"column":38}},"loc":{"start":{"line":208,"column":43},"end":{"line":289,"column":5}},"line":208},"86":{"name":"(anonymous_86)","decl":{"start":{"line":212,"column":19},"end":{"line":212,"column":20}},"loc":{"start":{"line":212,"column":25},"end":{"line":212,"column":72}},"line":212},"87":{"name":"(anonymous_87)","decl":{"start":{"line":214,"column":37},"end":{"line":214,"column":38}},"loc":{"start":{"line":215,"column":12},"end":{"line":220,"column":18}},"line":215},"88":{"name":"(anonymous_88)","decl":{"start":{"line":216,"column":22},"end":{"line":216,"column":23}},"loc":{"start":{"line":216,"column":29},"end":{"line":220,"column":17}},"line":216},"89":{"name":"(anonymous_89)","decl":{"start":{"line":223,"column":69},"end":{"line":223,"column":70}},"loc":{"start":{"line":224,"column":12},"end":{"line":226,"column":81}},"line":224},"90":{"name":"(anonymous_90)","decl":{"start":{"line":225,"column":23},"end":{"line":225,"column":24}},"loc":{"start":{"line":225,"column":30},"end":{"line":225,"column":33}},"line":225},"91":{"name":"(anonymous_91)","decl":{"start":{"line":226,"column":22},"end":{"line":226,"column":23}},"loc":{"start":{"line":226,"column":39},"end":{"line":226,"column":80}},"line":226},"92":{"name":"(anonymous_92)","decl":{"start":{"line":229,"column":65},"end":{"line":229,"column":66}},"loc":{"start":{"line":230,"column":12},"end":{"line":232,"column":81}},"line":230},"93":{"name":"(anonymous_93)","decl":{"start":{"line":231,"column":23},"end":{"line":231,"column":24}},"loc":{"start":{"line":231,"column":30},"end":{"line":231,"column":33}},"line":231},"94":{"name":"(anonymous_94)","decl":{"start":{"line":232,"column":22},"end":{"line":232,"column":23}},"loc":{"start":{"line":232,"column":39},"end":{"line":232,"column":80}},"line":232},"95":{"name":"(anonymous_95)","decl":{"start":{"line":235,"column":66},"end":{"line":235,"column":67}},"loc":{"start":{"line":236,"column":12},"end":{"line":238,"column":81}},"line":236},"96":{"name":"(anonymous_96)","decl":{"start":{"line":237,"column":23},"end":{"line":237,"column":24}},"loc":{"start":{"line":237,"column":30},"end":{"line":237,"column":33}},"line":237},"97":{"name":"(anonymous_97)","decl":{"start":{"line":238,"column":22},"end":{"line":238,"column":23}},"loc":{"start":{"line":238,"column":39},"end":{"line":238,"column":80}},"line":238},"98":{"name":"(anonymous_98)","decl":{"start":{"line":241,"column":61},"end":{"line":241,"column":62}},"loc":{"start":{"line":242,"column":12},"end":{"line":244,"column":81}},"line":242},"99":{"name":"(anonymous_99)","decl":{"start":{"line":243,"column":23},"end":{"line":243,"column":24}},"loc":{"start":{"line":243,"column":30},"end":{"line":243,"column":33}},"line":243},"100":{"name":"(anonymous_100)","decl":{"start":{"line":244,"column":22},"end":{"line":244,"column":23}},"loc":{"start":{"line":244,"column":39},"end":{"line":244,"column":80}},"line":244},"101":{"name":"(anonymous_101)","decl":{"start":{"line":247,"column":67},"end":{"line":247,"column":68}},"loc":{"start":{"line":248,"column":12},"end":{"line":250,"column":81}},"line":248},"102":{"name":"(anonymous_102)","decl":{"start":{"line":249,"column":23},"end":{"line":249,"column":24}},"loc":{"start":{"line":249,"column":30},"end":{"line":249,"column":33}},"line":249},"103":{"name":"(anonymous_103)","decl":{"start":{"line":250,"column":22},"end":{"line":250,"column":23}},"loc":{"start":{"line":250,"column":39},"end":{"line":250,"column":80}},"line":250},"104":{"name":"(anonymous_104)","decl":{"start":{"line":253,"column":71},"end":{"line":253,"column":72}},"loc":{"start":{"line":254,"column":12},"end":{"line":256,"column":103}},"line":254},"105":{"name":"(anonymous_105)","decl":{"start":{"line":255,"column":23},"end":{"line":255,"column":24}},"loc":{"start":{"line":255,"column":30},"end":{"line":255,"column":33}},"line":255},"106":{"name":"(anonymous_106)","decl":{"start":{"line":256,"column":22},"end":{"line":256,"column":23}},"loc":{"start":{"line":256,"column":39},"end":{"line":256,"column":102}},"line":256},"107":{"name":"(anonymous_107)","decl":{"start":{"line":259,"column":72},"end":{"line":259,"column":73}},"loc":{"start":{"line":260,"column":12},"end":{"line":262,"column":84}},"line":260},"108":{"name":"(anonymous_108)","decl":{"start":{"line":261,"column":23},"end":{"line":261,"column":24}},"loc":{"start":{"line":261,"column":30},"end":{"line":261,"column":33}},"line":261},"109":{"name":"(anonymous_109)","decl":{"start":{"line":262,"column":22},"end":{"line":262,"column":23}},"loc":{"start":{"line":262,"column":39},"end":{"line":262,"column":83}},"line":262},"110":{"name":"(anonymous_110)","decl":{"start":{"line":265,"column":68},"end":{"line":265,"column":69}},"loc":{"start":{"line":266,"column":12},"end":{"line":268,"column":84}},"line":266},"111":{"name":"(anonymous_111)","decl":{"start":{"line":267,"column":23},"end":{"line":267,"column":24}},"loc":{"start":{"line":267,"column":30},"end":{"line":267,"column":33}},"line":267},"112":{"name":"(anonymous_112)","decl":{"start":{"line":268,"column":22},"end":{"line":268,"column":23}},"loc":{"start":{"line":268,"column":39},"end":{"line":268,"column":83}},"line":268},"113":{"name":"(anonymous_113)","decl":{"start":{"line":271,"column":69},"end":{"line":271,"column":70}},"loc":{"start":{"line":272,"column":12},"end":{"line":274,"column":84}},"line":272},"114":{"name":"(anonymous_114)","decl":{"start":{"line":273,"column":23},"end":{"line":273,"column":24}},"loc":{"start":{"line":273,"column":30},"end":{"line":273,"column":33}},"line":273},"115":{"name":"(anonymous_115)","decl":{"start":{"line":274,"column":22},"end":{"line":274,"column":23}},"loc":{"start":{"line":274,"column":39},"end":{"line":274,"column":83}},"line":274},"116":{"name":"(anonymous_116)","decl":{"start":{"line":277,"column":76},"end":{"line":277,"column":77}},"loc":{"start":{"line":278,"column":12},"end":{"line":280,"column":84}},"line":278},"117":{"name":"(anonymous_117)","decl":{"start":{"line":279,"column":23},"end":{"line":279,"column":24}},"loc":{"start":{"line":279,"column":30},"end":{"line":279,"column":33}},"line":279},"118":{"name":"(anonymous_118)","decl":{"start":{"line":280,"column":22},"end":{"line":280,"column":23}},"loc":{"start":{"line":280,"column":39},"end":{"line":280,"column":83}},"line":280},"119":{"name":"(anonymous_119)","decl":{"start":{"line":283,"column":72},"end":{"line":283,"column":73}},"loc":{"start":{"line":284,"column":12},"end":{"line":286,"column":82}},"line":284},"120":{"name":"(anonymous_120)","decl":{"start":{"line":285,"column":23},"end":{"line":285,"column":24}},"loc":{"start":{"line":285,"column":30},"end":{"line":285,"column":33}},"line":285},"121":{"name":"(anonymous_121)","decl":{"start":{"line":286,"column":22},"end":{"line":286,"column":23}},"loc":{"start":{"line":286,"column":39},"end":{"line":286,"column":81}},"line":286},"122":{"name":"(anonymous_122)","decl":{"start":{"line":291,"column":39},"end":{"line":291,"column":40}},"loc":{"start":{"line":291,"column":45},"end":{"line":348,"column":5}},"line":291},"123":{"name":"(anonymous_123
[...]
"column":24}},"loc":{"start":{"line":415,"column":30},"end":{"line":415,"column":33}},"line":415},"140":{"name":"(anonymous_140)","decl":{"start":{"line":416,"column":22},"end":{"line":416,"column":23}},"loc":{"start":{"line":416,"column":39},"end":{"line":416,"column":80}},"line":416},"141":{"name":"(anonymous_141)","decl":{"start":{"line":419,"column":59},"end":{"line":419,"column":60}},"loc":{"start":{"line":420,"column":12},"end":{"line":422,"column":81}},"line":420},"142":{"name":"(anonymous_142)","decl":{"start":{"line":421,"column":23},"end":{"line":421,"column":24}},"loc":{"start":{"line":421,"column":30},"end":{"line":421,"column":33}},"line":421},"143":{"name":"(anonymous_143)","decl":{"start":{"line":422,"column":22},"end":{"line":422,"column":23}},"loc":{"start":{"line":422,"column":39},"end":{"line":422,"column":80}},"line":422},"144":{"name":"(anonymous_144)","decl":{"start":{"line":425,"column":57},"end":{"line":425,"column":58}},"loc":{"start":{"line":426,"column":12},"end":{"line":428,"column":86}},"line":426},"145":{"name":"(anonymous_145)","decl":{"start":{"line":427,"column":23},"end":{"line":427,"column":24}},"loc":{"start":{"line":427,"column":30},"end":{"line":427,"column":33}},"line":427},"146":{"name":"(anonymous_146)","decl":{"start":{"line":428,"column":22},"end":{"line":428,"column":23}},"loc":{"start":{"line":428,"column":39},"end":{"line":428,"column":85}},"line":428},"147":{"name":"(anonymous_147)","decl":{"start":{"line":431,"column":57},"end":{"line":431,"column":58}},"loc":{"start":{"line":432,"column":12},"end":{"line":434,"column":86}},"line":432},"148":{"name":"(anonymous_148)","decl":{"start":{"line":433,"column":23},"end":{"line":433,"column":24}},"loc":{"start":{"line":433,"column":30},"end":{"line":433,"column":33}},"line":433},"149":{"name":"(anonymous_149)","decl":{"start":{"line":434,"column":22},"end":{"line":434,"column":23}},"loc":{"start":{"line":434,"column":39},"end":{"line":434,"column":85}},"line":434},"150":{"name":"(anonymous_150)","decl":{"start":{"line":438,"column":41},"end":{"line":438,"column":42}},"loc":{"start":{"line":438,"column":47},"end":{"line":473,"column":5}},"line":438},"151":{"name":"(anonymous_151)","decl":{"start":{"line":451,"column":19},"end":{"line":451,"column":20}},"loc":{"start":{"line":452,"column":12},"end":{"line":453,"column":43}},"line":452},"152":{"name":"(anonymous_152)","decl":{"start":{"line":453,"column":22},"end":{"line":453,"column":23}},"loc":{"start":{"line":453,"column":28},"end":{"line":453,"column":42}},"line":453},"153":{"name":"(anonymous_153)","decl":{"start":{"line":456,"column":45},"end":{"line":456,"column":46}},"loc":{"start":{"line":456,"column":51},"end":{"line":464,"column":9}},"line":456},"154":{"name":"(anonymous_154)","decl":{"start":{"line":459,"column":22},"end":{"line":459,"column":23}},"loc":{"start":{"line":459,"column":34},"end":{"line":463,"column":17}},"line":459},"155":{"name":"(anonymous_155)","decl":{"start":{"line":466,"column":41},"end":{"line":466,"column":42}},"loc":{"start":{"line":467,"column":12},"end":{"line":469,"column":86}},"line":467},"156":{"name":"(anonymous_156)","decl":{"start":{"line":468,"column":23},"end":{"line":468,"column":24}},"loc":{"start":{"line":468,"column":30},"end":{"line":468,"column":33}},"line":468},"157":{"name":"(anonymous_157)","decl":{"start":{"line":469,"column":22},"end":{"line":469,"column":23}},"loc":{"start":{"line":469,"column":39},"end":{"line":469,"column":85}},"line":469},"158":{"name":"(anonymous_158)","decl":{"start":{"line":475,"column":38},"end":{"line":475,"column":39}},"loc":{"start":{"line":475,"column":44},"end":{"line":502,"column":5}},"line":475},"159":{"name":"(anonymous_159)","decl":{"start":{"line":478,"column":19},"end":{"line":478,"column":20}},"loc":{"start":{"line":479,"column":12},"end":{"line":480,"column":40}},"line":479},"160":{"name":"(anonymous_160)","decl":{"start":{"line":480,"column":22},"end":{"line":480,"column":23}},"loc":{"start":{"line":480,"column":28},"end":{"line":480,"column":39}},"line":480},"161":{"name":"(anonymous_161)","decl":{"start":{"line":483,"column":45},"end":{"line":483,"column":46}},"loc":{"start":{"line":483,"column":51},"end":{"line":493,"column":9}},"line":483},"162":{"name":"(anonymous_162)","decl":{"start":{"line":486,"column":22},"end":{"line":486,"column":23}},"loc":{"start":{"line":486,"column":30},"end":{"line":492,"column":17}},"line":486},"163":{"name":"(anonymous_163)","decl":{"start":{"line":495,"column":46},"end":{"line":495,"column":47}},"loc":{"start":{"line":496,"column":12},"end":{"line":498,"column":83}},"line":496},"164":{"name":"(anonymous_164)","decl":{"start":{"line":497,"column":23},"end":{"line":497,"column":24}},"loc":{"start":{"line":497,"column":30},"end":{"line":497,"column":33}},"line":497},"165":{"name":"(anonymous_165)","decl":{"start":{"line":498,"column":22},"end":{"line":498,"column":23}},"loc":{"start":{"line":498,"column":39},"end":{"line":498,"column":82}},"line":498},"166":{"name":"(anonymous_166)","decl":{"start":{"line":504,"column":32},"end":{"line":504,"column":33}},"loc":{"start":{"line":504,"column":38},"end":{"line":579,"column":5}},"line":504},"167":{"name":"(anonymous_167)","decl":{"start":{"line":523,"column":19},"end":{"line":523,"column":20}},"loc":{"start":{"line":523,"column":25},"end":{"line":533,"column":9}},"line":523},"168":{"name":"(anonymous_168)","decl":{"start":{"line":536,"column":31},"end":{"line":536,"column":32}},"loc":{"start":{"line":536,"column":37},"end":{"line":545,"column":9}},"line":536},"169":{"name":"(anonymous_169)","decl":{"start":{"line":538,"column":22},"end":{"line":538,"column":23}},"loc":{"start":{"line":538,"column":29},"end":{"line":541,"column":17}},"line":538},"170":{"name":"(anonymous_170)","decl":{"start":{"line":542,"column":22},"end":{"line":542,"column":23}},"loc":{"start":{"line":542,"column":29},"end":{"line":544,"column":17}},"line":542},"171":{"name":"(anonymous_171)","decl":{"start":{"line":547,"column":51},"end":{"line":547,"column":52}},"loc":{"start":{"line":547,"column":57},"end":{"line":551,"column":9}},"line":547},"172":{"name":"(anonymous_172)","decl":{"start":{"line":549,"column":23},"end":{"line":549,"column":24}},"loc":{"start":{"line":549,"column":30},"end":{"line":549,"column":33}},"line":549},"173":{"name":"(anonymous_173)","decl":{"start":{"line":550,"column":22},"end":{"line":550,"column":23}},"loc":{"start":{"line":550,"column":39},"end":{"line":550,"column":92}},"line":550},"174":{"name":"(anonymous_174)","decl":{"start":{"line":553,"column":50},"end":{"line":553,"column":51}},"loc":{"start":{"line":553,"column":56},"end":{"line":557,"column":9}},"line":553},"175":{"name":"(anonymous_175)","decl":{"start":{"line":555,"column":23},"end":{"line":555,"column":24}},"loc":{"start":{"line":555,"column":30},"end":{"line":555,"column":33}},"line":555},"176":{"name":"(anonymous_176)","decl":{"start":{"line":556,"column":22},"end":{"line":556,"column":23}},"loc":{"start":{"line":556,"column":39},"end":{"line":556,"column":92}},"line":556},"177":{"name":"(anonymous_177)","decl":{"start":{"line":559,"column":45},"end":{"line":559,"column":46}},"loc":{"start":{"line":559,"column":51},"end":{"line":564,"column":9}},"line":559},"178":{"name":"(anonymous_178)","decl":{"start":{"line":561,"column":23},"end":{"line":561,"column":24}},"loc":{"start":{"line":561,"column":30},"end":{"line":561,"column":33}},"line":561},"179":{"name":"(anonymous_179)","decl":{"start":{"line":562,"column":22},"end":{"line":562,"column":23}},"loc":{"start":{"line":562,"column":39},"end":{"line":562,"column":127}},"line":562},"180":{"name":"(anonymous_180)","decl":{"start":{"line":566,"column":46},"end":{"line":566,"column":47}},"loc":{"start":{"line":566,"column":52},"end":{"line":571,"column":9}},"line":566},"181":{"name":"(anonymous_181)","decl":{"start":{"line":568,"column":23},"end":{"line":568,"column":24}},"loc":{"start":{"line":568,"column":30},"end":{"line":568,"column":33}},"line":568},"182":{"name":"(anonymous_182)","decl":{"start":{"line":569,"column":22},"end":{"line":569,"column":23}},"loc":{"start":{"line":569,"column":39},"end":{"line":569,"column":92}},"line":569},"183":{"name":"(anonymous_183)","decl":{"start":{"line":573,"column":67},"end":{"line":573,"column":68}},"loc":{"start":{"line":573,"column":73},"end":{"line":578,"column":9}},"line":573},"184":{"name":"(anonymous_184)","decl":{"start":{"line":575,"column":23},"end":{"line":575,"column":24}},"loc":{"start":{"line":575,"column":30},"end":{"line":575,"column":33}},"line":575},"185":{"name":"(anonymous_185)","decl":{"start":{"line":576,"column":22},"end":{"line":576,"column":23}},"loc":{"start":{"line":576,"column":39},"end":{"line":576,"column":127}},"line":576},"186":{"name":"(anonymous_186)","decl":{"start":{"line":581,"column":33},"end":{"line":581,"column":34}},"loc":{"start":{"line":581,"column":39},"end":{"line":628,"column":5}},"line":581},"187":{"name":"(anonymous_187)","decl":{"start":{"line":598,"column":19},"end":{"line":598,"column":20}},"loc":{"start":{"line":598,"column":25},"end":{"line":606,"column":9}},"line":598},"188":{"name":"(anonymous_188)","decl":{"start":{"line":608,"column":32},"end":{"line":608,"column":33}},"loc":{"start":{"line":608,"column":38},"end":{"line":617,"column":9}},"line":608},"189":{"name":"(anonymous_189)","decl":{"start":{"line":610,"column":22},"end":{"line":610,"column":23}},"loc":{"start":{"line":610,"column":29},"end":{"line":613,"column":17}},"line":610},"190":{"name":"(anonymous_190)","decl":{"start":{"line":614,"column":22},"end":{"line":614,"column":23}},"loc":{"start":{"line":614,"column":29},"end":{"line":616,"column":17}},"line":614},"191":{"name":"(anonymous_191)","decl":{"start":{"line":620,"column":63},"end":{"line":620,"column":64}},"loc":{"start":{"line":620,"column":69},"end":{"line":627,"column":9}},"line":620},"192":{"name":"(anonymous_192)","decl":{"start":{"line":622,"column":22},"end":{"line":622,"column":23}},"loc":{"start":{"line":622,"column":28},"end":{"line":624,"column":17}},"line":622},"193":{"name":"(anonymous_193)","decl":{"start":{"line":625,"column":23},"end":{"line":625,"column":24}},"loc":{"start":{"line":625,"column":30},"end":{"line":625,"column":33}},"line":625},"194":{"name":"(anonymous_194)","decl":{"start":{"line":626,"column":22},"end":{"line":626,"column":23}},"loc":{"start":{"line":626,"column":39},"end":{"line":626,"column":113}},"line":626},"195":{"name":"(anonymous_195)","decl":{"start":{"line":630,"column":36},"end":{"line":630,"column":37}},"loc":{"start":{"line":630,"column":42},"end":{"line":676,"column":5}},"line":630},"196":{"name":"(anonymous_196)","decl":{"start":{"line":644,"column":19},"end":{"line":644,"column":20}},"loc":{"start":{"line":644,"column":25},"end":{"line":652,"column":9}},"line":644},"197":{"name":"(anonymous_197)","decl":{"start":{"line":657,"column":45},"end":{"line":657,"column":46}},"loc":{"start":{"line":658,"column":12},"end":{"line":665,"column":17}},"line":658},"198":{"name":"(anonymous_198)","decl":{"start":{"line":659,"column":22},"end":{"line":659,"column":23}},"loc":{"start":{"line":659,"column":28},"end":{"line":662,"column":17}},"line":659},"199":{"name":"(anonymous_199)","decl":{"start":{"line":663,"column":22},"end":{"line":663,"column":23}},"loc":{"start":{"line":664,"column":20},"end":{"line":664,"column":58}},"line":664},"200":{"name":"(anonymous_200)","decl":{"start":{"line":668,"column":65},"end":{"line":668,"column":66}},"loc":{"start":{"line":669,"column":12},"end":{"line":674,"column":125}},"line":669},"201":{"name":"(anonymous_201)","decl":{"start":{"line":670,"column":22},"end":{"line":670,"column":23}},"loc":{"start":{"line":671,"column":20},"end":{"line":671,"column":55}},"line":671},"202":{"name":"(anonymous_202)","decl":{"start":{"line":673,"column":23},"end":{"line":673,"column":24}},"loc":{"start":{"line":673,"column":30},"end":{"line":673,"column":33}},"line":673},"203":{"name":"(anonymous_203)","decl":{"start":{"line":674,"column":22},"end":{"line":674,"column":23}},"loc":{"start":{"line":674,"column":39},"end":{"line":674,"column":124}},"line":674},"204":{"name":"(anonymous_204)","decl":{"start":{"line":678,"column":10},"end":{"line":678,"column":11}},"loc":{"start":{"line":683,"column":22},"end":{"line":683,"column":46}},"line":683}},"branchMap":{"0":{"loc":{"start":{"line":28,"column":4},"end":{"line":206,"column":6}},"type":"binary-expr","locations":[{"start":{"line":28,"column":4},"end":{"line":28,"column":8}},{"start":{"line":28,"column":12},"end":{"line":206,"column":6}}],"line":28},"1":{"loc":{"start":{"line":208,"column":4},"end":{"line":289,"column":6}},"type":"binary-expr","locations":[{"start":{"line":208,"column":4},"end":{"line":208,"column":8}},{"start":{"line":208,"column":12},"end":{"line":289,"column":6}}],"line":208},"2":{"loc":{"start":{"line":291,"column":4},"end":{"line":348,"column":6}},"type":"binary-expr","locations":[{"start":{"line":291,"column":4},"end":{"line":291,"column":8}},{"start":{"line":291,"column":12},"end":{"line":348,"column":6}}],"line":291},"3":{"loc":{"start":{"line":350,"column":4},"end":{"line":384,"column":6}},"type":"binary-expr","locations":[{"start":{"line":350,"column":4},"end":{"line":350,"column":8}},{"start":{"line":350,"column":12},"end":{"line":384,"column":6}}],"line":350},"4":{"loc":{"start":{"line":386,"column":4},"end":{"line":436,"column":6}},"type":"binary-expr","locations":[{"start":{"line":386,"column":4},"end":{"line":386,"column":8}},{"start":{"line":386,"column":12},"end":{"line":436,"column":6}}],"line":386},"5":{"loc":{"start":{"line":438,"column":4},"end":{"line":473,"column":6}},"type":"binary-expr","locations":[{"start":{"line":438,"column":4},"end":{"line":438,"column":8}},{"start":{"line":438,"column":12},"end":{"line":473,"column":6}}],"line":438},"6":{"loc":{"start":{"line":475,"column":4},"end":{"line":502,"column":6}},"type":"binary-expr","locations":[{"start":{"line":475,"column":4},"end":{"line":475,"column":8}},{"start":{"line":475,"column":12},"end":{"line":502,"column":6}}],"line":475},"7":{"loc":{"start":{"line":504,"column":4},"end":{"line":579,"column":6}},"type":"binary-expr","locations":[{"start":{"line":504,"column":4},"end":{"line":504,"column":8}},{"start":{"line":504,"column":12},"end":{"line":579,"column":6}}],"line":504},"8":{"loc":{"start":{"line":581,"column":4},"end":{"line":628,"column":6}},"type":"binary-expr","locations":[{"start":{"line":581,"column":4},"end":{"line":581,"column":8}},{"start":{"line":581,"column":12},"end":{"line":628,"column":6}}],"line":581},"9":{"loc":{"start":{"line":630,"column":4},"end":{"line":676,"column":6}},"type":"binary-expr","locations":[{"start":{"line":630,"column":4},"end":{"line":630,"column":8}},{"start":{"line":630,"column":12},"end":{"line":676,"column":6}}],"line":630}},"s":{"0":1,"1":1,"2":1,"3":1,"4":1,"5":1,"6":1,"7":1,"8":1,"9":1,"10":1,"11":1,"12":1,"13":1,"14":1,"15":1,"16":60,"17":1,"18":1,"19":1,"20":1,"21":1,"22":1,"23":1,"24":1,"25":1,"26":1,"27":1,"28":1,"29":1,"30":1,"31":1,"32":1,"33":1,"34":1,"35":1,"36":1,"37":1,"38":1,"39":1,"40":1,"41":1,"42":1,"43":1,"44":1,"45":1,"46":1,"47":1,"48":1,"49":1,"50":1,"51":1,"52":1,"53":1,"54":1,"55":1,"56":1,"57":1,"58":1,"59":1,"60":1,"61":1,"62":1,"63":1,"64":1,"65":1,"66":1,"67":1,"68":1,"69":1,"70":1,"71":1,"72":1,"73":1,"74":1,"75":1,"76":1,"77":1,"78":1,"79":1,"80":1,"81":1,"82":1,"83":1,"84":1,"85":1,"86":1,"87":1,"88":1,"89":1,"90":1,"91":1,"92":1,"93":1,"94":1,"95":1,"96":1,"97":1,"98":1,"99":1,"100":1,"101":1,"102":1,"103":1,"104":1,"105":1,"106":1,"107":1,"108":1,"109":1,"110":1,"111":1,"112":1,"113":1,"114":1,"115":1,"116":1,"117":1,"118":1,"119":1,"120":1,"121":1,"122":1,"123":1,"124":1,"125":1,"126":1,"127":1,"128":1,"129":1,"130":1,"131":1,"132":1,"133":1,"134":1,"135":1,"136":1,"137":1,"138":1,"139":12,"140":1,"141":1,"142":1,"143":1,"144":1,"145":1,"146":1,"147":1,"148":1,"149":1,"150":1,"151":1,"152":1,"153":1,"154":1,"155":1,"156":1,"157":1,"158":1,"159":1,"160":1,"161":1,"162":1,"163":1,"164":1,"165":1,"166":1,"167":1,"168":1,"169":1,"170":1,"171":1,"172":1,"173":1,"174":1,"175":1,"176":1,"177":1,"178":1,"179":1,"180":1,"181":1,"182":1,"183":1,"184":1,"185":1,"186":1,"187":1,"188":1,"189":1,"190":1,"191":1,"192":1,"193":1,"194":1,"195":1,"196":1,"197":2,"198":1,"199":1,"200":1,"201":1,"202":1,"203":1,"204":1,"205":1,"206":1,"207":1,"208":1,"209":1,"210":1,"211":1,"212":1,"213":1,"214":1,"215":1,"216":1,"217":1,"218":1,"219":1,"220":1,"221":1,"222":1,"223":5,"224":5,"225":1,"226":1,"227":1,"228":1,"229":1,"230":1,"231":1,"232":1,"233":1,"234":1,"235":1,"236":1,"237":1,"238":1,"239":1,"240":1,"241":1,"242":1,"243":1,"244":1,"245":1,"246":1,"247":1,"248":1,"249":2,"250":2,"251":1,"252":1,"253":1,"254":1,"255":1,"256":1,"257":1,"258":1,"259":1,"260":1,"261":1,"262":1,"263":1,"264":2,"265":2,"266":1,"267":1,"268":1,"269":1,"270":1,"271":1,"272":1,"273":1,"274":1,"275":1,"276":1,"277":1,"278":1,"279":1,"280":1,"281":1,"282":1,"283":1,"284":1,"285":6,"286":6,"287":6,"288":6,"289":1,"290":1,"291":1,"292":1,"293":1,"294":1,"295":1,"296":1,"297":1,"298":1,"299":1,"300":1,"301":1,"302":1,"303":1,"304":1,"305":1,"306":1,"307":1,"308":1,"309":1,"310":1,"311":1,"312":1,"313":1,"314":1,"315":1,"316":1,"317":1,"318":1,"319":1,"320":2,"321":2,"322":2,"323":1,"324":1,"325":1,"326":1,"327":1,"328":1,"329":1,"330":1,"331":1,"332":1,"333":1,"334":1,"335":1,"336":1,"337":2,"338":2,"339":2,"340":1,"341":1,"342":1,"343":1,"344":1,"345":1,"346":1,"347":1,"348":1,"349":1,"350":1,"351":1,"352":1,"353":1},"f":{"0":1,"1":1,"2":1,"3":60,"4":1,"5":1,"6":1,"7":1,"8":1,"9":1,"10":1,"11":1,"12":1,"13":1,"14":1,"15":1,"16":1,"17":1,"18":1,"19":1,"20":1,"21":1,"22":1,"23":1,"24":1,"25":1,"26":1,"27":1,"28":1,"29":1,"30":1,"31":1,"32":1,"33":1,"34":1,"35":1,"36":1,"37":1,"38":1,"39":1,"40":1,"41":1,"42":1,"43":1,"44":1,"45":1,"46":1,"47":1,"48":1,"49":1,"50":1,"51":1,"52":1,"53":1,"54":1,"55":1,"56":1,"57":1,"58":1,"59":1,"60":1,"61":1,"62":1,"63":1,"64":1,"65":1,"66":1,"67":1,"68":1,"69":1,"70":1,"71":1,"72":1,"73":1,"74":1,"75":1,"76":1,"77":1,"78":1,"79":1,"80":1,"81":1,"82":1,"83":1,"84":1,"85":1,"86":12,"87":1,"88":1,"89":1,"90":1,"91":1,"92":1,"93":1,"94":1,"95":1,"96":1,"97":1,"98":1,"99":1,"100":1,"101":1,"102":1,"103":1,"104":1,"105":1,"106":1,"107":1,"108":1,"109":1,"110":1,"111":1,"112":1,"113":1,"114":1,"115":1,"116":1,"117":1,"118":1,"119":1,"120":1,"121":1,"122":1,"123":2,"124":1,"125":1,"126":1,"127":1,"128":1,"129":1,"130":1,"131":1,"132":1,"133":1,"134":5,"135":5,"136":1,"137":1,"138":1,"139":1,"140":1,"141":1,"142":1,"143":1,"144":1,"145":1,"146":1,"147":1,"148":1,"149":1,"150":1,"151":2,"152":2,"153":1,"154":1,"155":1,"156":1,"157":1,"158":1,"159":2,"160":2,"161":1,"162":1,"163":1,"164":1,"165":1,"166":1,"167":6,"168":1,"169":1,"170":1,"171":1,"172":1,"173":1,"174":1,"175":1,"176":1,"177":1,"178":1,"179":1,"180":1,"181":1,"182":1,"183":1,"184":1,"185":1,"186":1,"187":2,"188":1,"189":1,"190":1,"191":1,"192":1,"193":1,"194":1,"195":1,"196":2,"197":1,"198":1,"199":1,"200":1,"201":1,"202":1,"203":1,"204":1},"b":{"0":[1,1],"1":[1,1],"2":[1,1],"3":[1,1],"4":[1,1],"5":[1,1],"6":[1,1],"7":[1,1],"8":[1,1],"9":[1,1]},"_coverageSchema":"d34fc3e6b8297bcde183f5492bcb8fcb36775295","hash":"296bbe3c602477bf321adc175e4e57e89172435b","contentHash":"ed281cca0c2803896b886eee6ce16109"},"C:\\Users\\Javi\\Desktop\\thunder_bid\\server\\data\\index.js":{"path":"C:\\Users\\Javi\\Desktop\\thunder_bid\\server\\data\\index.js","statementMap":{"0":{"start":{"line":3,"column":17},"end":{"line":3,"column":36}},"1":{"start":{"line":4,"column":15},"end":{"line":4,"column":34}},"2":{"start":{"line":6,"column":0},"end":{"line":6,"column":37}}},"fnMap":{},"branchMap":{},"s":{"0":1,"1":1,"2":1},"f":{},"b":{},"_coverageSchema":"d34fc3e6b8297bcde183f5492bcb8fcb36775295","hash":"3cb46b31e96437f349d892e69723526e59479272","contentHash":"ec6b9ca0154f095f856c986ceb92042b"}}