{"/Users/Gerard/bootcamp/collab/skylab-bootcamp-201807/staff/gerard-baste/jelzi/jelzi-api/logic/index.js":{"path":"/Users/Gerard/bootcamp/collab/skylab-bootcamp-201807/staff/gerard-baste/jelzi/jelzi-api/logic/index.js","statementMap":{"0":{"start":{"line":3,"column":22},"end":{"line":3,"column":56}},"1":{"start":{"line":8,"column":4},"end":{"line":8,"column":29}},"2":{"start":{"line":10,"column":32},"end":{"line":10,"column":51}},"3":{"start":{"line":12,"column":12},"end":{"line":12,"column":45}},"4":{"start":{"line":13,"column":14},"end":{"line":13,"column":41}},"5":{"start":{"line":15,"column":14},"end":{"line":410,"column":1}},"6":{"start":{"line":17,"column":8},"end":{"line":17,"column":95}},"7":{"start":{"line":17,"column":56},"end":{"line":17,"column":95}},"8":{"start":{"line":21,"column":8},"end":{"line":21,"column":72}},"9":{"start":{"line":21,"column":35},"end":{"line":21,"column":72}},"10":{"start":{"line":25,"column":8},"end":{"line":25,"column":78}},"11":{"start":{"line":25,"column":39},"end":{"line":25,"column":78}},"12":{"start":{"line":29,"column":8},"end":{"line":29,"column":91}},"13":{"start":{"line":29,"column":52},"end":{"line":29,"column":91}},"14":{"start":{"line":33,"column":8},"end":{"line":59,"column":29}},"15":{"start":{"line":35,"column":16},"end":{"line":35,"column":42}},"16":{"start":{"line":36,"column":16},"end":{"line":36,"column":63}},"17":{"start":{"line":37,"column":16},"end":{"line":37,"column":63}},"18":{"start":{"line":39,"column":16},"end":{"line":39,"column":46}},"19":{"start":{"line":42,"column":16},"end":{"line":42,"column":88}},"20":{"start":{"line":42,"column":26},"end":{"line":42,"column":88}},"21":{"start":{"line":44,"column":30},"end":{"line":44,"column":32}},"22":{"start":{"line":45,"column":16},"end":{"line":55,"column":17}},"23":{"start":{"line":45,"column":31},"end":{"line":50,"column":17}},"24":{"start":{"line":51,"column":21},"end":{"line":55,"column":17}},"25":{"start":{"line":57,"column":16},"end":{"line":57,"column":43}},"26":{"start":{"line":59,"column":24},"end":{"line":59,"column":28}},"27":{"start":{"line":63,"column":8},"end":{"line":78,"column":14}},"28":{"start":{"line":65,"column":16},"end":{"line":65,"column":42}},"29":{"start":{"line":66,"column":16},"end":{"line":66,"column":63}},"30":{"start":{"line":68,"column":16},"end":{"line":70,"column":18}},"31":{"start":{"line":73,"column":16},"end":{"line":73,"column":90}},"32":{"start":{"line":73,"column":27},"end":{"line":73,"column":90}},"33":{"start":{"line":75,"column":16},"end":{"line":75,"column":86}},"34":{"start":{"line":75,"column":48},"end":{"line":75,"column":86}},"35":{"start":{"line":77,"column":16},"end":{"line":77,"column":30}},"36":{"start":{"line":82,"column":8},"end":{"line":100,"column":29}},"37":{"start":{"line":84,"column":16},"end":{"line":84,"column":42}},"38":{"start":{"line":85,"column":16},"end":{"line":85,"column":63}},"39":{"start":{"line":87,"column":16},"end":{"line":87,"column":46}},"40":{"start":{"line":90,"column":16},"end":{"line":90,"column":90}},"41":{"start":{"line":90,"column":27},"end":{"line":90,"column":90}},"42":{"start":{"line":92,"column":16},"end":{"line":92,"column":86}},"43":{"start":{"line":92,"column":48},"end":{"line":92,"column":86}},"44":{"start":{"line":94,"column":16},"end":{"line":94,"column":74}},"45":{"start":{"line":94,"column":35},"end":{"line":94,"column":74}},"46":{"start":{"line":96,"column":16},"end":{"line":96,"column":45}},"47":{"start":{"line":98,"column":16},"end":{"line":98,"column":34}},"48":{"start":{"line":100,"column":24},"end":{"line":100,"column":28}},"49":{"start":{"line":104,"column":8},"end":{"line":122,"column":29}},"50":{"start":{"line":106,"column":16},"end":{"line":106,"column":42}},"51":{"start":{"line":107,"column":16},"end":{"line":107,"column":57}},"52":{"start":{"line":109,"column":16},"end":{"line":109,"column":46}},"53":{"start":{"line":112,"column":16},"end":{"line":112,"column":90}},"54":{"start":{"line":112,"column":27},"end":{"line":112,"column":90}},"55":{"start":{"line":114,"column":16},"end":{"line":114,"column":63}},"56":{"start":{"line":114,"column":28},"end":{"line":114,"column":63}},"57":{"start":{"line":116,"column":29},"end":{"line":116,"column":36}},"58":{"start":{"line":118,"column":16},"end":{"line":118,"column":47}},"59":{"start":{"line":120,"column":16},"end":{"line":120,"column":34}},"60":{"start":{"line":122,"column":24},"end":{"line":122,"column":28}},"61":{"start":{"line":126,"column":8},"end":{"line":165,"column":14}},"62":{"start":{"line":128,"column":16},"end":{"line":128,"column":42}},"63":{"start":{"line":129,"column":16},"end":{"line":129,"column":66}},"64":{"start":{"line":130,"column":16},"end":{"line":130,"column":64}},"65":{"start":{"line":132,"column":16},"end":{"line":132,"column":57}},"66":{"start":{"line":134,"column":16},"end":{"line":134,"column":46}},"67":{"start":{"line":137,"column":16},"end":{"line":137,"column":90}},"68":{"start":{"line":137,"column":27},"end":{"line":137,"column":90}},"69":{"start":{"line":139,"column":16},"end":{"line":139,"column":72}},"70":{"start":{"line":139,"column":32},"end":{"line":139,"column":72}},"71":{"start":{"line":141,"column":16},"end":{"line":141,"column":70}},"72":{"start":{"line":141,"column":31},"end":{"line":141,"column":70}},"73":{"start":{"line":143,"column":16},"end":{"line":143,"column":70}},"74":{"start":{"line":143,"column":28},"end":{"line":143,"column":70}},"75":{"start":{"line":145,"column":29},"end":{"line":145,"column":57}},"76":{"start":{"line":147,"column":33},"end":{"line":147,"column":88}},"77":{"start":{"line":147,"column":57},"end":{"line":147,"column":87}},"78":{"start":{"line":148,"column":16},"end":{"line":148,"column":71}},"79":{"start":{"line":148,"column":33},"end":{"line":148,"column":71}},"80":{"start":{"line":157,"column":20},"end":{"line":163,"column":23}},"81":{"start":{"line":159,"column":24},"end":{"line":162,"column":25}},"82":{"start":{"line":160,"column":28},"end":{"line":160,"column":63}},"83":{"start":{"line":161,"column":28},"end":{"line":161,"column":46}},"84":{"start":{"line":164,"column":16},"end":{"line":164,"column":27}},"85":{"start":{"line":170,"column":8},"end":{"line":188,"column":29}},"86":{"start":{"line":172,"column":16},"end":{"line":172,"column":42}},"87":{"start":{"line":173,"column":16},"end":{"line":173,"column":60}},"88":{"start":{"line":174,"column":16},"end":{"line":174,"column":56}},"89":{"start":{"line":176,"column":16},"end":{"line":176,"column":77}},"90":{"start":{"line":179,"column":16},"end":{"line":179,"column":90}},"91":{"start":{"line":179,"column":27},"end":{"line":179,"column":90}},"92":{"start":{"line":181,"column":31},"end":{"line":181,"column":93}},"93":{"start":{"line":181,"column":55},"end":{"line":181,"column":85}},"94":{"start":{"line":182,"column":28},"end":{"line":182,"column":80}},"95":{"start":{"line":182,"column":53},"end":{"line":182,"column":79}},"96":{"start":{"line":184,"column":16},"end":{"line":184,"column":37}},"97":{"start":{"line":186,"column":16},"end":{"line":186,"column":34}},"98":{"start":{"line":188,"column":24},"end":{"line":188,"column":28}},"99":{"start":{"line":193,"column":8},"end":{"line":213,"column":29}},"100":{"start":{"line":195,"column":16},"end":{"line":195,"column":42}},"101":{"start":{"line":196,"column":16},"end":{"line":196,"column":60}},"102":{"start":{"line":198,"column":16},"end":{"line":198,"column":46}},"103":{"start":{"line":201,"column":16},"end":{"line":201,"column":90}},"104":{"start":{"line":201,"column":27},"end":{"line":201,"column":90}},"105":{"start":{"line":203,"column":33},"end":{"line":203,"column":88}},"106":{"start":{"line":203,"column":57},"end":{"line":203,"column":87}},"107":{"start":{"line":205,"column":16},"end":{"line":205,"column":71}},"108":{"start":{"line":205,"column":33},"end":{"line":205,"column":71}},"109":{"start":{"line":207,"column":28},"end":{"line":207,"column":88}},"110":{"start":{"line":207,"column":57},"end":{"line":207,"column":87}},"111":{"start":{"line":209,"column":16},"end":{"line":209,"column":41}},"112":{"start":{"line":211,"column":16},"end":{"line":211,"column":34}},"113":{"start":{"line":213,"column":24},"end":{"line":213,"column":28}},"114":{"start":{"line":217,"column":8},"end":{"line":225,"column":26}},"115":{"start":{"line":219,"column":16},"end":{"line":219,"column":42}},"116":{"start":{"line":220,"column":20},"end":{"line":220,"column":50}},"117":{"start":{"line":223,"column":24},"end":{"line":223,"column":86}},"118":{"start":{"line":223,"column":34},"end":{"line":223,"column":86}},"119":{"start":{"line":224,"column":24},"end":{"line":224,"column":67}},"120":{"start":{"line":224,"column":62},"end":{"line":224,"column":66}},"121":{"start":{"line":229,"column":8},"end":{"line":242,"column":18}},"122":{"start":{"line":231,"column":16},"end":{"line":231,"column":42}},"123":{"start":{"line":232,"column":16},"end":{"line":232,"column":60}},"124":{"start":{"line":234,"column":16},"end":{"line":234,"column":46}},"125":{"start":{"line":237,"column":20},"end":{"line":237,"column":81}},"126":{"start":{"line":237,"column":30},"end":{"line":237,"column":81}},"127":{"start":{"line":239,"column":20},"end":{"line":239,"column":71}},"128":{"start":{"line":239,"column":32},"end":{"line":239,"column":71}},"129":{"start":{"line":241,"column":20},"end":{"line":241,"column":77}},"130":{"start":{"line":241,"column":51},"end":{"line":241,"column":69}},"131":{"start":{"line":247,"column":22},"end":{"line":247,"column":32}},"132":{"start":{"line":248,"column":17},"end":{"line":248,"column":51}},"133":{"start":{"line":249,"column":22},"end":{"line":249,"column":24}},"134":{"start":{"line":251,"column":8},"end":{"line":298,"column":14}},"135":{"start":{"line":253,"column":16},"end":{"line":253,"column":42}},"136":{"start":{"line":254,"column":16},"end":{"line":254,"column":60}},"137":{"start":{"line":255,"column":16},"end":{"line":255,"column":56}},"138":{"start":{"line":256,"column":16},"end":{"line":256,"column":77}},"139":{"start":{"line":260,"column":16},"end":{"line":260,"column":90}},"140":{"start":{"line":260,"column":27},"end":{"line":260,"column":90}},"141":{"start":{"line":262,"column":16},"end":{"line":262,"column":79}},"142":{"start":{"line":262,"column":48},"end":{"line":262,"column":78}},"143":{"start":{"line":266,"column":29},"end":{"line":266,"column":201}},"144":{"start":{"line":266,"column":53},"end":{"line":266,"column":200}},"145":{"start":{"line":268,"column":16},"end":{"line":297,"column":18}},"146":{"start":{"line":269,"column":20},"end":{"line":269,"column":77}},"147":{"start":{"line":269,"column":59},"end":{"line":269,"column":74}},"148":{"start":{"line":271,"column":20},"end":{"line":294,"column":22}},"149":{"start":{"line":272,"column":39},"end":{"line":272,"column":49}},"150":{"start":{"line":273,"column":43},"end":{"line":291,"column":29}},"151":{"start":{"line":293,"column":24},"end":{"line":293,"column":52}},"152":{"start":{"line":295,"column":20},"end":{"line":295,"column":29}},"153":{"start":{"line":296,"column":20},"end":{"line":296,"column":38}},"154":{"start":{"line":303,"column":22},"end":{"line":303,"column":32}},"155":{"start":{"line":304,"column":17},"end":{"line":304,"column":51}},"156":{"start":{"line":305,"column":18},"end":{"line":305,"column":20}},"157":{"start":{"line":307,"column":8},"end":{"line":360,"column":14}},"158":{"start":{"line":309,"column":16},"end":{"line":309,"column":42}},"159":{"start":{"line":310,"column":16},"end":{"line":310,"column":57}},"160":{"start":{"line":312,"column":16},"end":{"line":312,"column":46}},"161":{"start":{"line":315,"column":16},"end":{"line":315,"column":90}},"162":{"start":{"line":315,"column":27},"end":{"line":315,"column":90}},"163":{"start":{"line":317,"column":16},"end":{"line":317,"column":75}},"164":{"start":{"line":317,"column":28},"end":{"line":317,"column":75}},"165":{"start":{"line":319,"column":16},"end":{"line":319,"column":37}},"166":{"start":{"line":322,"column":35},"end":{"line":322,"column":37}},"167":{"start":{"line":323,"column":16},"end":{"line":325,"column":18}},"168":{"start":{"line":324,"column":20},"end":{"line":324,"column":58}},"169":{"start":{"line":326,"column":16},"end":{"line":326,"column":135}},"170":{"start":{"line":329,"column":16},"end":{"line":329,"column":39}},"171":{"start":{"line":333,"column":16},"end":{"line":357,"column":18}},"172":{"start":{"line":334,"column":39},"end":{"line":334,"column":48}},"173":{"start":{"line":335,"column":39},"end":{"line":354,"column":21}},"174":{"start":{"line":355,"column":20},"end":{"line":355,"column":44}},"175":{"start":{"line":359,"column":16},"end":{"line":359,"column":30}},"176":{"start":{"line":364,"column":22},"end":{"line":364,"column":32}},"177":{"start":{"line":365,"column":17},"end":{"line":365,"column":51}},"178":{"start":{"line":366,"column":18},"end":{"line":366,"column":20}},"179":{"start":{"line":368,"column":8},"end":{"line":407,"column":14}},"180":{"start":{"line":370,"column":16},"end":{"line":370,"column":57}},"181":{"start":{"line":372,"column":16},"end":{"line":372,"column":120}},"182":{"start":{"line":376,"column":16},"end":{"line":376,"column":39}},"183":{"start":{"line":380,"column":16},"end":{"line":404,"column":18}},"184":{"start":{"line":381,"column":39},"end":{"line":381,"column":48}},"185":{"start":{"line":382,"column":39},"end":{"line":401,"column":21}},"186":{"start":{"line":402,"column":20},"end":{"line":402,"column":44}},"187":{"start":{"line":406,"column":17},"end":{"line":406,"column":31}},"188":{"start":{"line":416,"column":8},"end":{"line":416,"column":22}},"189":{"start":{"line":420,"column":0},"end":{"line":423,"column":1}}},"fnMap":{"0":{"name":"(anonymous_0)","decl":{"start":{"line":16,"column":4},"end":{"line":16,"column":5}},"loc":{"start":{"line":16,"column":38},"end":{"line":18,"column":5}},"line":16},"1":{"name":"(anonymous_1)","decl":{"start":{"line":20,"column":4},"end":{"line":20,"column":5}},"loc":{"start":{"line":20,"column":26},"end":{"line":22,"column":5}},"line":20},"2":{"name":"(anonymous_2)","decl":{"start":{"line":24,"column":4},"end":{"line":24,"column":5}},"loc":{"start":{"line":24,"column":37},"end":{"line":26,"column":5}},"line":24},"3":{"name":"(anonymous_3)","decl":{"start":{"line":28,"column":4},"end":{"line":28,"column":5}},"loc":{"start":{"line":28,"column":36},"end":{"line":30,"column":5}},"line":28},"4":{"name":"(anonymous_4)","decl":{"start":{"line":32,"column":4},"end":{"line":32,"column":5}},"loc":{"start":{"line":32,"column":63},"end":{"line":60,"column":5}},"line":32},"5":{"name":"(anonymous_5)","decl":{"start":{"line":34,"column":18},"end":{"line":34,"column":19}},"loc":{"start":{"line":34,"column":24},"end":{"line":40,"column":13}},"line":34},"6":{"name":"(anonymous_6)","decl":{"start":{"line":41,"column":18},"end":{"line":41,"column":19}},"loc":{"start":{"line":41,"column":26},"end":{"line":58,"column":13}},"line":41},"7":{"name":"(anonymous_7)","decl":{"start":{"line":59,"column":18},"end":{"line":59,"column":19}},"loc":{"start":{"line":59,"column":24},"end":{"line":59,"column":28}},"line":59},"8":{"name":"(anonymous_8)","decl":{"start":{"line":62,"column":4},"end":{"line":62,"column":5}},"loc":{"start":{"line":62,"column":34},"end":{"line":79,"column":5}},"line":62},"9":{"name":"(anonymous_9)","decl":{"start":{"line":64,"column":18},"end":{"line":64,"column":19}},"loc":{"start":{"line":64,"column":24},"end":{"line":71,"column":13}},"line":64},"10":{"name":"(anonymous_10)","decl":{"start":{"line":72,"column":18},"end":{"line":72,"column":19}},"loc":{"start":{"line":72,"column":26},"end":{"line":78,"column":13}},"line":72},"11":{"name":"(anonymous_11)","decl":{"start":{"line":81,"column":4},"end":{"line":81,"column":5}},"loc":{"start":{"line":81,"column":62},"end":{"line":101,"column":5}},"line":81},"12":{"name":"(anonymous_12)","decl":{"start":{"line":83,"column":18},"end":{"line":83,"column":19}},"loc":{"start":{"line":83,"column":24},"end":{"line":88,"column":13}},"line":83},"13":{"name":"(anonymous_13)","decl":{"start":{"line":89,"column":18},"end":{"line":89,"column":19}},"loc":{"start":{"line":89,"column":26},"end":{"line":99,"column":13}},"line":89},"14":{"name":"(anonymous_14)","decl":{"start":{"line":100,"column":18},"end":{"line":100,"column":19}},"loc":{"start":{"line":100,"column":24},"end":{"line":100,"column":28}},"line":100},"15":{"name":"(anonymous_15)","decl":{"start":{"line":103,"column":4},"end":{"line":103,"column":5}},"loc":{"start":{"line":103,"column":26},"end":{"line":123,"column":5}},"line":103},"16":{"name":"(anonymous_16)","decl":{"start":{"line":105,"column":18},"end":{"line":105,"column":19}},"loc":{"start":{"line":105,"column":24},"end":{"line":110,"column":13}},"line":105},"17":{"name":"(anonymous_17)","decl":{"start":{"line":111,"column":18},"end":{"line":111,"column":19}},"loc":{"start":{"line":111,"column":26},"end":{"line":121,"column":13}},"line":111},"18":{"name":"(anonymous_18)","decl":{"start":{"line":122,"column":18},"end":{"line":122,"column":19}},"loc":{"start":{"line":122,"column":24},"end":{"line":122,"column":28}},"line":122},"19":{"name":"(anonymous_19)","decl":{"start":{"line":125,"column":4},"end":{"line":125,"column":5}},"loc":{"start":{"line":125,"column":55},"end":{"line":167,"column":5}},"line":125},"20":{"name":"(anonymous_20)","decl":{"start":{"line":127,"column":18},"end":{"line":127,"column":19}},"loc":{"start":{"line":127,"column":24},"end":{"line":135,"column":13}},"line":127},"21":{"name":"(anonymous_21)","decl":{"start":{"line":136,"column":18},"end":{"line":136,"column":19}},"loc":{"start":{"line":136,"column":26},"end":{"line":165,"column":13}},"line":136},"22":{"name":"(anonymous_22)","decl":{"start":{"line":147,"column":49},"end":{"line":147,"column":50}},"loc":{"start":{"line":147,"column":57},"end":{"line":147,"column":87}},"line":147},"23":{"name":"(anonymous_23)","decl":{"start":{"line":157,"column":39},"end":{"line":157,"column":40}},"loc":{"start":{"line":157,"column":50},"end":{"line":163,"column":21}},"line":157},"24":{"name":"(anonymous_24)","decl":{"start":{"line":169,"column":4},"end":{"line":169,"column":5}},"loc":{"start":{"line":169,"column":34},"end":{"line":189,"column":5}},"line":169},"25":{"name":"(anonymous_25)","decl":{"start":{"line":171,"column":18},"end":{"line":171,"column":19}},"loc":{"start":{"line":171,"column":24},"end":{"line":177,"column":13}},"line":171},"26":{"name":"(anonymous_26)","decl":{"start":{"line":178,"column":18},"end":{"line":178,"column":19}},"loc":{"start":{"line":178,"column":26},"end":{"line":187,"column":13}},"line":178},"27":{"name":"(anonymous_27)","decl":{"start":{"line":181,"column":47},"end":{"line":181,"column":48}},"loc":{"start":{"line":181,"column":55},"end":{"line":181,"column":85}},"line":181},"28":{"name":"(anonymous_28)","decl":{"start":{"line":182,"column":45},"end":{"line":182,"column":46}},"loc":{"start":{"line":182,"column":53},"end":{"line":182,"column":79}},"line":182},"29":{"name":"(anonymous_29)","decl":{"start":{"line":188,"column":18},"end":{"line":188,"column":19}},"loc":{"start":{"line":188,"column":24},"end":{"line":188,"column":28}},"line":188},"30":{"name":"(anonymous_30)","decl":{"start":{"line":191,"column":4},"end":{"line":191,"column":5}},"loc":{"start":{"line":191,"column":30},"end":{"line":214,"column":5}},"line":191},"31":{"name":"(anonymous_31)","decl":{"start":{"line":194,"column":18},"end":{"line":194,"column":19}},"loc":{"start":{"line":194,"column":24},"end":{"line":199,"column":13}},"line":194},"32":{"name":"(anonymous_32)","decl":{"start":{"line":200,"column":18},"end":{"line":200,"column":19}},"loc":{"start":{"line":200,"column":26},"end":{"line":212,"column":13}},"line":200},"33":{"name":"(anonymous_33)","decl":{"start":{"line":203,"column":49},"end":{"line":203,"column":50}},"loc":{"start":{"line":203,"column":57},"end":{"line":203,"column":87}},"line":203},"34":{"name":"(anonymous_34)","decl":{"start":{"line":207,"column":49},"end":{"line":207,"column":50}},"loc":{"start":{"line":207,"column":57},"end":{"line":207,"column":87}},"line":207},"35":{"name":"(anonymous_35)","decl":{"start":{"line":213,"column":18},"end":{"line":213,"column":19}},"loc":{"start":{"line":213,"column":24},"end":{"line":213,"column":28}},"line":213},"36":{"name":"(anonymous_36)","decl":{"start":{"line":216,"column":4},"end":{"line":216,"column":5}},"loc":{"start":{"line":216,"column":21},"end":{"line":226,"column":5}},"line":216},"37":{"name":"(anonymous_37)","decl":{"start":{"line":218,"column":18},"end":{"line":218,"column":19}},"loc":{"start":{"line":218,"column":24},"end":{"line":221,"column":17}},"line":218},"38":{"name":"(anonymous_38)","decl":{"start":{"line":222,"column":26},"end":{"line":222,"column":27}},"loc":{"start":{"line":222,"column":34},"end":{"line":225,"column":25}},"line":222},"39":{"name":"(anonymous_39)","decl":{"start":{"line":224,"column":54},"end":{"line":224,"column":55}},"loc":{"start":{"line":224,"column":62},"end":{"line":224,"column":66}},"line":224},"40":{"name":"(anonymous_40)","decl":{"start":{"line":228,"column":4},"end":{"line":228,"column":5}},"loc":{"start":{"line":228,"column":30},"end":{"line":243,"column":5}},"line":228},"41":{"name":"(anonymous_41)","decl":{"start":{"line":230,"column":18},"end":{"line":230,"column":19}},"loc":{"start":{"line":230,"column":24},"end":{"line":235,"column":17}},"line":230},"42":{"name":"(anonymous_42)","decl":{"start":{"line":236,"column":22},"end":{"line":236,"column":23}},"loc":{"start":{"line":236,"column":30},"end":{"line":242,"column":17}},"line":236},"43":{"name":"(anonymous_43)","decl":{"start":{"line":241,"column":43},"end":{"line":241,"column":44}},"loc":{"start":{"line":241,"column":51},"end":{"line":241,"column":69}},"line":241},"44":{"name":"(anonymous_44)","decl":{"start":{"line":245,"column":4},"end":{"line":245,"column":5}},"loc":{"start":{"line":245,"column":39},"end":{"line":299,"column":1}},"line":245},"45":{"name":"(anonymous_45)","decl":{"start":{"line":252,"column":18},"end":{"line":252,"column":19}},"loc":{"start":{"line":252,"column":24},"end":{"line":258,"column":13}},"line":252},"46":{"name":"(anonymous_46)","decl":{"start":{"line":259,"column":18},"end":{"line":259,"column":19}},"loc":{"start":{"line":259,"column":26},"end":{"line":263,"column":13}},"line":259},"47":{"name":"(anonymous_47)","decl":{"start":{"line":262,"column":40},"end":{"line":262,"column":41}},"loc":{"start":{"line":262,"column":48},"end":{"line":262,"column":78}},"line":262},"48":{"name":"(anonymous_48)","decl":{"start":{"line":264,"column":18},"end":{"line":264,"column":19}},"loc":{"start":{"line":264,"column":26},"end":{"line":298,"column":13}},"line":264},"49":{"name":"(anonymous_49)","decl":{"start":{"line":266,"column":45},"end":{"line":266,"column":46}},"loc":{"start":{"line":266,"column":53},"end":{"line":266,"column":200}},"line":266},"50":{"name":"(anonymous_50)","decl":{"start":{"line":268,"column":57},"end":{"line":268,"column":58}},"loc":{"start":{"line":269,"column":20},"end":{"line":269,"column":77}},"line":269},"51":{"name":"(anonymous_51)","decl":{"start":{"line":269,"column":47},"end":{"line":269,"column":48}},"loc":{"start":{"line":269,"column":59},"end":{"line":269,"column":74}},"line":269},"52":{"name":"(anonymous_52)","decl":{"start":{"line":270,"column":23},"end":{"line":270,"column":24}},"loc":{"start":{"line":270,"column":34},"end":{"line":297,"column":17}},"line":270},"53":{"name":"(anonymous_53)","decl":{"start":{"line":271,"column":36},"end":{"line":271,"column":37}},"loc":{"start":{"line":271,"column":47},"end":{"line":294,"column":21}},"line":271},"54":{"name":"(anonymous_54)","decl":{"start":{"line":301,"column":4},"end":{"line":301,"column":5}},"loc":{"start":{"line":301,"column":39},"end":{"line":361,"column":5}},"line":301},"55":{"name":"(anonymous_55)","decl":{"start":{"line":308,"column":18},"end":{"line":308,"column":19}},"loc":{"start":{"line":308,"column":24},"end":{"line":313,"column":13}},"line":308},"56":{"name":"(anonymous_56)","decl":{"start":{"line":314,"column":18},"end":{"line":314,"column":19}},"loc":{"start":{"line":314,"column":26},"end":{"line":320,"column":13}},"line":314},"57":{"name":"(anonymous_57)","decl":{"start":{"line":321,"column":18},"end":{"line":321,"column":19}},"loc":{"start":{"line":321,"column":31},"end":{"line":327,"column":13}},"line":321},"58":{"name":"(anonymous_58)","decl":{"start":{"line":323,"column":34},"end":{"line":323,"column":35}},"loc":{"start":{"line":323,"column":47},"end":{"line":325,"column":17}},"line":323},"59":{"name":"(anonymous_59)","decl":{"start":{"line":328,"column":18},"end":{"line":328,"column":19}},"loc":{"start":{"line":328,"column":37},"end":{"line":330,"column":15}},"line":328},"60":{"name":"(anonymous_60)","decl":{"start":{"line":332,"column":18},"end":{"line":332,"column":19}},"loc":{"start":{"line":332,"column":29},"end":{"line":360,"column":13}},"line":332},"61":{"name":"(anonymous_61)","decl":{"start":{"line":333,"column":37},"end":{"line":333,"column":38}},"loc":{"start":{"line":333,"column":50},"end":{"line":357,"column":17}},"line":333},"62":{"name":"(anonymous_62)","decl":{"start":{"line":363,"column":4},"end":{"line":363,"column":5}},"loc":{"start":{"line":363,"column":22},"end":{"line":408,"column":5}},"line":363},"63":{"name":"(anonymous_63)","decl":{"start":{"line":369,"column":18},"end":{"line":369,"column":19}},"loc":{"start":{"line":369,"column":24},"end":{"line":374,"column":13}},"line":369},"64":{"name":"(anonymous_64)","decl":{"start":{"line":375,"column":18},"end":{"line":375,"column":19}},"loc":{"start":{"line":375,"column":37},"end":{"line":377,"column":15}},"line":375},"65":{"name":"(anonymous_65)","decl":{"start":{"line":379,"column":18},"end":{"line":379,"column":19}},"loc":{"start":{"line":379,"column":29},"end":{"line":407,"column":13}},"line":379},"66":{"name":"(anonymous_66)","decl":{"start":{"line":380,"column":37},"end":{"line":380,"column":38}},"loc":{"start":{"line":380,"column":50},"end":{"line":404,"column":17}},"line":380},"67":{"name":"(anonymous_67)","decl":{"start":{"line":415,"column":4},"end":{"line":415,"column":5}},"loc":{"start":{"line":415,"column":25},"end":{"line":417,"column":5}},"line":415}},"branchMap":{"0":{"loc":{"start":{"line":17,"column":8},"end":{"line":17,"column":95}},"type":"if","locations":[{"start":{"line":17,"column":8},"end":{"line":17,"column":95}},{"start":{"line":17,"column":8},"end":{"line":17,"column":95}}],"line":17},"1":{"loc":{"start":{"line":17,"column":12},"end":{"line":17,"column":54}},"type":"binary-expr","locations":[{"start":{"line":17,"column":12},"end":{"line":17,"column":37}},{"start":{"line":17,"column":41},"end":{"line":17,"column":54}}],"line":17},"2":{"loc":{"start":{"line":21,"column":8},"end":{"line":21,"column":72}},"type":"if","locations":[{"start":{"line":21,"column":8},"end":{"line":21,"column":72}},{"start":{"line":21,"column":8},"end":{"line":21,"column":72}}],"line":21},"3":{"loc":{"start":{"line":25,"column":8},"end":{"line":25,"column":78}},"type":"if","locations":[{"start":{"line":25,"column":8},"end":{"line":25,"column":78}},{"start":{"line":25,"column":8},"end":{"line":25,"column":78}}],"line":25},"4":{"loc":{"start":{"line":29,"column":8},"end":{"line":29,"column":91}},"type":"if","locations":[{"start":{"line":29,"column":8},"end":{"line":29,"column":91}},{"start":{"line":29,"column":8},"end":{"line":29,"column":91}}],"line":29},"5":{"loc":{"start":{"line":29,"column":12},"end":{"line":29,"column":50}},"type":"binary-expr","locations":[{"start":{"line":29,"column":12},"end":{"line":29,"column":33}},{"start":{"line":29,"column":37},"end":{"line":29,"column":50}}],"line":29},"6":{"loc":{"start":{"line":32,"column":40},"end":{"line":32,"column":61}},"type":"default-arg","locations":[{"start":{"line":32,"column":52},"end":{"line":32,"column":61}}],"line":32},"7":{"loc":{"start":{"line":42,"column":16},"end":{"line":42,"column":88}},"type":"if","locations":[{"start":{"line":42,"column":16},"end":{"line":42,"column":88}},{"start":{"line":42,"column":16},"end":{"line":42,"column":88}}],"line":42},"8":{"loc":{"start":{"line":45,"column":16},"end":{"line":55,"column":17}},"type":"if","locations":[{"start":{"line":45,"column":16},"end":{"line":55,"column":17}},{"start":{"line":45,"column":16},"end":{"line":55,"column":17}}],"line":45},"9":{"loc":{"start":{"line":73,"column":16},"end":{"line":73,"column":90}},"type":"if","locations":[{"start":{"line":73,"column":16},"end":{"line":73,"column":90}},{"start":{"line":73,"column":16},"end":{"line":73,"column":90}}],"line":73},"10":{"loc":{"start":{"line":75,"column":16},"end":{"line":75,"column":86}},"type":"if","locations":[{"start":{"line":75,"column":16},"end":{"line":75,"column":86}},{"start":{"line":75,"column":16},"end":{"line":75,"column":86}}],"line":75},"11":{"loc":{"start":{"line":90,"column":16},"end":{"line":90,"column":90}},"type":"if","locations":[{"start":{"line":90,"column":16},"end":{"line":90,"column":90}},{"start":{"line":90,"column":16},"end":{"line":90,"column":90}}],"line":90},"12":{"loc":{"start":{"line":92,"column":16},"end":{"line":92,"column":86}},"type":"if","locations":[{"start":{"line":92,"column":16},"end":{"line":92,"column":86}},{"start":{"line":92,"column":16},"end":{"line":92,"column":86}}],"line":92},"13":{"loc":{"start":{"line":94,"column":16},"end":{"line":94,"column":74}},"type":"if","locations":[{"start":{"line":94,"column":16},"end":{"line":94,"column":74}},{"start":{"line":94,"column":16},"end":{"line":94,"column":74}}],"line":94},"14":{"loc":{"start":{"line":112,"column":16},"end":{"line":112,"column":90}},"type":"if","locations":[{"start":{"line":112,"column":16},"end":{"line":112,"column":90}},{"start":{"line":112,"column":16},"end":{"line":112,"column":90}}],"line":112},"15":{"loc":{"start":{"line":114,"column":16},"end":{"line":114,"column":63}},"type":"if","locations":[{"start":{"line":114,"column":16},"end":{"line":114,"column":63}},{"start":{"line":114,"column":16},"end":{"line":114,"column":63}}],"line":114},"16":{"loc":{"start":{"line":137,"column":16},"end":{"line":137,"column":90}},"type":"if","locations":[{"start":{"line":137,"column":16},"end":{"line":137,"column":90}},{"start":{"line":137,"column":16},"end":{"line":137,"column":90}}],"line":137},"17":{"loc":{"start":{"line":139,"column":16},"end":{"line":139,"column":72}},"type":"if","locations":[{"start":{"line":139,"column":16},"end":{"line":139,"column":72}},{"start":{"line":139,"column":16},"end":{"line":139,"column":72}}],"line":139},"18":{"loc":{"start":{"line":141,"column":16},"end":{"line":141,"column":70}},"type":"if","locations":[{"start":{"line":141,"column":16},"end":{"line":141,"column":70}},{"start":{"line":141,"column":16},"end":{"line":141,"column":70}}],"line":141},"19":{"loc":{"start":{"line":143,"column":16},"end":{"line":143,"column":70}},"type":"if","locations":[{"start":{"line":143,"column":16},"end":{"line":143,"column":70}},{"start":{"line":143,"column":16},"end":{"line":143,"column":70}}],"line":143},"20":{"loc":{"start":{"line":148,"column":16},"end":{"line":148,"column":71}},"type":"if","locations":[{"start":{"line":148,"column":16},"end":{"line":148,"column":71}},{"start":{"line":148,"column":16},"end":{"line":148,"column":71}}],"line":148},"21":{"loc":{"start":{"line":159,"column":24},"end":{"line":162,"column":25}},"type":"if","locations":[{"start":{"line":159,"column":24},"end":{"line":162,"column":25}},{"start":{"line":159,"column":24},"end":{"line":162,"column":25}}],"line":159},"22":{"loc":{"start":{"line":179,"column":16},"end":{"line":179,"column":90}},"type":"if","locations":[{"start":{"line":179,"column":16},"end":{"line":179,"column":90}},{"start":{"line":179,"column":16},"end":{"line":179,"column":90}}],"line":179},"23":{"loc":{"start":{"line":201,"column":16},"end":{"line":201,"column":90}},"type":"if","locations":[{"start":{"line":201,"column":16},"end":{"line":201,"column":90}},{"start":{"line":201,"column":16},"end":{"line":201,"column":90}}],"line":201},"24":{"loc":{"start":{"line":205,"column":16},"end":{"line":205,"column":71}},"type":"if","locations":[{"start":{"line":205,"column":16},"end":{"line":205,"column":71}},{"start":{"line":205,"column":16},"end":{"line":205,"column":71}}],"line":205},"25":{"loc":{"start":{"line":223,"column":24},"end":{"line":223,"column":86}},"type":"if","locations":[{"start":{"line":223,"column":24},"end":{"line":223,"column":86}},{"start":{"line":223,"column":24},"end":{"line":223,"column":86}}],"line":223},"26":{"loc":{"start":{"line":237,"column":20},"end":{"line":237,"column":81}},"type":"if","locations":[{"start":{"line":237,"column":20},"end":{"line":237,"column":81}},{"start":{"line":237,"column":20},"end":{"line":237,"column":81}}],"line":237},"27":{"loc":{"start":{"line":239,"column":20},"end":{"line":239,"column":71}},"type":"if","locations":[{"start":{"line":239,"column":20},"end":{"line":239,"column":71}},{"start":{"line":239,"column":20},"end":{"line":239,"column":71}}],"line":239},"28":{"loc":{"start":{"line":260,"column":16},"end":{"line":260,"column":90}},"type":"if","locations":[{"start":{"line":260,"column":16},"end":{"line":260,"column":90}},{"start":{"line":260,"column":16},"end":{"line":260,"column":90}}],"line":260},"29":{"loc":{"start":{"line":315,"column":16},"end":{"line":315,"column":90}},"type":"if","locations":[{"start":{"line":315,"column":16},"end":{"line":315,"column":90}},{"start":{"line":315,"column":16},"end":{"line":315,"column":90}}],"line":315},"30":{"loc":{"start":{"line":317,"column":16},"end":{"line":317,"column":75}},"type":"if","locations":[{"start":{"line":317,"column":16},"end":{"line":317,"column":75}},{"start":{"line":317,"column":16},"end":{"line":317,"column":75}}],"line":317}},"s":{"0":1,"1":1,"2":1,"3":1,"4":1,"5":1,"6":90,"7":48,"8":95,"9":33,"10":5,"11":3,"12":0,"13":0,"14":12,"15":12,"16":9,"17":6,"18":3,"19":3,"20":1,"21":2,"22":2,"23":1,"24":1,"25":2,"26":2,"27":7,"28":7,"29":4,"30":1,"31":1,"32":0,"33":1,"34":0,"35":1,"36":10,"37":10,"38":7,"39":4,"40":4,"41":0,"42":4,"43":0,"44":4,"45":3,"46":1,"47":1,"48":1,"49":7,"50":7,"51":4,"52":1,"53":1,"54":0,"55":1,"56":0,"57":1,"58":1,"59":1,"60":1,"61":14,"62":14,"63":11,"64":8,"65":5,"66":2,"67":2,"68":0,"69":2,"70":0,"71":2,"72":0,"73":2,"74":0,"75":2,"76":2,"77":1,"78":2,"79":1,"80":1,"81":1,"82":1,"83":1,"84":1,"85":10,"86":10,"87":7,"88":4,"89":1,"90":1,"91":0,"92":1,"93":1,"94":1,"95":1,"96":1,"97":1,"98":1,"99":7,"100":7,"101":4,"102":1,"103":1,"104":0,"105":1,"106":1,"107":1,"108":0,"109":1,"110":1,"111":1,"112":1,"113":1,"114":4,"115":4,"116":1,"117":1,"118":0,"119":1,"120":1,"121":7,"122":7,"123":4,"124":1,"125":1,"126":0,"127":1,"128":0,"129":1,"130":1,"131":10,"132":10,"133":10,"134":10,"135":10,"136":7,"137":4,"138":1,"139":1,"140":0,"141":1,"142":1,"143":1,"144":2,"145":1,"146":1,"147":2,"148":1,"149":2,"150":2,"151":2,"152":1,"153":1,"154":7,"155":7,"156":7,"157":7,"158":7,"159":4,"160":1,"161":1,"162":0,"163":1,"164":0,"165":1,"166":1,"167":1,"168":2,"169":1,"170":1,"171":1,"172":20,"173":20,"174":20,"175":1,"176":4,"177":4,"178":4,"179":4,"180":4,"181":1,"182":1,"183":1,"184":80,"185":80,"186":80,"187":1,"188":89,"189":1},"f":{"0":90,"1":95,"2":5,"3":0,"4":12,"5":12,"6":3,"7":2,"8":7,"9":7,"10":1,"11":10,"12":10,"13":4,"14":1,"15":7,"16":7,"17":1,"18":1,"19":14,"20":14,"21":2,"22":1,"23":1,"24":10,"25":10,"26":1,"27":1,"28":1,"29":1,"30":7,"31":7,"32":1,"33":1,"34":1,"35":1,"36":4,"37":4,"38":1,"39":1,"40":7,"41":7,"42":1,"43":1,"44":10,"45":10,"46":1,"47":1,"48":1,"49":2,"50":1,"51":2,"52":1,"53":2,"54":7,"55":7,"56":1,"57":1,"58":2,"59":1,"60":1,"61":20,"62":4,"63":4,"64":1,"65":1,"66":80,"67":89},"b":{"0":[48,42],"1":[90,58],"2":[33,62],"3":[3,2],"4":[0,0],"5":[0,0],"6":[1],"7":[1,2],"8":[1,1],"9":[0,1],"10":[0,1],"11":[0,4],"12":[0,4],"13":[3,1],"14":[0,1],"15":[0,1],"16":[0,2],"17":[0,2],"18":[0,2],"19":[0,2],"20":[1,1],"21":[1,0],"22":[0,1],"23":[0,1],"24":[0,1],"25":[0,1],"26":[0,1],"27":[0,1],"28":[0,1],"29":[0,1],"30":[0,1]},"_coverageSchema":"d34fc3e6b8297bcde183f5492bcb8fcb36775295","hash":"3c534c8c2c0b85d8d7d0c1ca680a06be3eb9ebbb","contentHash":"77cbce2c6f88fe432f11859a4042c34a"},"/Users/Gerard/bootcamp/collab/skylab-bootcamp-201807/staff/gerard-baste/jelzi/jelzi-api/utils/validate-email.js":{"path":"/Users/Gerard/bootcamp/collab/skylab-bootcamp-201807/staff/gerard-baste/jelzi/jelzi-api/utils/validate-email.js","statementMap":{"0":{"start":{"line":3,"column":1},"end":{"line":5,"column":2}},"1":{"start":{"line":4,"column":4},"end":{"line":4,"column":141}}},"fnMap":{"0":{"name":"(anonymous_0)","decl":{"start":{"line":3,"column":18},"end":{"line":3,"column":19}},"loc":{"start":{"line":3,"column":27},"end":{"line":5,"column":2}},"line":3}},"branchMap":{},"s":{"0":1,"1":95},"f":{"0":95},"b":{},"_coverageSchema":"d34fc3e6b8297bcde183f5492bcb8fcb36775295","hash":"39c6b1837f09d8c26857a932516123fd82b7c95f","contentHash":"56270022a5c2cfa5523379877e643223"},"/Users/Gerard/bootcamp/collab/skylab-bootcamp-201807/staff/gerard-baste/jelzi/jelzi-api/data/models/index.js":{"path":"/Users/Gerard/bootcamp/collab/skylab-bootcamp-201807/staff/gerard-baste/jelzi/jelzi-api/data/models/index.js","statementMap":{"0":{"start":{"line":1,"column":0},"end":{"line":5,"column":1}}},"fnMap":{},"branchMap":{},"s":{"0":1},"f":{},"b":{},"_coverageSchema":"d34fc3e6b8297bcde183f5492bcb8fcb36775295","hash":"d26927f1dd5226f8cf9a64ddf4311cf12580019a","contentHash":"3869087d44b532b379bad6748479454a"},"/Users/Gerard/bootcamp/collab/skylab-bootcamp-201807/staff/gerard-baste/jelzi/jelzi-api/data/models/user.js":{"path":"/Users/Gerard/bootcamp/collab/skylab-bootcamp-201807/staff/gerard-baste/jelzi/jelzi-api/data/models/user.js","statementMap":{"0":{"start":{"line":1,"column":17},"end":{"line":1,"column":36}},"1":{"start":{"line":2,"column":17},"end":{"line":2,"column":37}},"2":{"start":{"line":4,"column":0},"end":{"line":4,"column":45}}},"fnMap":{},"branchMap":{},"s":{"0":1,"1":1,"2":1},"f":{},"b":{},"_coverageSchema":"d34fc3e6b8297bcde183f5492bcb8fcb36775295","hash":"bb4cde4657b40171cbb54968b14ccad73893140f","contentHash":"e5f34ad6d8606d82beba1479512c6c2c"},"/Users/Gerard/bootcamp/collab/skylab-bootcamp-201807/staff/gerard-baste/jelzi/jelzi-api/data/models/schemas/index.js":{"path":"/Users/Gerard/bootcamp/collab/skylab-bootcamp-201807/staff/gerard-baste/jelzi/jelzi-api/data/models/schemas/index.js","statementMap":{"0":{"start":{"line":1,"column":0},"end":{"line":5,"column":1}}},"fnMap":{},"branchMap":{},"s":{"0":1},"f":{},"b":{},"_coverageSchema":"d34fc3e6b8297bcde183f5492bcb8fcb36775295","hash":"f55c10c7385a831574eeb248a0500e09e28a92b7","contentHash":"fac9a928cfb48dbf115e3860ca8d2326"},"/Users/Gerard/bootcamp/collab/skylab-bootcamp-201807/staff/gerard-baste/jelzi/jelzi-api/data/models/schemas/user.js":{"path":"/Users/Gerard/bootcamp/collab/skylab-bootcamp-201807/staff/gerard-baste/jelzi/jelzi-api/data/models/schemas/user.js","statementMap":{"0":{"start":{"line":1,"column":19},"end":{"line":1,"column":38}},"1":{"start":{"line":2,"column":13},"end":{"line":2,"column":33}},"2":{"start":{"line":5,"column":4},"end":{"line":5,"column":72}},"3":{"start":{"line":5,"column":29},"end":{"line":5,"column":72}},"4":{"start":{"line":8,"column":0},"end":{"line":35,"column":2}}},"fnMap":{"0":{"name":"validatePassword","decl":{"start":{"line":4,"column":9},"end":{"line":4,"column":25}},"loc":{"start":{"line":4,"column":36},"end":{"line":6,"column":1}},"line":4}},"branchMap":{"0":{"loc":{"start":{"line":5,"column":4},"end":{"line":5,"column":72}},"type":"if","locations":[{"start":{"line":5,"column":4},"end":{"line":5,"column":72}},{"start":{"line":5,"column":4},"end":{"line":5,"column":72}}],"line":5}},"s":{"0":1,"1":1,"2":97,"3":0,"4":1},"f":{"0":97},"b":{"0":[0,97]},"_coverageSchema":"d34fc3e6b8297bcde183f5492bcb8fcb36775295","hash":"f3bac2d055505ce3b331173eba99560896bfb22a","contentHash":"4962dcbdde6f2345b5b3af05c386ca7f"},"/Users/Gerard/bootcamp/collab/skylab-bootcamp-201807/staff/gerard-baste/jelzi/jelzi-api/data/models/schemas/menu.js":{"path":"/Users/Gerard/bootcamp/collab/skylab-bootcamp-201807/staff/gerard-baste/jelzi/jelzi-api/data/models/schemas/menu.js","statementMap":{"0":{"start":{"line":1,"column":19},"end":{"line":1,"column":38}},"1":{"start":{"line":2,"column":15},"end":{"line":2,"column":36}},"2":{"start":{"line":4,"column":0},"end":{"line":13,"column":2}}},"fnMap":{},"branchMap":{},"s":{"0":1,"1":1,"2":1},"f":{},"b":{},"_coverageSchema":"d34fc3e6b8297bcde183f5492bcb8fcb36775295","hash":"972a78f38103670c68b653a24c7cfd27309e132a","contentHash":"54b766251a3dd504a8be1a985b8c6170"},"/Users/Gerard/bootcamp/collab/skylab-bootcamp-201807/staff/gerard-baste/jelzi/jelzi-api/data/models/schemas/dish.js":{"path":"/Users/Gerard/bootcamp/collab/skylab-bootcamp-201807/staff/gerard-baste/jelzi/jelzi-api/data/models/schemas/dish.js","statementMap":{"0":{"start":{"line":1,"column":19},"end":{"line":1,"column":38}},"1":{"start":{"line":3,"column":0},"end":{"line":19,"column":2}}},"fnMap":{},"branchMap":{},"s":{"0":1,"1":1},"f":{},"b":{},"_coverageSchema":"d34fc3e6b8297bcde183f5492bcb8fcb36775295","hash":"6f5c7fc412331733eb098d8a3d9250c0f7978b7c","contentHash":"e3a73c828a627fc2f8a38b8e528651f6"},"/Users/Gerard/bootcamp/collab/skylab-bootcamp-201807/staff/gerard-baste/jelzi/jelzi-api/data/models/dish.js":{"path":"/Users/Gerard/bootcamp/collab/skylab-bootcamp-201807/staff/gerard-baste/jelzi/jelzi-api/data/models/dish.js","statementMap":{"0":{"start":{"line":1,"column":17},"end":{"line":1,"column":36}},"1":{"start":{"line":2,"column":17},"end":{"line":2,"column":37}},"2":{"start":{"line":4,"column":0},"end":{"line":4,"column":45}}},"fnMap":{},"branchMap":{},"s":{"0":1,"1":1,"2":1},"f":{},"b":{},"_coverageSchema":"d34fc3e6b8297bcde183f5492bcb8fcb36775295","hash":"c960af7a5f50523f9727d7bdcdf17a628bb80bed","contentHash":"24dc26a74e3ba663ebe2c1ca1c040342"},"/Users/Gerard/bootcamp/collab/skylab-bootcamp-201807/staff/gerard-baste/jelzi/jelzi-api/data/models/menu.js":{"path":"/Users/Gerard/bootcamp/collab/skylab-bootcamp-201807/staff/gerard-baste/jelzi/jelzi-api/data/models/menu.js","statementMap":{"0":{"start":{"line":1,"column":17},"end":{"line":1,"column":36}},"1":{"start":{"line":2,"column":17},"end":{"line":2,"column":37}},"2":{"start":{"line":4,"column":0},"end":{"line":4,"column":45}}},"fnMap":{},"branchMap":{},"s":{"0":1,"1":1,"2":1},"f":{},"b":{},"_coverageSchema":"d34fc3e6b8297bcde183f5492bcb8fcb36775295","hash":"defb19146a82a83c324e2ee055255801d4f9ad2c","contentHash":"b92351cfb9ba325cc7a79f75e89dd570"},"/Users/Gerard/bootcamp/collab/skylab-bootcamp-201807/staff/gerard-baste/jelzi/jelzi-api/logic/index.spec.js":{"path":"/Users/Gerard/bootcamp/collab/skylab-bootcamp-201807/staff/gerard-baste/jelzi/jelzi-api/logic/index.spec.js","statementMap":{"0":{"start":{"line":1,"column":0},"end":{"line":1,"column":26}},"1":{"start":{"line":5,"column":4},"end":{"line":5,"column":16}},"2":{"start":{"line":8,"column":4},"end":{"line":8,"column":19}},"3":{"start":{"line":9,"column":17},"end":{"line":9,"column":36}},"4":{"start":{"line":14,"column":4},"end":{"line":14,"column":12}},"5":{"start":{"line":19,"column":4},"end":{"line":19,"column":29}},"6":{"start":{"line":25,"column":4},"end":{"line":25,"column":11}},"7":{"start":{"line":27,"column":0},"end":{"line":1102,"column":2}},"8":{"start":{"line":28,"column":18},"end":{"line":28,"column":69}},"9":{"start":{"line":29,"column":19},"end":{"line":29,"column":45}},"10":{"start":{"line":30,"column":19},"end":{"line":30,"column":41}},"11":{"start":{"line":31,"column":20},"end":{"line":31,"column":47}},"12":{"start":{"line":32,"column":16},"end":{"line":32,"column":29}},"13":{"start":{"line":33,"column":8},"end":{"line":33,"column":31}},"14":{"start":{"line":34,"column":8},"end":{"line":37,"column":17}},"15":{"start":{"line":41,"column":4},"end":{"line":46,"column":5}},"16":{"start":{"line":42,"column":8},"end":{"line":45,"column":41}},"17":{"start":{"line":45,"column":22},"end":{"line":45,"column":40}},"18":{"start":{"line":48,"column":4},"end":{"line":52,"column":6}},"19":{"start":{"line":49,"column":8},"end":{"line":51,"column":9}},"20":{"start":{"line":54,"column":4},"end":{"line":59,"column":5}},"21":{"start":{"line":55,"column":8},"end":{"line":58,"column":45}},"22":{"start":{"line":58,"column":20},"end":{"line":58,"column":44}},"23":{"start":{"line":61,"column":4},"end":{"line":79,"column":6}},"24":{"start":{"line":62,"column":8},"end":{"line":66,"column":10}},"25":{"start":{"line":63,"column":12},"end":{"line":63,"column":84}},"26":{"start":{"line":63,"column":25},"end":{"line":63,"column":83}},"27":{"start":{"line":64,"column":12},"end":{"line":64,"column":93}},"28":{"start":{"line":64,"column":25},"end":{"line":64,"column":92}},"29":{"start":{"line":65,"column":12},"end":{"line":65,"column":93}},"30":{"start":{"line":65,"column":25},"end":{"line":65,"column":92}},"31":{"start":{"line":68,"column":8},"end":{"line":70,"column":10}},"32":{"start":{"line":69,"column":12},"end":{"line":69,"column":96}},"33":{"start":{"line":69,"column":25},"end":{"line":69,"column":70}},"34":{"start":{"line":72,"column":8},"end":{"line":74,"column":10}},"35":{"start":{"line":73,"column":12},"end":{"line":73,"column":89}},"36":{"start":{"line":73,"column":25},"end":{"line":73,"column":63}},"37":{"start":{"line":76,"column":8},"end":{"line":78,"column":10}},"38":{"start":{"line":77,"column":12},"end":{"line":77,"column":90}},"39":{"start":{"line":77,"column":25},"end":{"line":77,"column":64}},"40":{"start":{"line":81,"column":4},"end":{"line":195,"column":6}},"41":{"start":{"line":82,"column":8},"end":{"line":103,"column":9}},"42":{"start":{"line":83,"column":12},"end":{"line":102,"column":60}},"43":{"start":{"line":85,"column":16},"end":{"line":85,"column":39}},"44":{"start":{"line":87,"column":16},"end":{"line":87,"column":75}},"45":{"start":{"line":90,"column":16},"end":{"line":90,"column":38}},"46":{"start":{"line":92,"column":16},"end":{"line":92,"column":46}},"47":{"start":{"line":95,"column":16},"end":{"line":95,"column":37}},"48":{"start":{"line":96,"column":16},"end":{"line":96,"column":50}},"49":{"start":{"line":97,"column":16},"end":{"line":97,"column":56}},"50":{"start":{"line":98,"column":16},"end":{"line":98,"column":57}},"51":{"start":{"line":100,"column":16},"end":{"line":100,"column":34}},"52":{"start":{"line":102,"column":27},"end":{"line":102,"column":59}},"53":{"start":{"line":105,"column":8},"end":{"line":117,"column":9}},"54":{"start":{"line":106,"column":12},"end":{"line":116,"column":85}},"55":{"start":{"line":112,"column":24},"end":{"line":112,"column":76}},"56":{"start":{"line":113,"column":26},"end":{"line":113,"column":29}},"57":{"start":{"line":116,"column":18},"end":{"line":116,"column":84}},"58":{"start":{"line":119,"column":8},"end":{"line":125,"column":9}},"59":{"start":{"line":120,"column":12},"end":{"line":124,"column":60}},"60":{"start":{"line":121,"column":26},"end":{"line":121,"column":29}},"61":{"start":{"line":124,"column":18},"end":{"line":124,"column":59}},"62":{"start":{"line":127,"column":8},"end":{"line":133,"column":9}},"63":{"start":{"line":128,"column":12},"end":{"line":132,"column":60}},"64":{"start":{"line":129,"column":26},"end":{"line":129,"column":29}},"65":{"start":{"line":132,"column":18},"end":{"line":132,"column":59}},"66":{"start":{"line":135,"column":8},"end":{"line":141,"column":9}},"67":{"start":{"line":136,"column":12},"end":{"line":140,"column":60}},"68":{"start":{"line":137,"column":26},"end":{"line":137,"column":29}},"69":{"start":{"line":140,"column":18},"end":{"line":140,"column":59}},"70":{"start":{"line":143,"column":8},"end":{"line":149,"column":9}},"71":{"start":{"line":144,"column":12},"end":{"line":148,"column":63}},"72":{"start":{"line":145,"column":26},"end":{"line":145,"column":29}},"73":{"start":{"line":148,"column":18},"end":{"line":148,"column":62}},"74":{"start":{"line":151,"column":8},"end":{"line":157,"column":9}},"75":{"start":{"line":152,"column":12},"end":{"line":156,"column":63}},"76":{"start":{"line":153,"column":26},"end":{"line":153,"column":29}},"77":{"start":{"line":156,"column":18},"end":{"line":156,"column":62}},"78":{"start":{"line":159,"column":8},"end":{"line":165,"column":9}},"79":{"start":{"line":160,"column":12},"end":{"line":164,"column":63}},"80":{"start":{"line":161,"column":26},"end":{"line":161,"column":29}},"81":{"start":{"line":164,"column":18},"end":{"line":164,"column":62}},"82":{"start":{"line":167,"column":8},"end":{"line":173,"column":9}},"83":{"start":{"line":168,"column":12},"end":{"line":172,"column":63}},"84":{"start":{"line":169,"column":26},"end":{"line":169,"column":29}},"85":{"start":{"line":172,"column":18},"end":{"line":172,"column":62}},"86":{"start":{"line":175,"column":8},"end":{"line":181,"column":9}},"87":{"start":{"line":176,"column":12},"end":{"line":180,"column":63}},"88":{"start":{"line":177,"column":26},"end":{"line":177,"column":29}},"89":{"start":{"line":180,"column":18},"end":{"line":180,"column":62}},"90":{"start":{"line":183,"column":8},"end":{"line":189,"column":9}},"91":{"start":{"line":184,"column":12},"end":{"line":188,"column":63}},"92":{"start":{"line":185,"column":26},"end":{"line":185,"column":29}},"93":{"start":{"line":188,"column":18},"end":{"line":188,"column":62}},"94":{"start":{"line":191,"column":8},"end":{"line":194,"column":9}},"95":{"start":{"line":192,"column":12},"end":{"line":193,"column":71}},"96":{"start":{"line":193,"column":27},"end":{"line":193,"column":70}},"97":{"start":{"line":197,"column":4},"end":{"line":259,"column":6}},"98":{"start":{"line":198,"column":8},"end":{"line":203,"column":11}},"99":{"start":{"line":198,"column":25},"end":{"line":203,"column":10}},"100":{"start":{"line":205,"column":8},"end":{"line":210,"column":9}},"101":{"start":{"line":206,"column":12},"end":{"line":209,"column":14}},"102":{"start":{"line":208,"column":16},"end":{"line":208,"column":39}},"103":{"start":{"line":212,"column":8},"end":{"line":218,"column":9}},"104":{"start":{"line":213,"column":12},"end":{"line":217,"column":60}},"105":{"start":{"line":214,"column":26},"end":{"line":214,"column":29}},"106":{"start":{"line":217,"column":18},"end":{"line":217,"column":59}},"107":{"start":{"line":220,"column":8},"end":{"line":226,"column":9}},"108":{"start":{"line":221,"column":12},"end":{"line":225,"column":60}},"109":{"start":{"line":222,"column":26},"end":{"line":222,"column":29}},"110":{"start":{"line":225,"column":18},"end":{"line":225,"column":59}},"111":{"start":{"line":228,"column":8},"end":{"line":234,"column":9}},"112":{"start":{"line":229,"column":12},"end":{"line":233,"column":60}},"113":{"start":{"line":230,"column":26},"end":{"line":230,"column":29}},"114":{"start":{"line":233,"column":18},"end":{"line":233,"column":59}},"115":{"start":{"line":236,"column":8},"end":{"line":242,"column":9}},"116":{"start":{"line":237,"column":12},"end":{"line":241,"column":63}},"117":{"start":{"line":238,"column":26},"end":{"line":238,"column":29}},"118":{"start":{"line":241,"column":18},"end":{"line":241,"column":62}},"119":{"start":{"line":244,"column":8},"end":{"line":250,"column":9}},"120":{"start":{"line":245,"column":12},"end":{"line":249,"column":63}},"121":{"start":{"line":246,"column":26},"end":{"line":246,"column":29}},"122":{"start":{"line":249,"column":18},"end":{"line":249,"column":62}},"123":{"start":{"line":252,"column":8},"end":{"line":258,"column":9}},"124":{"start":{"line":253,"column":12},"end":{"line":257,"column":63}},"125":{"start":{"line":254,"column":26},"end":{"line":254,"column":29}},"126":{"start":{"line":257,"column":18},"end":{"line":257,"column":62}},"127":{"start":{"line":261,"column":4},"end":{"line":360,"column":6}},"128":{"start":{"line":262,"column":29},"end":{"line":262,"column":41}},"129":{"start":{"line":264,"column":8},"end":{"line":269,"column":11}},"130":{"start":{"line":264,"column":25},"end":{"line":269,"column":10}},"131":{"start":{"line":271,"column":8},"end":{"line":287,"column":9}},"132":{"start":{"line":272,"column":12},"end":{"line":286,"column":14}},"133":{"start":{"line":274,"column":16},"end":{"line":274,"column":38}},"134":{"start":{"line":276,"column":16},"end":{"line":278,"column":18}},"135":{"start":{"line":281,"column":16},"end":{"line":281,"column":37}},"136":{"start":{"line":282,"column":16},"end":{"line":282,"column":50}},"137":{"start":{"line":283,"column":16},"end":{"line":283,"column":56}},"138":{"start":{"line":284,"column":16},"end":{"line":284,"column":66}},"139":{"start":{"line":285,"column":16},"end":{"line":285,"column":57}},"140":{"start":{"line":289,"column":8},"end":{"line":295,"column":9}},"141":{"start":{"line":290,"column":12},"end":{"line":294,"column":60}},"142":{"start":{"line":291,"column":26},"end":{"line":291,"column":29}},"143":{"start":{"line":294,"column":18},"end":{"line":294,"column":59}},"144":{"start":{"line":297,"column":8},"end":{"line":303,"column":9}},"145":{"start":{"line":298,"column":12},"end":{"line":302,"column":60}},"146":{"start":{"line":299,"column":26},"end":{"line":299,"column":29}},"147":{"start":{"line":302,"column":18},"end":{"line":302,"column":59}},"148":{"start":{"line":305,"column":8},"end":{"line":311,"column":9}},"149":{"start":{"line":306,"column":12},"end":{"line":310,"column":60}},"150":{"start":{"line":307,"column":26},"end":{"line":307,"column":29}},"151":{"start":{"line":310,"column":18},"end":{"line":310,"column":59}},"152":{"start":{"line":313,"column":8},"end":{"line":319,"column":9}},"153":{"start":{"line":314,"column":12},"end":{"line":318,"column":63}},"154":{"start":{"line":315,"column":26},"end":{"line":315,"column":29}},"155":{"start":{"line":318,"column":18},"end":{"line":318,"column":62}},"156":{"start":{"line":321,"column":8},"end":{"line":327,"column":9}},"157":{"start":{"line":322,"column":12},"end":{"line":326,"column":63}},"158":{"start":{"line":323,"column":26},"end":{"line":323,"column":29}},"159":{"start":{"line":326,"column":18},"end":{"line":326,"column":62}},"160":{"start":{"line":329,"column":8},"end":{"line":335,"column":9}},"161":{"start":{"line":330,"column":12},"end":{"line":334,"column":63}},"162":{"start":{"line":331,"column":26},"end":{"line":331,"column":29}},"163":{"start":{"line":334,"column":18},"end":{"line":334,"column":62}},"164":{"start":{"line":337,"column":8},"end":{"line":343,"column":9}},"165":{"start":{"line":338,"column":12},"end":{"line":342,"column":62}},"166":{"start":{"line":339,"column":26},"end":{"line":339,"column":29}},"167":{"start":{"line":342,"column":18},"end":{"line":342,"column":61}},"168":{"start":{"line":345,"column":8},"end":{"line":351,"column":9}},"169":{"start":{"line":346,"column":12},"end":{"line":350,"column":62}},"170":{"start":{"line":347,"column":26},"end":{"line":347,"column":29}},"171":{"start":{"line":350,"column":18},"end":{"line":350,"column":61}},"172":{"start":{"line":353,"column":8},"end":{"line":359,"column":9}},"173":{"start":{"line":354,"column":12},"end":{"line":358,"column":62}},"174":{"start":{"line":355,"column":26},"end":{"line":355,"column":29}},"175":{"start":{"line":358,"column":18},"end":{"line":358,"column":61}},"176":{"start":{"line":362,"column":4},"end":{"line":435,"column":6}},"177":{"start":{"line":364,"column":8},"end":{"line":369,"column":11}},"178":{"start":{"line":364,"column":25},"end":{"line":369,"column":10}},"179":{"start":{"line":371,"column":8},"end":{"line":386,"column":9}},"180":{"start":{"line":372,"column":12},"end":{"line":385,"column":14}},"181":{"start":{"line":374,"column":16},"end":{"line":374,"column":38}},"182":{"start":{"line":376,"column":16},"end":{"line":378,"column":18}},"183":{"start":{"line":381,"column":16},"end":{"line":381,"column":43}},"184":{"start":{"line":382,"column":16},"end":{"line":382,"column":53}},"185":{"start":{"line":383,"column":16},"end":{"line":383,"column":67}},"186":{"start":{"line":384,"column":16},"end":{"line":384,"column":63}},"187":{"start":{"line":388,"column":8},"end":{"line":394,"column":9}},"188":{"start":{"line":389,"column":12},"end":{"line":393,"column":60}},"189":{"start":{"line":390,"column":26},"end":{"line":390,"column":29}},"190":{"start":{"line":393,"column":18},"end":{"line":393,"column":59}},"191":{"start":{"line":396,"column":8},"end":{"line":402,"column":9}},"192":{"start":{"line":397,"column":12},"end":{"line":401,"column":60}},"193":{"start":{"line":398,"column":26},"end":{"line":398,"column":29}},"194":{"start":{"line":401,"column":18},"end":{"line":401,"column":59}},"195":{"start":{"line":404,"column":8},"end":{"line":410,"column":9}},"196":{"start":{"line":405,"column":12},"end":{"line":409,"column":64}},"197":{"start":{"line":406,"column":30},"end":{"line":406,"column":33}},"198":{"start":{"line":409,"column":22},"end":{"line":409,"column":63}},"199":{"start":{"line":412,"column":8},"end":{"line":418,"column":9}},"200":{"start":{"line":413,"column":12},"end":{"line":417,"column":60}},"201":{"start":{"line":414,"column":30},"end":{"line":414,"column":33}},"202":{"start":{"line":417,"column":18},"end":{"line":417,"column":59}},"203":{"start":{"line":420,"column":8},"end":{"line":426,"column":9}},"204":{"start":{"line":421,"column":12},"end":{"line":425,"column":60}},"205":{"start":{"line":422,"column":30},"end":{"line":422,"column":33}},"206":{"start":{"line":425,"column":18},"end":{"line":425,"column":59}},"207":{"start":{"line":428,"column":8},"end":{"line":434,"column":9}},"208":{"start":{"line":429,"column":12},"end":{"line":433,"column":60}},"209":{"start":{"line":430,"column":30},"end":{"line":430,"column":33}},"210":{"start":{"line":433,"column":18},"end":{"line":433,"column":59}},"211":{"start":{"line":437,"column":4},"end":{"line":589,"column":6}},"212":{"start":{"line":439,"column":8},"end":{"line":444,"column":11}},"213":{"start":{"line":439,"column":25},"end":{"line":444,"column":10}},"214":{"start":{"line":445,"column":8},"end":{"line":466,"column":9}},"215":{"start":{"line":446,"column":8},"end":{"line":464,"column":14}},"216":{"start":{"line":449,"column":25},"end":{"line":449,"column":40}},"217":{"start":{"line":450,"column":12},"end":{"line":450,"column":43}},"218":{"start":{"line":451,"column":12},"end":{"line":463,"column":14}},"219":{"start":{"line":453,"column":31},"end":{"line":453,"column":59}},"220":{"start":{"line":454,"column":16},"end":{"line":462,"column":22}},"221":{"start":{"line":456,"column":32},"end":{"line":456,"column":62}},"222":{"start":{"line":457,"column":32},"end":{"line":457,"column":69}},"223":{"start":{"line":458,"column":32},"end":{"line":458,"column":83}},"224":{"start":{"line":459,"column":32},"end":{"line":459,"column":79}},"225":{"start":{"line":460,"column":32},"end":{"line":460,"column":92}},"226":{"start":{"line":461,"column":32},"end":{"line":461,"column":81}},"227":{"start":{"line":468,"column":9},"end":{"line":475,"column":9}},"228":{"start":{"line":469,"column":12},"end":{"line":473,"column":60}},"229":{"start":{"line":470,"column":26},"end":{"line":470,"column":29}},"230":{"start":{"line":473,"column":18},"end":{"line":473,"column":59}},"231":{"start":{"line":477,"column":8},"end":{"line":484,"column":9}},"232":{"start":{"line":478,"column":12},"end":{"line":482,"column":60}},"233":{"start":{"line":479,"column":26},"end":{"line":479,"column":29}},"234":{"start":{"line":482,"column":18},"end":{"line":482,"column":59}},"235":{"start":{"line":486,"column":8},"end":{"line":493,"column":9}},"236":{"start":{"line":487,"column":12},"end":{"line":491,"column":60}},"237":{"start":{"line":488,"column":26},"end":{"line":488,"column":29}},"238":{"start":{"line":491,"column":18},"end":{"line":491,"column":59}},"239":{"start":{"line":495,"column":8},"end":{"line":502,"column":9}},"240":{"start":{"line":496,"column":12},"end":{"line":500,"column":65}},"241":{"start":{"line":497,"column":26},"end":{"line":497,"column":29}},"242":{"start":{"line":500,"column":18},"end":{"line":500,"column":64}},"243":{"start":{"line":504,"column":8},"end":{"line":511,"column":9}},"244":{"start":{"line":505,"column":12},"end":{"line":509,"column":65}},"245":{"start":{"line":506,"column":26},"end":{"line":506,"column":29}},"246":{"start":{"line":509,"column":18},"end":{"line":509,"column":64}},"247":{"start":{"line":513,"column":8},"end":{"line":520,"column":9}},"248":{"start":{"line":514,"column":12},"end":{"line":518,"column":65}},"249":{"start":{"line":515,"column":26},"end":{"line":515,"column":29}},"250":{"start":{"line":518,"column":18},"end":{"line":518,"column":64}},"251":{"start":{"line":522,"column":8},"end":{"line":529,"column":9}},"252":{"start":{"line":523,"column":12},"end":{"line":527,"column":64}},"253":{"start":{"line":524,"column":26},"end":{"line":524,"column":29}},"254":{"start":{"line":527,"column":18},"end":{"line":527,"column":63}},"255":{"start":{"line":531,"column":8},"end":{"line":538,"column":9}},"256":{"start":{"line":532,"column":12},"end":{"line":536,"column":64}},"257":{"start":{"line":533,"column":26},"end":{"line":533,"column":29}},"258":{"start":{"line":536,"column":18},"end":{"line":536,"column":63}},"259":{"start":{"line":540,"column":8},"end":{"line":547,"column":9}},"260":{"start":{"line":541,"column":12},"end":{"line":545,"column":64}},"261":{"start":{"line":542,"column":26},"end":{"line":542,"column":29}},"262":{"start":{"line":545,"column":18},"end":{"line":545,"column":63}},"263":{"start":{"line":549,"column":8},"end":{"line":556,"column":9}},"264":{"start":{"line":550,"column":12},"end":{"line":554,"column":60}},"265":{"start":{"line":551,"column":26},"end":{"line":551,"column":29}},"266":{"start":{"line":554,"column":18},"end":{"line":554,"column":59}},"267":{"start":{"line":558,"column":8},"end":{"line":565,"column":9}},"268":{"start":{"line":559,"column":12},"end":{"line":563,"column":60}},"269":{"start":{"line":560,"column":26},"end":{"line":560,"column":29}},"270":{"start":{"line":563,"column":18},"end":{"line":563,"column":59}},"271":{"start":{"line":567,"column":8},"end":{"line":574,"column":9}},"272":{"start":{"line":568,"column":12},"end":{"line":572,"column":60}},"273":{"start":{"line":569,"column":26},"end":{"line":569,"column":29}},"274":{"start":{"line":572,"column":18},"end":{"line":572,"column":59}},"275":{"start":{"line":576,"column":8},"end":{"line":588,"column":9}},"276":{"start":{"line":577,"column":12},"end":{"line":587,"column":14}},"277":{"start":{"line":584,"column":16},"end":{"line":586,"column":84}},"278":{"start":{"line":585,"column":36},"end":{"line":585,"column":39}},"279":{"start":{"line":586,"column":41},"end":{"line":586,"column":83}},"280":{"start":{"line":591,"column":4},"end":{"line":719,"column":6}},"281":{"start":{"line":592,"column":8},"end":{"line":597,"column":11}},"282":{"start":{"line":592,"column":25},"end":{"line":597,"column":10}},"283":{"start":{"line":599,"column":8},"end":{"line":637,"column":9}},"284":{"start":{"line":600,"column":12},"end":{"line":636,"column":14}},"285":{"start":{"line":603,"column":29},"end":{"line":603,"column":38}},"286":{"start":{"line":604,"column":16},"end":{"line":604,"column":47}},"287":{"start":{"line":608,"column":16},"end":{"line":635,"column":21}},"288":{"start":{"line":610,"column":24},"end":{"line":610,"column":61}},"289":{"start":{"line":611,"column":37},"end":{"line":611,"column":56}},"290":{"start":{"line":612,"column":38},"end":{"line":612,"column":122}},"291":{"start":{"line":614,"column":24},"end":{"line":614,"column":40}},"292":{"start":{"line":615,"column":24},"end":{"line":620,"column":26}},"293":{"start":{"line":616,"column":28},"end":{"line":619,"column":29}},"294":{"start":{"line":617,"column":32},"end":{"line":617,"column":57}},"295":{"start":{"line":618,"column":32},"end":{"line":618,"column":58}},"296":{"start":{"line":621,"column":24},"end":{"line":621,"column":42}},"297":{"start":{"line":624,"column":24},"end":{"line":633,"column":30}},"298":{"start":{"line":626,"column":32},"end":{"line":628,"column":34}},"299":{"start":{"line":631,"column":32},"end":{"line":631,"column":80}},"300":{"start":{"line":632,"column":32},"end":{"line":632,"column":93}},"301":{"start":{"line":638,"column":8},"end":{"line":645,"column":9}},"302":{"start":{"line":639,"column":12},"end":{"line":643,"column":60}},"303":{"start":{"line":640,"column":26},"end":{"line":640,"column":29}},"304":{"start":{"line":643,"column":18},"end":{"line":643,"column":59}},"305":{"start":{"line":647,"column":8},"end":{"line":654,"column":9}},"306":{"start":{"line":648,"column":12},"end":{"line":652,"column":60}},"307":{"start":{"line":649,"column":26},"end":{"line":649,"column":29}},"308":{"start":{"line":652,"column":18},"end":{"line":652,"column":59}},"309":{"start":{"line":656,"column":8},"end":{"line":663,"column":9}},"310":{"start":{"line":657,"column":12},"end":{"line":661,"column":60}},"311":{"start":{"line":658,"column":26},"end":{"line":658,"column":29}},"312":{"start":{"line":661,"column":18},"end":{"line":661,"column":59}},"313":{"start":{"line":665,"column":8},"end":{"line":672,"column":9}},"314":{"start":{"line":666,"column":12},"end":{"line":670,"column":62}},"315":{"start":{"line":667,"column":26},"end":{"line":667,"column":29}},"316":{"start":{"line":670,"column":18},"end":{"line":670,"column":61}},"317":{"start":{"line":674,"column":8},"end":{"line":681,"column":9}},"318":{"start":{"line":675,"column":12},"end":{"line":679,"column":62}},"319":{"start":{"line":676,"column":26},"end":{"line":676,"column":29}},"320":{"start":{"line":679,"column":18},"end":{"line":679,"column":61}},"321":{"start":{"line":683,"column":8},"end":{"line":690,"column":9}},"322":{"start":{"line":684,"column":12},"end":{"line":688,"column":62}},"323":{"start":{"line":685,"column":26},"end":{"line":685,"column":29}},"324":{"start":{"line":688,"column":18},"end":{"line":688,"column":61}},"325":{"start":{"line":692,"column":8},"end":{"line":699,"column":9}},"326":{"start":{"line":693,"column":12},"end":{"line":697,"column":62}},"327":{"start":{"line":694,"column":26},"end":{"line":694,"column":29}},"328":{"start":{"line":697,"column":18},"end":{"line":697,"column":61}},"329":{"start":{"line":701,"column":8},"end":{"line":708,"column":9}},"330":{"start":{"line":702,"column":12},"end":{"line":706,"column":62}},"331":{"start":{"line":703,"column":26},"end":{"line":703,"column":29}},"332":{"start":{"line":706,"column":18},"end":{"line":706,"column":61}},"333":{"start":{"line":710,"column":8},"end":{"line":717,"column":9}},"334":{"start":{"line":711,"column":12},"end":{"line":715,"column":62}},"335":{"start":{"line":712,"column":26},"end":{"line":712,"column":29}},"336":{"start":{"line":715,"column":18},"end":{"line":715,"column":61}},"337":{"start":{"line":721,"column":4},"end":{"line":796,"column":6}},"338":{"start":{"line":723,"column":8},"end":{"line":729,"column":11}},"339":{"start":{"line":723,"column":25},"end":{"line":729,"column":10}},"340":{"start":{"line":730,"column":9},"end":{"line":744,"column":9}},"341":{"start":{"line":731,"column":12},"end":{"line":743,"column":14}},"342":{"start":{"line":733,"column":16},"end":{"line":733,"column":60}},"343":{"start":{"line":736,"column":16},"end":{"line":742,"column":39}},"344":{"start":{"line":738,"column":20},"end":{"line":738,"column":50}},"345":{"start":{"line":741,"column":24},"end":{"line":741,"column":62}},"346":{"start":{"line":746,"column":8},"end":{"line":751,"column":62}},"347":{"start":{"line":747,"column":12},"end":{"line":751,"column":60}},"348":{"start":{"line":748,"column":26},"end":{"line":748,"column":29}},"349":{"start":{"line":751,"column":18},"end":{"line":751,"column":59}},"350":{"start":{"line":753,"column":8},"end":{"line":759,"column":10}},"351":{"start":{"line":754,"column":12},"end":{"line":758,"column":60}},"352":{"start":{"line":755,"column":26},"end":{"line":755,"column":29}},"353":{"start":{"line":758,"column":18},"end":{"line":758,"column":59}},"354":{"start":{"line":761,"column":8},"end":{"line":768,"column":9}},"355":{"start":{"line":762,"column":12},"end":{"line":766,"column":60}},"356":{"start":{"line":763,"column":26},"end":{"line":763,"column":29}},"357":{"start":{"line":766,"column":18},"end":{"line":766,"column":59}},"358":{"start":{"line":770,"column":8},"end":{"line":777,"column":9}},"359":{"start":{"line":771,"column":12},"end":{"line":775,"column":62}},"360":{"start":{"line":772,"column":26},"end":{"line":772,"column":29}},"361":{"start":{"line":775,"column":18},"end":{"line":775,"column":61}},"362":{"start":{"line":779,"column":8},"end":{"line":786,"column":9}},"363":{"start":{"line":780,"column":12},"end":{"line":784,"column":62}},"364":{"start":{"line":781,"column":26},"end":{"line":781,"column":29}},"365":{"start":{"line":784,"column":18},"end":{"line":784,"column":61}},"366":{"start":{"line":788,"column":8},"end":{"line":795,"column":9}},"367":{"start":{"line":789,"column":12},"end":{"line":793,"column":62}},"368":{"start":{"line":790,"column":26},"end":{"line":790,"column":29}},"369":{"start":{"line":793,"column":18},"end":{"line":793,"column":61}},"370":{"start":{"line":798,"column":4},"end":{"line":839,"column":6}},"371":{"start":{"line":800,"column":8},"end":{"line":806,"column":11}},"372":{"start":{"line":800,"column":25},"end":{"line":806,"column":10}},"373":{"start":{"line":807,"column":8},"end":{"line":816,"column":10}},"374":{"start":{"line":808,"column":12},"end":{"line":808,"column":20}},"375":{"start":{"line":809,"column":12},"end":{"line":815,"column":18}},"376":{"start":{"line":811,"column":20},"end":{"line":811,"column":28}},"377":{"start":{"line":812,"column":20},"end":{"line":812,"column":52}},"378":{"start":{"line":813,"column":20},"end":{"line":813,"column":61}},"379":{"start":{"line":818,"column":8},"end":{"line":823,"column":62}},"380":{"start":{"line":819,"column":12},"end":{"line":823,"column":60}},"381":{"start":{"line":820,"column":26},"end":{"line":820,"column":29}},"382":{"start":{"line":823,"column":18},"end":{"line":823,"column":59}},"383":{"start":{"line":825,"column":8},"end":{"line":830,"column":62}},"384":{"start":{"line":826,"column":12},"end":{"line":830,"column":60}},"385":{"start":{"line":827,"column":26},"end":{"line":827,"column":29}},"386":{"start":{"line":830,"column":18},"end":{"line":830,"column":59}},"387":{"start":{"line":832,"column":8},"end":{"line":837,"column":62}},"388":{"start":{"line":833,"column":12},"end":{"line":837,"column":60}},"389":{"start":{"line":834,"column":26},"end":{"line":834,"column":29}},"390":{"start":{"line":837,"column":18},"end":{"line":837,"column":59}},"391":{"start":{"line":841,"column":4},"end":{"line":902,"column":6}},"392":{"start":{"line":842,"column":24},"end":{"line":842,"column":38}},"393":{"start":{"line":843,"column":23},"end":{"line":843,"column":33}},"394":{"start":{"line":844,"column":8},"end":{"line":844,"column":69}},"395":{"start":{"line":846,"column":8},"end":{"line":852,"column":11}},"396":{"start":{"line":846,"column":25},"end":{"line":852,"column":10}},"397":{"start":{"line":854,"column":8},"end":{"line":859,"column":10}},"398":{"start":{"line":855,"column":12},"end":{"line":858,"column":18}},"399":{"start":{"line":857,"column":20},"end":{"line":857,"column":53}},"400":{"start":{"line":861,"column":8},"end":{"line":866,"column":62}},"401":{"start":{"line":862,"column":12},"end":{"line":866,"column":60}},"402":{"start":{"line":863,"column":26},"end":{"line":863,"column":29}},"403":{"start":{"line":866,"column":18},"end":{"line":866,"column":59}},"404":{"start":{"line":868,"column":8},"end":{"line":873,"column":62}},"405":{"start":{"line":869,"column":12},"end":{"line":873,"column":60}},"406":{"start":{"line":870,"column":26},"end":{"line":870,"column":29}},"407":{"start":{"line":873,"column":18},"end":{"line":873,"column":59}},"408":{"start":{"line":875,"column":8},"end":{"line":880,"column":62}},"409":{"start":{"line":876,"column":12},"end":{"line":880,"column":60}},"410":{"start":{"line":877,"column":26},"end":{"line":877,"column":29}},"411":{"start":{"line":880,"column":18},"end":{"line":880,"column":59}},"412":{"start":{"line":882,"column":8},"end":{"line":887,"column":64}},"413":{"start":{"line":883,"column":12},"end":{"line":887,"column":62}},"414":{"start":{"line":884,"column":26},"end":{"line":884,"column":29}},"415":{"start":{"line":887,"column":18},"end":{"line":887,"column":61}},"416":{"start":{"line":889,"column":8},"end":{"line":894,"column":64}},"417":{"start":{"line":890,"column":12},"end":{"line":894,"column":62}},"418":{"start":{"line":891,"column":26},"end":{"line":891,"column":29}},"419":{"start":{"line":894,"column":18},"end":{"line":894,"column":61}},"420":{"start":{"line":896,"column":8},"end":{"line":901,"column":64}},"421":{"start":{"line":897,"column":12},"end":{"line":901,"column":62}},"422":{"start":{"line":898,"column":26},"end":{"line":898,"column":29}},"423":{"start":{"line":901,"column":18},"end":{"line":901,"column":61}},"424":{"start":{"line":904,"column":4},"end":{"line":960,"column":6}},"425":{"start":{"line":906,"column":8},"end":{"line":912,"column":11}},"426":{"start":{"line":906,"column":25},"end":{"line":912,"column":10}},"427":{"start":{"line":913,"column":8},"end":{"line":918,"column":10}},"428":{"start":{"line":914,"column":12},"end":{"line":917,"column":18}},"429":{"start":{"line":916,"column":20},"end":{"line":916,"column":58}},"430":{"start":{"line":919,"column":8},"end":{"line":924,"column":62}},"431":{"start":{"line":920,"column":12},"end":{"line":924,"column":60}},"432":{"start":{"line":921,"column":26},"end":{"line":921,"column":29}},"433":{"start":{"line":924,"column":18},"end":{"line":924,"column":59}},"434":{"start":{"line":926,"column":8},"end":{"line":931,"column":62}},"435":{"start":{"line":927,"column":12},"end":{"line":931,"column":60}},"436":{"start":{"line":928,"column":26},"end":{"line":928,"column":29}},"437":{"start":{"line":931,"column":18},"end":{"line":931,"column":59}},"438":{"start":{"line":933,"column":8},"end":{"line":938,"column":62}},"439":{"start":{"line":934,"column":12},"end":{"line":938,"column":60}},"440":{"start":{"line":935,"column":26},"end":{"line":935,"column":29}},"441":{"start":{"line":938,"column":18},"end":{"line":938,"column":59}},"442":{"start":{"line":940,"column":8},"end":{"line":945,"column":62}},"443":{"start":{"line":941,"column":12},"end":{"line":945,"column":60}},"444":{"start":{"line":942,"column":26},"end":{"line":942,"column":29}},"445":{"start":{"line":945,"column":18},"end":{"line":945,"column":59}},"446":{"start":{"line":947,"column":8},"end":{"line":952,"column":62}},"447":{"start":{"line":948,"column":12},"end":{"line":952,"column":60}},"448":{"start":{"line":949,"column":26},"end":{"line":949,"column":29}},"449":{"start":{"line":952,"column":18},"end":{"line":952,"column":59}},"450":{"start":{"line":954,"column":8},"end":{"line":959,"column":62}},"451":{"start":{"line":955,"column":12},"end":{"line":959,"column":60}},"452":{"start":{"line":956,"column":26},"end":{"line":956,"column":29}},"453":{"start":{"line":959,"column":18},"end":{"line":959,"column":59}},"454":{"start":{"line":962,"column":4},"end":{"line":991,"column":6}},"455":{"start":{"line":964,"column":8},"end":{"line":969,"column":10}},"456":{"start":{"line":965,"column":12},"end":{"line":968,"column":18}},"457":{"start":{"line":967,"column":20},"end":{"line":967,"column":58}},"458":{"start":{"line":971,"column":8},"end":{"line":976,"column":62}},"459":{"start":{"line":972,"column":12},"end":{"line":976,"column":60}},"460":{"start":{"line":973,"column":26},"end":{"line":973,"column":29}},"461":{"start":{"line":976,"column":18},"end":{"line":976,"column":59}},"462":{"start":{"line":978,"column":8},"end":{"line":983,"column":62}},"463":{"start":{"line":979,"column":12},"end":{"line":983,"column":60}},"464":{"start":{"line":980,"column":26},"end":{"line":980,"column":29}},"465":{"start":{"line":983,"column":18},"end":{"line":983,"column":59}},"466":{"start":{"line":985,"column":8},"end":{"line":990,"column":62}},"467":{"start":{"line":986,"column":12},"end":{"line":990,"column":60}},"468":{"start":{"line":987,"column":26},"end":{"line":987,"column":29}},"469":{"start":{"line":990,"column":18},"end":{"line":990,"column":59}},"470":{"start":{"line":993,"column":4},"end":{"line":1100,"column":6}},"471":{"start":{"line":994,"column":8},"end":{"line":999,"column":11}},"472":{"start":{"line":994,"column":25},"end":{"line":999,"column":10}},"473":{"start":{"line":1001,"column":8},"end":{"line":1036,"column":9}},"474":{"start":{"line":1002,"column":12},"end":{"line":1034,"column":17}},"475":{"start":{"line":1005,"column":29},"end":{"line":1005,"column":38}},"476":{"start":{"line":1006,"column":16},"end":{"line":1006,"column":47}},"477":{"start":{"line":1010,"column":16},"end":{"line":1010,"column":34}},"478":{"start":{"line":1013,"column":24},"end":{"line":1013,"column":61}},"479":{"start":{"line":1014,"column":37},"end":{"line":1014,"column":56}},"480":{"start":{"line":1015,"column":38},"end":{"line":1015,"column":122}},"481":{"start":{"line":1017,"column":24},"end":{"line":1017,"column":40}},"482":{"start":{"line":1018,"column":24},"end":{"line":1023,"column":26}},"483":{"start":{"line":1019,"column":28},"end":{"line":1022,"column":29}},"484":{"start":{"line":1020,"column":32},"end":{"line":1020,"column":57}},"485":{"start":{"line":1021,"column":32},"end":{"line":1021,"column":58}},"486":{"start":{"line":1024,"column":24},"end":{"line":1024,"column":42}},"487":{"start":{"line":1027,"column":24},"end":{"line":1032,"column":30}},"488":{"start":{"line":1029,"column":32},"end":{"line":1029,"column":40}},"489":{"start":{"line":1030,"column":32},"end":{"line":1030,"column":61}},"490":{"start":{"line":1031,"column":32},"end":{"line":1031,"column":71}},"491":{"start":{"line":1038,"column":8},"end":{"line":1043,"column":62}},"492":{"start":{"line":1039,"column":12},"end":{"line":1043,"column":60}},"493":{"start":{"line":1040,"column":26},"end":{"line":1040,"column":29}},"494":{"start":{"line":1043,"column":18},"end":{"line":1043,"column":59}},"495":{"start":{"line":1045,"column":8},"end":{"line":1050,"column":62}},"496":{"start":{"line":1046,"column":12},"end":{"line":1050,"column":60}},"497":{"start":{"line":1047,"column":26},"end":{"line":1047,"column":29}},"498":{"start":{"line":1050,"column":18},"end":{"line":1050,"column":59}},"499":{"start":{"line":1052,"column":8},"end":{"line":1057,"column":62}},"500":{"start":{"line":1053,"column":12},"end":{"line":1057,"column":60}},"501":{"start":{"line":1054,"column":26},"end":{"line":1054,"column":29}},"502":{"start":{"line":1057,"column":18},"end":{"line":1057,"column":59}},"503":{"start":{"line":1059,"column":8},"end":{"line":1064,"column":64}},"504":{"start":{"line":1060,"column":12},"end":{"line":1064,"column":62}},"505":{"start":{"line":1061,"column":26},"end":{"line":1061,"column":29}},"506":{"start":{"line":1064,"column":18},"end":{"line":1064,"column":61}},"507":{"start":{"line":1066,"column":8},"end":{"line":1071,"column":64}},"508":{"start":{"line":1067,"column":12},"end":{"line":1071,"column":62}},"509":{"start":{"line":1068,"column":26},"end":{"line":1068,"column":29}},"510":{"start":{"line":1071,"column":18},"end":{"line":1071,"column":61}},"511":{"start":{"line":1073,"column":8},"end":{"line":1078,"column":64}},"512":{"start":{"line":1074,"column":12},"end":{"line":1078,"column":62}},"513":{"start":{"line":1075,"column":26},"end":{"line":1075,"column":29}},"514":{"start":{"line":1078,"column":18},"end":{"line":1078,"column":61}},"515":{"start":{"line":1080,"column":8},"end":{"line":1085,"column":64}},"516":{"start":{"line":1081,"column":12},"end":{"line":1085,"column":62}},"517":{"start":{"line":1082,"column":26},"end":{"line":1082,"column":29}},"518":{"start":{"line":1085,"column":18},"end":{"line":1085,"column":61}},"519":{"start":{"line":1087,"column":8},"end":{"line":1092,"column":64}},"520":{"start":{"li
[...]
rt":{"line":959,"column":18},"end":{"line":959,"column":59}},"line":959},"297":{"name":"(anonymous_297)","decl":{"start":{"line":962,"column":39},"end":{"line":962,"column":40}},"loc":{"start":{"line":962,"column":45},"end":{"line":991,"column":5}},"line":962},"298":{"name":"(anonymous_298)","decl":{"start":{"line":964,"column":38},"end":{"line":964,"column":39}},"loc":{"start":{"line":964,"column":44},"end":{"line":969,"column":9}},"line":964},"299":{"name":"(anonymous_299)","decl":{"start":{"line":966,"column":22},"end":{"line":966,"column":23}},"loc":{"start":{"line":966,"column":36},"end":{"line":968,"column":17}},"line":966},"300":{"name":"(anonymous_300)","decl":{"start":{"line":971,"column":63},"end":{"line":971,"column":64}},"loc":{"start":{"line":971,"column":68},"end":{"line":976,"column":61}},"line":971},"301":{"name":"(anonymous_301)","decl":{"start":{"line":973,"column":19},"end":{"line":973,"column":20}},"loc":{"start":{"line":973,"column":26},"end":{"line":973,"column":29}},"line":973},"302":{"name":"(anonymous_302)","decl":{"start":{"line":974,"column":18},"end":{"line":974,"column":19}},"loc":{"start":{"line":976,"column":18},"end":{"line":976,"column":59}},"line":976},"303":{"name":"(anonymous_303)","decl":{"start":{"line":978,"column":59},"end":{"line":978,"column":60}},"loc":{"start":{"line":978,"column":64},"end":{"line":983,"column":61}},"line":978},"304":{"name":"(anonymous_304)","decl":{"start":{"line":980,"column":19},"end":{"line":980,"column":20}},"loc":{"start":{"line":980,"column":26},"end":{"line":980,"column":29}},"line":980},"305":{"name":"(anonymous_305)","decl":{"start":{"line":981,"column":18},"end":{"line":981,"column":19}},"loc":{"start":{"line":983,"column":18},"end":{"line":983,"column":59}},"line":983},"306":{"name":"(anonymous_306)","decl":{"start":{"line":985,"column":60},"end":{"line":985,"column":61}},"loc":{"start":{"line":985,"column":65},"end":{"line":990,"column":61}},"line":985},"307":{"name":"(anonymous_307)","decl":{"start":{"line":987,"column":19},"end":{"line":987,"column":20}},"loc":{"start":{"line":987,"column":26},"end":{"line":987,"column":29}},"line":987},"308":{"name":"(anonymous_308)","decl":{"start":{"line":988,"column":18},"end":{"line":988,"column":19}},"loc":{"start":{"line":990,"column":18},"end":{"line":990,"column":59}},"line":990},"309":{"name":"(anonymous_309)","decl":{"start":{"line":993,"column":46},"end":{"line":993,"column":47}},"loc":{"start":{"line":993,"column":52},"end":{"line":1100,"column":5}},"line":993},"310":{"name":"(anonymous_310)","decl":{"start":{"line":994,"column":19},"end":{"line":994,"column":20}},"loc":{"start":{"line":994,"column":25},"end":{"line":999,"column":10}},"line":994},"311":{"name":"(anonymous_311)","decl":{"start":{"line":1001,"column":41},"end":{"line":1001,"column":42}},"loc":{"start":{"line":1002,"column":12},"end":{"line":1034,"column":17}},"line":1002},"312":{"name":"(anonymous_312)","decl":{"start":{"line":1004,"column":20},"end":{"line":1004,"column":21}},"loc":{"start":{"line":1004,"column":28},"end":{"line":1011,"column":13}},"line":1004},"313":{"name":"(anonymous_313)","decl":{"start":{"line":1012,"column":26},"end":{"line":1012,"column":27}},"loc":{"start":{"line":1012,"column":34},"end":{"line":1025,"column":21}},"line":1012},"314":{"name":"(anonymous_314)","decl":{"start":{"line":1018,"column":43},"end":{"line":1018,"column":44}},"loc":{"start":{"line":1018,"column":54},"end":{"line":1023,"column":25}},"line":1018},"315":{"name":"(anonymous_315)","decl":{"start":{"line":1026,"column":26},"end":{"line":1026,"column":27}},"loc":{"start":{"line":1026,"column":34},"end":{"line":1033,"column":21}},"line":1026},"316":{"name":"(anonymous_316)","decl":{"start":{"line":1028,"column":34},"end":{"line":1028,"column":35}},"loc":{"start":{"line":1028,"column":49},"end":{"line":1032,"column":29}},"line":1028},"317":{"name":"(anonymous_317)","decl":{"start":{"line":1038,"column":70},"end":{"line":1038,"column":71}},"loc":{"start":{"line":1038,"column":75},"end":{"line":1043,"column":61}},"line":1038},"318":{"name":"(anonymous_318)","decl":{"start":{"line":1040,"column":19},"end":{"line":1040,"column":20}},"loc":{"start":{"line":1040,"column":26},"end":{"line":1040,"column":29}},"line":1040},"319":{"name":"(anonymous_319)","decl":{"start":{"line":1041,"column":18},"end":{"line":1041,"column":19}},"loc":{"start":{"line":1043,"column":18},"end":{"line":1043,"column":59}},"line":1043},"320":{"name":"(anonymous_320)","decl":{"start":{"line":1045,"column":66},"end":{"line":1045,"column":67}},"loc":{"start":{"line":1045,"column":71},"end":{"line":1050,"column":61}},"line":1045},"321":{"name":"(anonymous_321)","decl":{"start":{"line":1047,"column":19},"end":{"line":1047,"column":20}},"loc":{"start":{"line":1047,"column":26},"end":{"line":1047,"column":29}},"line":1047},"322":{"name":"(anonymous_322)","decl":{"start":{"line":1048,"column":18},"end":{"line":1048,"column":19}},"loc":{"start":{"line":1050,"column":18},"end":{"line":1050,"column":59}},"line":1050},"323":{"name":"(anonymous_323)","decl":{"start":{"line":1052,"column":68},"end":{"line":1052,"column":69}},"loc":{"start":{"line":1052,"column":73},"end":{"line":1057,"column":61}},"line":1052},"324":{"name":"(anonymous_324)","decl":{"start":{"line":1054,"column":19},"end":{"line":1054,"column":20}},"loc":{"start":{"line":1054,"column":26},"end":{"line":1054,"column":29}},"line":1054},"325":{"name":"(anonymous_325)","decl":{"start":{"line":1055,"column":18},"end":{"line":1055,"column":19}},"loc":{"start":{"line":1057,"column":18},"end":{"line":1057,"column":59}},"line":1057},"326":{"name":"(anonymous_326)","decl":{"start":{"line":1059,"column":70},"end":{"line":1059,"column":71}},"loc":{"start":{"line":1059,"column":75},"end":{"line":1064,"column":63}},"line":1059},"327":{"name":"(anonymous_327)","decl":{"start":{"line":1061,"column":19},"end":{"line":1061,"column":20}},"loc":{"start":{"line":1061,"column":26},"end":{"line":1061,"column":29}},"line":1061},"328":{"name":"(anonymous_328)","decl":{"start":{"line":1062,"column":18},"end":{"line":1062,"column":19}},"loc":{"start":{"line":1064,"column":18},"end":{"line":1064,"column":61}},"line":1064},"329":{"name":"(anonymous_329)","decl":{"start":{"line":1066,"column":68},"end":{"line":1066,"column":69}},"loc":{"start":{"line":1066,"column":73},"end":{"line":1071,"column":63}},"line":1066},"330":{"name":"(anonymous_330)","decl":{"start":{"line":1068,"column":19},"end":{"line":1068,"column":20}},"loc":{"start":{"line":1068,"column":26},"end":{"line":1068,"column":29}},"line":1068},"331":{"name":"(anonymous_331)","decl":{"start":{"line":1069,"column":18},"end":{"line":1069,"column":19}},"loc":{"start":{"line":1071,"column":18},"end":{"line":1071,"column":61}},"line":1071},"332":{"name":"(anonymous_332)","decl":{"start":{"line":1073,"column":72},"end":{"line":1073,"column":73}},"loc":{"start":{"line":1073,"column":77},"end":{"line":1078,"column":63}},"line":1073},"333":{"name":"(anonymous_333)","decl":{"start":{"line":1075,"column":19},"end":{"line":1075,"column":20}},"loc":{"start":{"line":1075,"column":26},"end":{"line":1075,"column":29}},"line":1075},"334":{"name":"(anonymous_334)","decl":{"start":{"line":1076,"column":18},"end":{"line":1076,"column":19}},"loc":{"start":{"line":1078,"column":18},"end":{"line":1078,"column":61}},"line":1078},"335":{"name":"(anonymous_335)","decl":{"start":{"line":1080,"column":68},"end":{"line":1080,"column":69}},"loc":{"start":{"line":1080,"column":73},"end":{"line":1085,"column":63}},"line":1080},"336":{"name":"(anonymous_336)","decl":{"start":{"line":1082,"column":19},"end":{"line":1082,"column":20}},"loc":{"start":{"line":1082,"column":26},"end":{"line":1082,"column":29}},"line":1082},"337":{"name":"(anonymous_337)","decl":{"start":{"line":1083,"column":18},"end":{"line":1083,"column":19}},"loc":{"start":{"line":1085,"column":18},"end":{"line":1085,"column":61}},"line":1085},"338":{"name":"(anonymous_338)","decl":{"start":{"line":1087,"column":70},"end":{"line":1087,"column":71}},"loc":{"start":{"line":1087,"column":75},"end":{"line":1092,"column":63}},"line":1087},"339":{"name":"(anonymous_339)","decl":{"start":{"line":1089,"column":19},"end":{"line":1089,"column":20}},"loc":{"start":{"line":1089,"column":26},"end":{"line":1089,"column":29}},"line":1089},"340":{"name":"(anonymous_340)","decl":{"start":{"line":1090,"column":18},"end":{"line":1090,"column":19}},"loc":{"start":{"line":1092,"column":18},"end":{"line":1092,"column":61}},"line":1092},"341":{"name":"(anonymous_341)","decl":{"start":{"line":1094,"column":72},"end":{"line":1094,"column":73}},"loc":{"start":{"line":1094,"column":77},"end":{"line":1099,"column":63}},"line":1094},"342":{"name":"(anonymous_342)","decl":{"start":{"line":1096,"column":19},"end":{"line":1096,"column":20}},"loc":{"start":{"line":1096,"column":26},"end":{"line":1096,"column":29}},"line":1096},"343":{"name":"(anonymous_343)","decl":{"start":{"line":1097,"column":18},"end":{"line":1097,"column":19}},"loc":{"start":{"line":1099,"column":18},"end":{"line":1099,"column":61}},"line":1099}},"branchMap":{"0":{"loc":{"start":{"line":61,"column":4},"end":{"line":79,"column":6}},"type":"binary-expr","locations":[{"start":{"line":61,"column":4},"end":{"line":61,"column":10}},{"start":{"line":61,"column":14},"end":{"line":79,"column":6}}],"line":61},"1":{"loc":{"start":{"line":81,"column":4},"end":{"line":195,"column":6}},"type":"binary-expr","locations":[{"start":{"line":81,"column":4},"end":{"line":81,"column":10}},{"start":{"line":81,"column":14},"end":{"line":195,"column":6}}],"line":81},"2":{"loc":{"start":{"line":197,"column":4},"end":{"line":259,"column":6}},"type":"binary-expr","locations":[{"start":{"line":197,"column":4},"end":{"line":197,"column":10}},{"start":{"line":197,"column":14},"end":{"line":259,"column":6}}],"line":197},"3":{"loc":{"start":{"line":261,"column":4},"end":{"line":360,"column":6}},"type":"binary-expr","locations":[{"start":{"line":261,"column":4},"end":{"line":261,"column":10}},{"start":{"line":261,"column":14},"end":{"line":360,"column":6}}],"line":261},"4":{"loc":{"start":{"line":362,"column":4},"end":{"line":435,"column":6}},"type":"binary-expr","locations":[{"start":{"line":362,"column":4},"end":{"line":362,"column":10}},{"start":{"line":362,"column":14},"end":{"line":435,"column":6}}],"line":362},"5":{"loc":{"start":{"line":437,"column":4},"end":{"line":589,"column":6}},"type":"binary-expr","locations":[{"start":{"line":437,"column":4},"end":{"line":437,"column":10}},{"start":{"line":437,"column":14},"end":{"line":589,"column":6}}],"line":437},"6":{"loc":{"start":{"line":591,"column":4},"end":{"line":719,"column":6}},"type":"binary-expr","locations":[{"start":{"line":591,"column":4},"end":{"line":591,"column":10}},{"start":{"line":591,"column":14},"end":{"line":719,"column":6}}],"line":591},"7":{"loc":{"start":{"line":616,"column":28},"end":{"line":619,"column":29}},"type":"if","locations":[{"start":{"line":616,"column":28},"end":{"line":619,"column":29}},{"start":{"line":616,"column":28},"end":{"line":619,"column":29}}],"line":616},"8":{"loc":{"start":{"line":721,"column":4},"end":{"line":796,"column":6}},"type":"binary-expr","locations":[{"start":{"line":721,"column":4},"end":{"line":721,"column":10}},{"start":{"line":721,"column":14},"end":{"line":796,"column":6}}],"line":721},"9":{"loc":{"start":{"line":798,"column":4},"end":{"line":839,"column":6}},"type":"binary-expr","locations":[{"start":{"line":798,"column":4},"end":{"line":798,"column":10}},{"start":{"line":798,"column":14},"end":{"line":839,"column":6}}],"line":798},"10":{"loc":{"start":{"line":841,"column":4},"end":{"line":902,"column":6}},"type":"binary-expr","locations":[{"start":{"line":841,"column":4},"end":{"line":841,"column":10}},{"start":{"line":841,"column":14},"end":{"line":902,"column":6}}],"line":841},"11":{"loc":{"start":{"line":904,"column":4},"end":{"line":960,"column":6}},"type":"binary-expr","locations":[{"start":{"line":904,"column":4},"end":{"line":904,"column":10}},{"start":{"line":904,"column":14},"end":{"line":960,"column":6}}],"line":904},"12":{"loc":{"start":{"line":962,"column":4},"end":{"line":991,"column":6}},"type":"binary-expr","locations":[{"start":{"line":962,"column":4},"end":{"line":962,"column":10}},{"start":{"line":962,"column":14},"end":{"line":991,"column":6}}],"line":962},"13":{"loc":{"start":{"line":993,"column":4},"end":{"line":1100,"column":6}},"type":"binary-expr","locations":[{"start":{"line":993,"column":4},"end":{"line":993,"column":10}},{"start":{"line":993,"column":14},"end":{"line":1100,"column":6}}],"line":993},"14":{"loc":{"start":{"line":1019,"column":28},"end":{"line":1022,"column":29}},"type":"if","locations":[{"start":{"line":1019,"column":28},"end":{"line":1022,"column":29}},{"start":{"line":1019,"column":28},"end":{"line":1022,"column":29}}],"line":1019}},"s":{"0":1,"1":1,"2":1,"3":1,"4":1,"5":1,"6":1,"7":1,"8":1,"9":1,"10":1,"11":1,"12":1,"13":1,"14":1,"15":1,"16":1,"17":1,"18":1,"19":103,"20":1,"21":1,"22":1,"23":1,"24":1,"25":1,"26":0,"27":1,"28":0,"29":1,"30":0,"31":1,"32":1,"33":1,"34":1,"35":1,"36":1,"37":1,"38":1,"39":1,"40":1,"41":1,"42":1,"43":1,"44":1,"45":1,"46":1,"47":1,"48":1,"49":1,"50":1,"51":1,"52":1,"53":1,"54":1,"55":1,"56":1,"57":1,"58":1,"59":1,"60":1,"61":1,"62":1,"63":1,"64":1,"65":1,"66":1,"67":1,"68":1,"69":1,"70":1,"71":1,"72":1,"73":1,"74":1,"75":1,"76":1,"77":1,"78":1,"79":1,"80":1,"81":1,"82":1,"83":1,"84":1,"85":1,"86":1,"87":1,"88":1,"89":1,"90":1,"91":1,"92":1,"93":1,"94":1,"95":1,"96":1,"97":1,"98":1,"99":7,"100":1,"101":1,"102":1,"103":1,"104":1,"105":1,"106":1,"107":1,"108":1,"109":1,"110":1,"111":1,"112":1,"113":1,"114":1,"115":1,"116":1,"117":1,"118":1,"119":1,"120":1,"121":1,"122":1,"123":1,"124":1,"125":1,"126":1,"127":1,"128":1,"129":1,"130":10,"131":1,"132":1,"133":1,"134":1,"135":1,"136":1,"137":1,"138":1,"139":1,"140":1,"141":1,"142":1,"143":1,"144":1,"145":1,"146":1,"147":1,"148":1,"149":1,"150":1,"151":1,"152":1,"153":1,"154":1,"155":1,"156":1,"157":1,"158":1,"159":1,"160":1,"161":1,"162":1,"163":1,"164":1,"165":1,"166":1,"167":1,"168":1,"169":1,"170":1,"171":1,"172":1,"173":1,"174":1,"175":1,"176":1,"177":1,"178":7,"179":1,"180":1,"181":1,"182":1,"183":1,"184":1,"185":1,"186":1,"187":1,"188":1,"189":1,"190":1,"191":1,"192":1,"193":1,"194":1,"195":1,"196":1,"197":1,"198":1,"199":1,"200":1,"201":1,"202":1,"203":1,"204":1,"205":1,"206":1,"207":1,"208":1,"209":1,"210":1,"211":1,"212":1,"213":14,"214":1,"215":1,"216":1,"217":1,"218":1,"219":1,"220":1,"221":1,"222":1,"223":1,"224":1,"225":1,"226":1,"227":1,"228":1,"229":1,"230":1,"231":1,"232":1,"233":1,"234":1,"235":1,"236":1,"237":1,"238":1,"239":1,"240":1,"241":1,"242":1,"243":1,"244":1,"245":1,"246":1,"247":1,"248":1,"249":1,"250":1,"251":1,"252":1,"253":1,"254":1,"255":1,"256":1,"257":1,"258":1,"259":1,"260":1,"261":1,"262":1,"263":1,"264":1,"265":1,"266":1,"267":1,"268":1,"269":1,"270":1,"271":1,"272":1,"273":1,"274":1,"275":1,"276":1,"277":1,"278":1,"279":1,"280":1,"281":1,"282":10,"283":1,"284":1,"285":1,"286":1,"287":1,"288":1,"289":1,"290":1,"291":1,"292":1,"293":1,"294":1,"295":1,"296":1,"297":1,"298":1,"299":1,"300":1,"301":1,"302":1,"303":1,"304":1,"305":1,"306":1,"307":1,"308":1,"309":1,"310":1,"311":1,"312":1,"313":1,"314":1,"315":1,"316":1,"317":1,"318":1,"319":1,"320":1,"321":1,"322":1,"323":1,"324":1,"325":1,"326":1,"327":1,"328":1,"329":1,"330":1,"331":1,"332":1,"333":1,"334":1,"335":1,"336":1,"337":1,"338":1,"339":7,"340":1,"341":1,"342":1,"343":1,"344":1,"345":1,"346":1,"347":1,"348":1,"349":1,"350":1,"351":1,"352":1,"353":1,"354":1,"355":1,"356":1,"357":1,"358":1,"359":1,"360":1,"361":1,"362":1,"363":1,"364":1,"365":1,"366":1,"367":1,"368":1,"369":1,"370":1,"371":1,"372":4,"373":1,"374":1,"375":1,"376":1,"377":1,"378":1,"379":1,"380":1,"381":1,"382":1,"383":1,"384":1,"385":1,"386":1,"387":1,"388":1,"389":1,"390":1,"391":1,"392":1,"393":1,"394":1,"395":1,"396":7,"397":1,"398":1,"399":1,"400":1,"401":1,"402":1,"403":1,"404":1,"405":1,"406":1,"407":1,"408":1,"409":1,"410":1,"411":1,"412":1,"413":1,"414":1,"415":1,"416":1,"417":1,"418":1,"419":1,"420":1,"421":1,"422":1,"423":1,"424":1,"425":1,"426":7,"427":1,"428":1,"429":1,"430":1,"431":1,"432":1,"433":1,"434":1,"435":1,"436":1,"437":1,"438":1,"439":1,"440":1,"441":1,"442":1,"443":1,"444":1,"445":1,"446":1,"447":1,"448":1,"449":1,"450":1,"451":1,"452":1,"453":1,"454":1,"455":1,"456":1,"457":1,"458":1,"459":1,"460":1,"461":1,"462":1,"463":1,"464":1,"465":1,"466":1,"467":1,"468":1,"469":1,"470":1,"471":1,"472":10,"473":1,"474":1,"475":1,"476":1,"477":1,"478":1,"479":1,"480":1,"481":1,"482":1,"483":1,"484":1,"485":1,"486":1,"487":1,"488":1,"489":1,"490":1,"491":1,"492":1,"493":1,"494":1,"495":1,"496":1,"497":1,"498":1,"499":1,"500":1,"501":1,"502":1,"503":1,"504":1,"505":1,"506":1,"507":1,"508":1,"509":1,"510":1,"511":1,"512":1,"513":1,"514":1,"515":1,"516":1,"517":1,"518":1,"519":1,"520":1,"521":1,"522":1,"523":1,"524":1,"525":1,"526":1},"f":{"0":1,"1":1,"2":1,"3":103,"4":1,"5":1,"6":1,"7":1,"8":0,"9":0,"10":0,"11":1,"12":1,"13":1,"14":1,"15":1,"16":1,"17":1,"18":1,"19":1,"20":1,"21":1,"22":1,"23":1,"24":1,"25":1,"26":1,"27":1,"28":1,"29":1,"30":1,"31":1,"32":1,"33":1,"34":1,"35":1,"36":1,"37":1,"38":1,"39":1,"40":1,"41":1,"42":1,"43":1,"44":1,"45":1,"46":1,"47":1,"48":1,"49":1,"50":1,"51":1,"52":1,"53":1,"54":1,"55":1,"56":1,"57":7,"58":1,"59":1,"60":1,"61":1,"62":1,"63":1,"64":1,"65":1,"66":1,"67":1,"68":1,"69":1,"70":1,"71":1,"72":1,"73":1,"74":1,"75":1,"76":1,"77":1,"78":1,"79":10,"80":1,"81":1,"82":1,"83":1,"84":1,"85":1,"86":1,"87":1,"88":1,"89":1,"90":1,"91":1,"92":1,"93":1,"94":1,"95":1,"96":1,"97":1,"98":1,"99":1,"100":1,"101":1,"102":1,"103":1,"104":1,"105":1,"106":1,"107":1,"108":1,"109":1,"110":1,"111":7,"112":1,"113":1,"114":1,"115":1,"116":1,"117":1,"118":1,"119":1,"120":1,"121":1,"122":1,"123":1,"124":1,"125":1,"126":1,"127":1,"128":1,"129":1,"130":1,"131":1,"132":1,"133":1,"134":14,"135":1,"136":1,"137":1,"138":1,"139":1,"140":1,"141":1,"142":1,"143":1,"144":1,"145":1,"146":1,"147":1,"148":1,"149":1,"150":1,"151":1,"152":1,"153":1,"154":1,"155":1,"156":1,"157":1,"158":1,"159":1,"160":1,"161":1,"162":1,"163":1,"164":1,"165":1,"166":1,"167":1,"168":1,"169":1,"170":1,"171":1,"172":1,"173":1,"174":1,"175":1,"176":1,"177":1,"178":1,"179":1,"180":10,"181":1,"182":1,"183":1,"184":1,"185":1,"186":1,"187":1,"188":1,"189":1,"190":1,"191":1,"192":1,"193":1,"194":1,"195":1,"196":1,"197":1,"198":1,"199":1,"200":1,"201":1,"202":1,"203":1,"204":1,"205":1,"206":1,"207":1,"208":1,"209":1,"210":1,"211":1,"212":1,"213":1,"214":1,"215":1,"216":7,"217":1,"218":1,"219":1,"220":1,"221":1,"222":1,"223":1,"224":1,"225":1,"226":1,"227":1,"228":1,"229":1,"230":1,"231":1,"232":1,"233":1,"234":1,"235":1,"236":1,"237":1,"238":1,"239":1,"240":1,"241":4,"242":1,"243":1,"244":1,"245":1,"246":1,"247":1,"248":1,"249":1,"250":1,"251":1,"252":1,"253":1,"254":7,"255":1,"256":1,"257":1,"258":1,"259":1,"260":1,"261":1,"262":1,"263":1,"264":1,"265":1,"266":1,"267":1,"268":1,"269":1,"270":1,"271":1,"272":1,"273":1,"274":1,"275":1,"276":7,"277":1,"278":1,"279":1,"280":1,"281":1,"282":1,"283":1,"284":1,"285":1,"286":1,"287":1,"288":1,"289":1,"290":1,"291":1,"292":1,"293":1,"294":1,"295":1,"296":1,"297":1,"298":1,"299":1,"300":1,"301":1,"302":1,"303":1,"304":1,"305":1,"306":1,"307":1,"308":1,"309":1,"310":10,"311":1,"312":1,"313":1,"314":1,"315":1,"316":1,"317":1,"318":1,"319":1,"320":1,"321":1,"322":1,"323":1,"324":1,"325":1,"326":1,"327":1,"328":1,"329":1,"330":1,"331":1,"332":1,"333":1,"334":1,"335":1,"336":1,"337":1,"338":1,"339":1,"340":1,"341":1,"342":1,"343":1},"b":{"0":[1,1],"1":[1,1],"2":[1,1],"3":[1,1],"4":[1,1],"5":[1,1],"6":[1,1],"7":[1,0],"8":[1,1],"9":[1,1],"10":[1,1],"11":[1,1],"12":[1,1],"13":[1,1],"14":[1,0]},"_coverageSchema":"d34fc3e6b8297bcde183f5492bcb8fcb36775295","hash":"b2ed8991e968a1e7d6c92acd4ac85ad06de44fe7","contentHash":"bb887efcc8c17e6b547b3239a72e2739"}}