{"C:\\Users\\usuario\\bootcamp\\collab\\skylab-bootcamp-201807\\staff\\maider-hernandorena\\reminder-app\\reminder-api\\logic\\index.js":{"path":"C:\\Users\\usuario\\bootcamp\\collab\\skylab-bootcamp-201807\\staff\\maider-hernandorena\\reminder-app\\reminder-api\\logic\\index.js","statementMap":{"0":{"start":{"line":3,"column":15},"end":{"line":3,"column":32}},"1":{"start":{"line":4,"column":99},"end":{"line":4,"column":123}},"2":{"start":{"line":6,"column":14},"end":{"line":937,"column":1}},"3":{"start":{"line":16,"column":8},"end":{"line":16,"column":95}},"4":{"start":{"line":16,"column":56},"end":{"line":16,"column":95}},"5":{"start":{"line":27,"column":8},"end":{"line":27,"column":110}},"6":{"start":{"line":27,"column":72},"end":{"line":27,"column":110}},"7":{"start":{"line":38,"column":8},"end":{"line":38,"column":129}},"8":{"start":{"line":38,"column":91},"end":{"line":38,"column":129}},"9":{"start":{"line":49,"column":8},"end":{"line":49,"column":131}},"10":{"start":{"line":49,"column":91},"end":{"line":49,"column":131}},"11":{"start":{"line":60,"column":8},"end":{"line":60,"column":77}},"12":{"start":{"line":60,"column":38},"end":{"line":60,"column":77}},"13":{"start":{"line":77,"column":8},"end":{"line":89,"column":14}},"14":{"start":{"line":79,"column":16},"end":{"line":79,"column":55}},"15":{"start":{"line":80,"column":16},"end":{"line":80,"column":63}},"16":{"start":{"line":82,"column":16},"end":{"line":82,"column":47}},"17":{"start":{"line":85,"column":16},"end":{"line":85,"column":90}},"18":{"start":{"line":85,"column":29},"end":{"line":85,"column":90}},"19":{"start":{"line":86,"column":16},"end":{"line":86,"column":88}},"20":{"start":{"line":86,"column":50},"end":{"line":86,"column":88}},"21":{"start":{"line":88,"column":16},"end":{"line":88,"column":29}},"22":{"start":{"line":104,"column":8},"end":{"line":118,"column":14}},"23":{"start":{"line":106,"column":16},"end":{"line":106,"column":50}},"24":{"start":{"line":108,"column":16},"end":{"line":108,"column":54}},"25":{"start":{"line":111,"column":16},"end":{"line":111,"column":92}},"26":{"start":{"line":111,"column":30},"end":{"line":111,"column":92}},"27":{"start":{"line":113,"column":16},"end":{"line":113,"column":51}},"28":{"start":{"line":114,"column":16},"end":{"line":114,"column":34}},"29":{"start":{"line":115,"column":16},"end":{"line":115,"column":34}},"30":{"start":{"line":117,"column":16},"end":{"line":117,"column":30}},"31":{"start":{"line":130,"column":8},"end":{"line":146,"column":14}},"32":{"start":{"line":132,"column":16},"end":{"line":132,"column":55}},"33":{"start":{"line":134,"column":16},"end":{"line":134,"column":52}},"34":{"start":{"line":137,"column":16},"end":{"line":137,"column":95}},"35":{"start":{"line":137,"column":31},"end":{"line":137,"column":95}},"36":{"start":{"line":138,"column":16},"end":{"line":144,"column":17}},"37":{"start":{"line":139,"column":20},"end":{"line":143,"column":22}},"38":{"start":{"line":140,"column":24},"end":{"line":140,"column":59}},"39":{"start":{"line":141,"column":24},"end":{"line":141,"column":42}},"40":{"start":{"line":142,"column":24},"end":{"line":142,"column":42}},"41":{"start":{"line":145,"column":16},"end":{"line":145,"column":37}},"42":{"start":{"line":156,"column":8},"end":{"line":168,"column":14}},"43":{"start":{"line":157,"column":24},"end":{"line":157,"column":45}},"44":{"start":{"line":159,"column":16},"end":{"line":159,"column":95}},"45":{"start":{"line":159,"column":31},"end":{"line":159,"column":95}},"46":{"start":{"line":160,"column":16},"end":{"line":166,"column":17}},"47":{"start":{"line":161,"column":20},"end":{"line":165,"column":22}},"48":{"start":{"line":162,"column":24},"end":{"line":162,"column":59}},"49":{"start":{"line":163,"column":24},"end":{"line":163,"column":42}},"50":{"start":{"line":164,"column":24},"end":{"line":164,"column":42}},"51":{"start":{"line":167,"column":16},"end":{"line":167,"column":37}},"52":{"start":{"line":188,"column":8},"end":{"line":219,"column":29}},"53":{"start":{"line":190,"column":16},"end":{"line":190,"column":51}},"54":{"start":{"line":191,"column":16},"end":{"line":191,"column":50}},"55":{"start":{"line":192,"column":16},"end":{"line":192,"column":55}},"56":{"start":{"line":193,"column":16},"end":{"line":193,"column":63}},"57":{"start":{"line":194,"column":16},"end":{"line":194,"column":65}},"58":{"start":{"line":196,"column":16},"end":{"line":196,"column":47}},"59":{"start":{"line":199,"column":16},"end":{"line":199,"column":92}},"60":{"start":{"line":199,"column":30},"end":{"line":199,"column":92}},"61":{"start":{"line":200,"column":16},"end":{"line":200,"column":92}},"62":{"start":{"line":200,"column":35},"end":{"line":200,"column":92}},"63":{"start":{"line":202,"column":34},"end":{"line":202,"column":63}},"64":{"start":{"line":204,"column":37},"end":{"line":206,"column":18}},"65":{"start":{"line":205,"column":20},"end":{"line":205,"column":51}},"66":{"start":{"line":208,"column":16},"end":{"line":215,"column":17}},"67":{"start":{"line":209,"column":20},"end":{"line":213,"column":22}},"68":{"start":{"line":210,"column":24},"end":{"line":212,"column":25}},"69":{"start":{"line":211,"column":28},"end":{"line":211,"column":65}},"70":{"start":{"line":214,"column":20},"end":{"line":214,"column":41}},"71":{"start":{"line":217,"column":16},"end":{"line":217,"column":105}},"72":{"start":{"line":219,"column":24},"end":{"line":219,"column":28}},"73":{"start":{"line":233,"column":8},"end":{"line":246,"column":29}},"74":{"start":{"line":235,"column":16},"end":{"line":235,"column":51}},"75":{"start":{"line":236,"column":16},"end":{"line":236,"column":50}},"76":{"start":{"line":237,"column":16},"end":{"line":237,"column":55}},"77":{"start":{"line":239,"column":16},"end":{"line":239,"column":47}},"78":{"start":{"line":242,"column":16},"end":{"line":242,"column":92}},"79":{"start":{"line":242,"column":30},"end":{"line":242,"column":92}},"80":{"start":{"line":244,"column":16},"end":{"line":244,"column":100}},"81":{"start":{"line":246,"column":24},"end":{"line":246,"column":28}},"82":{"start":{"line":258,"column":8},"end":{"line":280,"column":14}},"83":{"start":{"line":260,"column":16},"end":{"line":260,"column":51}},"84":{"start":{"line":262,"column":16},"end":{"line":262,"column":68}},"85":{"start":{"line":265,"column":16},"end":{"line":265,"column":90}},"86":{"start":{"line":265,"column":30},"end":{"line":265,"column":90}},"87":{"start":{"line":267,"column":33},"end":{"line":267,"column":79}},"88":{"start":{"line":267,"column":69},"end":{"line":267,"column":78}},"89":{"start":{"line":269,"column":16},"end":{"line":269,"column":33}},"90":{"start":{"line":272,"column":16},"end":{"line":278,"column":17}},"91":{"start":{"line":273,"column":20},"end":{"line":277,"column":22}},"92":{"start":{"line":274,"column":24},"end":{"line":274,"column":63}},"93":{"start":{"line":275,"column":24},"end":{"line":275,"column":44}},"94":{"start":{"line":276,"column":24},"end":{"line":276,"column":44}},"95":{"start":{"line":279,"column":16},"end":{"line":279,"column":39}},"96":{"start":{"line":300,"column":8},"end":{"line":326,"column":14}},"97":{"start":{"line":302,"column":16},"end":{"line":302,"column":55}},"98":{"start":{"line":303,"column":16},"end":{"line":303,"column":50}},"99":{"start":{"line":304,"column":16},"end":{"line":304,"column":55}},"100":{"start":{"line":305,"column":16},"end":{"line":305,"column":53}},"101":{"start":{"line":307,"column":16},"end":{"line":325,"column":22}},"102":{"start":{"line":309,"column":24},"end":{"line":309,"column":100}},"103":{"start":{"line":309,"column":37},"end":{"line":309,"column":100}},"104":{"start":{"line":311,"column":24},"end":{"line":324,"column":30}},"105":{"start":{"line":313,"column":32},"end":{"line":313,"column":108}},"106":{"start":{"line":313,"column":46},"end":{"line":313,"column":108}},"107":{"start":{"line":315,"column":32},"end":{"line":323,"column":55}},"108":{"start":{"line":317,"column":40},"end":{"line":317,"column":110}},"109":{"start":{"line":317,"column":50},"end":{"line":317,"column":110}},"110":{"start":{"line":319,"column":56},"end":{"line":319,"column":110}},"111":{"start":{"line":321,"column":40},"end":{"line":321,"column":67}},"112":{"start":{"line":323,"column":50},"end":{"line":323,"column":54}},"113":{"start":{"line":343,"column":8},"end":{"line":367,"column":14}},"114":{"start":{"line":345,"column":16},"end":{"line":345,"column":55}},"115":{"start":{"line":346,"column":16},"end":{"line":346,"column":50}},"116":{"start":{"line":347,"column":16},"end":{"line":347,"column":55}},"117":{"start":{"line":348,"column":16},"end":{"line":348,"column":53}},"118":{"start":{"line":350,"column":16},"end":{"line":366,"column":22}},"119":{"start":{"line":352,"column":24},"end":{"line":352,"column":100}},"120":{"start":{"line":352,"column":37},"end":{"line":352,"column":100}},"121":{"start":{"line":354,"column":24},"end":{"line":365,"column":30}},"122":{"start":{"line":356,"column":32},"end":{"line":356,"column":108}},"123":{"start":{"line":356,"column":46},"end":{"line":356,"column":108}},"124":{"start":{"line":358,"column":32},"end":{"line":364,"column":53}},"125":{"start":{"line":360,"column":40},"end":{"line":360,"column":112}},"126":{"start":{"line":360,"column":51},"end":{"line":360,"column":112}},"127":{"start":{"line":362,"column":40},"end":{"line":362,"column":80}},"128":{"start":{"line":364,"column":48},"end":{"line":364,"column":52}},"129":{"start":{"line":379,"column":8},"end":{"line":399,"column":14}},"130":{"start":{"line":381,"column":16},"end":{"line":381,"column":53}},"131":{"start":{"line":383,"column":30},"end":{"line":383,"column":42}},"132":{"start":{"line":384,"column":32},"end":{"line":384,"column":61}},"133":{"start":{"line":385,"column":32},"end":{"line":385,"column":59}},"134":{"start":{"line":387,"column":16},"end":{"line":398,"column":22}},"135":{"start":{"line":389,"column":24},"end":{"line":389,"column":97}},"136":{"start":{"line":389,"column":36},"end":{"line":389,"column":97}},"137":{"start":{"line":391,"column":24},"end":{"line":395,"column":26}},"138":{"start":{"line":392,"column":28},"end":{"line":392,"column":57}},"139":{"start":{"line":393,"column":28},"end":{"line":393,"column":43}},"140":{"start":{"line":394,"column":28},"end":{"line":394,"column":43}},"141":{"start":{"line":397,"column":24},"end":{"line":397,"column":42}},"142":{"start":{"line":413,"column":8},"end":{"line":439,"column":14}},"143":{"start":{"line":415,"column":16},"end":{"line":415,"column":51}},"144":{"start":{"line":416,"column":16},"end":{"line":416,"column":53}},"145":{"start":{"line":418,"column":16},"end":{"line":418,"column":61}},"146":{"start":{"line":421,"column":16},"end":{"line":421,"column":90}},"147":{"start":{"line":421,"column":30},"end":{"line":421,"column":90}},"148":{"start":{"line":423,"column":30},"end":{"line":423,"column":42}},"149":{"start":{"line":424,"column":32},"end":{"line":424,"column":63}},"150":{"start":{"line":425,"column":32},"end":{"line":425,"column":61}},"151":{"start":{"line":427,"column":16},"end":{"line":438,"column":22}},"152":{"start":{"line":429,"column":24},"end":{"line":429,"column":97}},"153":{"start":{"line":429,"column":36},"end":{"line":429,"column":97}},"154":{"start":{"line":431,"column":24},"end":{"line":435,"column":26}},"155":{"start":{"line":432,"column":28},"end":{"line":432,"column":57}},"156":{"start":{"line":433,"column":28},"end":{"line":433,"column":43}},"157":{"start":{"line":434,"column":28},"end":{"line":434,"column":43}},"158":{"start":{"line":437,"column":24},"end":{"line":437,"column":42}},"159":{"start":{"line":456,"column":8},"end":{"line":468,"column":14}},"160":{"start":{"line":458,"column":16},"end":{"line":458,"column":50}},"161":{"start":{"line":459,"column":16},"end":{"line":459,"column":63}},"162":{"start":{"line":461,"column":16},"end":{"line":461,"column":56}},"163":{"start":{"line":464,"column":16},"end":{"line":464,"column":87}},"164":{"start":{"line":464,"column":32},"end":{"line":464,"column":87}},"165":{"start":{"line":465,"column":16},"end":{"line":465,"column":91}},"166":{"start":{"line":465,"column":53},"end":{"line":465,"column":91}},"167":{"start":{"line":467,"column":16},"end":{"line":467,"column":32}},"168":{"start":{"line":484,"column":8},"end":{"line":499,"column":29}},"169":{"start":{"line":486,"column":16},"end":{"line":486,"column":50}},"170":{"start":{"line":487,"column":16},"end":{"line":487,"column":63}},"171":{"start":{"line":488,"column":16},"end":{"line":488,"column":70}},"172":{"start":{"line":490,"column":16},"end":{"line":490,"column":49}},"173":{"start":{"line":493,"column":16},"end":{"line":493,"column":87}},"174":{"start":{"line":493,"column":32},"end":{"line":493,"column":87}},"175":{"start":{"line":494,"column":16},"end":{"line":494,"column":91}},"176":{"start":{"line":494,"column":53},"end":{"line":494,"column":91}},"177":{"start":{"line":495,"column":16},"end":{"line":495,"column":116}},"178":{"start":{"line":495,"column":46},"end":{"line":495,"column":116}},"179":{"start":{"line":497,"column":16},"end":{"line":497,"column":103}},"180":{"start":{"line":499,"column":24},"end":{"line":499,"column":28}},"181":{"start":{"line":511,"column":8},"end":{"line":535,"column":14}},"182":{"start":{"line":513,"column":16},"end":{"line":513,"column":50}},"183":{"start":{"line":515,"column":16},"end":{"line":515,"column":49}},"184":{"start":{"line":518,"column":16},"end":{"line":518,"column":87}},"185":{"start":{"line":518,"column":32},"end":{"line":518,"column":87}},"186":{"start":{"line":520,"column":36},"end":{"line":520,"column":93}},"187":{"start":{"line":520,"column":70},"end":{"line":520,"column":92}},"188":{"start":{"line":522,"column":16},"end":{"line":522,"column":73}},"189":{"start":{"line":525,"column":16},"end":{"line":532,"column":17}},"190":{"start":{"line":527,"column":20},"end":{"line":531,"column":22}},"191":{"start":{"line":528,"column":24},"end":{"line":528,"column":59}},"192":{"start":{"line":529,"column":24},"end":{"line":529,"column":42}},"193":{"start":{"line":530,"column":24},"end":{"line":530,"column":42}},"194":{"start":{"line":534,"column":16},"end":{"line":534,"column":37}},"195":{"start":{"line":552,"column":8},"end":{"line":568,"column":14}},"196":{"start":{"line":554,"column":16},"end":{"line":554,"column":55}},"197":{"start":{"line":555,"column":16},"end":{"line":555,"column":63}},"198":{"start":{"line":557,"column":16},"end":{"line":557,"column":53}},"199":{"start":{"line":560,"column":16},"end":{"line":560,"column":80}},"200":{"start":{"line":560,"column":28},"end":{"line":560,"column":80}},"201":{"start":{"line":561,"column":16},"end":{"line":561,"column":87}},"202":{"start":{"line":561,"column":49},"end":{"line":561,"column":87}},"203":{"start":{"line":563,"column":16},"end":{"line":563,"column":47}},"204":{"start":{"line":564,"column":16},"end":{"line":564,"column":32}},"205":{"start":{"line":565,"column":16},"end":{"line":565,"column":32}},"206":{"start":{"line":567,"column":16},"end":{"line":567,"column":28}},"207":{"start":{"line":581,"column":8},"end":{"line":593,"column":29}},"208":{"start":{"line":583,"column":16},"end":{"line":583,"column":55}},"209":{"start":{"line":584,"column":16},"end":{"line":584,"column":63}},"210":{"start":{"line":586,"column":16},"end":{"line":586,"column":47}},"211":{"start":{"line":589,"column":16},"end":{"line":589,"column":80}},"212":{"start":{"line":589,"column":28},"end":{"line":589,"column":80}},"213":{"start":{"line":591,"column":16},"end":{"line":591,"column":56}},"214":{"start":{"line":593,"column":24},"end":{"line":593,"column":28}},"215":{"start":{"line":605,"column":8},"end":{"line":616,"column":29}},"216":{"start":{"line":607,"column":16},"end":{"line":607,"column":55}},"217":{"start":{"line":609,"column":16},"end":{"line":609,"column":47}},"218":{"start":{"line":612,"column":16},"end":{"line":612,"column":90}},"219":{"start":{"line":612,"column":29},"end":{"line":612,"column":90}},"220":{"start":{"line":614,"column":16},"end":{"line":614,"column":60}},"221":{"start":{"line":616,"column":24},"end":{"line":616,"column":28}},"222":{"start":{"line":628,"column":8},"end":{"line":642,"column":14}},"223":{"start":{"line":630,"column":16},"end":{"line":630,"column":55}},"224":{"start":{"line":632,"column":16},"end":{"line":632,"column":54}},"225":{"start":{"line":635,"column":16},"end":{"line":635,"column":92}},"226":{"start":{"line":635,"column":29},"end":{"line":635,"column":92}},"227":{"start":{"line":637,"column":16},"end":{"line":637,"column":49}},"228":{"start":{"line":638,"column":16},"end":{"line":638,"column":33}},"229":{"start":{"line":639,"column":16},"end":{"line":639,"column":33}},"230":{"start":{"line":641,"column":16},"end":{"line":641,"column":29}},"231":{"start":{"line":652,"column":8},"end":{"line":664,"column":14}},"232":{"start":{"line":653,"column":24},"end":{"line":653,"column":44}},"233":{"start":{"line":655,"column":16},"end":{"line":655,"column":75}},"234":{"start":{"line":655,"column":30},"end":{"line":655,"column":75}},"235":{"start":{"line":656,"column":16},"end":{"line":662,"column":17}},"236":{"start":{"line":657,"column":20},"end":{"line":661,"column":22}},"237":{"start":{"line":658,"column":24},"end":{"line":658,"column":57}},"238":{"start":{"line":659,"column":24},"end":{"line":659,"column":41}},"239":{"start":{"line":660,"column":24},"end":{"line":660,"column":41}},"240":{"start":{"line":663,"column":16},"end":{"line":663,"column":36}},"241":{"start":{"line":682,"column":8},"end":{"line":701,"column":37}},"242":{"start":{"line":684,"column":16},"end":{"line":684,"column":55}},"243":{"start":{"line":685,"column":16},"end":{"line":685,"column":50}},"244":{"start":{"line":686,"column":16},"end":{"line":686,"column":61}},"245":{"start":{"line":687,"column":16},"end":{"line":687,"column":50}},"246":{"start":{"line":688,"column":16},"end":{"line":688,"column":59}},"247":{"start":{"line":689,"column":16},"end":{"line":689,"column":61}},"248":{"start":{"line":690,"column":16},"end":{"line":690,"column":56}},"249":{"start":{"line":692,"column":16},"end":{"line":692,"column":47}},"250":{"start":{"line":695,"column":16},"end":{"line":695,"column":90}},"251":{"start":{"line":695,"column":29},"end":{"line":695,"column":90}},"252":{"start":{"line":697,"column":36},"end":{"line":697,"column":87}},"253":{"start":{"line":699,"column":16},"end":{"line":699,"column":50}},"254":{"start":{"line":701,"column":29},"end":{"line":701,"column":36}},"255":{"start":{"line":713,"column":8},"end":{"line":724,"column":29}},"256":{"start":{"line":715,"column":16},"end":{"line":715,"column":50}},"257":{"start":{"line":717,"column":16},"end":{"line":717,"column":47}},"258":{"start":{"line":720,"column":16},"end":{"line":720,"column":92}},"259":{"start":{"line":720,"column":30},"end":{"line":720,"column":92}},"260":{"start":{"line":722,"column":16},"end":{"line":722,"column":62}},"261":{"start":{"line":724,"column":24},"end":{"line":724,"column":28}},"262":{"start":{"line":741,"column":8},"end":{"line":764,"column":29}},"263":{"start":{"line":743,"column":16},"end":{"line":743,"column":50}},"264":{"start":{"line":744,"column":16},"end":{"line":744,"column":24}},"265":{"start":{"line":745,"column":16},"end":{"line":745,"column":47}},"266":{"start":{"line":748,"column":16},"end":{"line":748,"column":92}},"267":{"start":{"line":748,"column":30},"end":{"line":748,"column":92}},"268":{"start":{"line":750,"column":16},"end":{"line":754,"column":17}},"269":{"start":{"line":751,"column":20},"end":{"line":751,"column":97}},"270":{"start":{"line":753,"column":20},"end":{"line":753,"column":121}},"271":{"start":{"line":753,"column":78},"end":{"line":753,"column":121}},"272":{"start":{"line":756,"column":16},"end":{"line":760,"column":17}},"273":{"start":{"line":757,"column":20},"end":{"line":757,"column":101}},"274":{"start":{"line":759,"column":20},"end":{"line":759,"column":156}},"275":{"start":{"line":759,"column":115},"end":{"line":759,"column":156}},"276":{"start":{"line":762,"column":16},"end":{"line":762,"column":114}},"277":{"start":{"line":764,"column":24},"end":{"line":764,"column":28}},"278":{"start":{"line":777,"column":8},"end":{"line":796,"column":29}},"279":{"start":{"line":779,"column":16},"end":{"line":779,"column":50}},"280":{"start":{"line":780,"column":16},"end":{"line":780,"column":63}},"281":{"start":{"line":781,"column":16},"end":{"line":781,"column":55}},"282":{"start":{"line":782,"column":16},"end":{"line":782,"column":61}},"283":{"start":{"line":783,"column":16},"end":{"line":783,"column":50}},"284":{"start":{"line":784,"column":16},"end":{"line":784,"column":59}},"285":{"start":{"line":785,"column":16},"end":{"line":785,"column":56}},"286":{"start":{"line":787,"column":16},"end":{"line":787,"column":49}},"287":{"start":{"line":790,"column":16},"end":{"line":790,"column":85}},"288":{"start":{"line":790,"column":31},"end":{"line":790,"column":85}},"289":{"start":{"line":792,"column":37},"end":{"line":792,"column":89}},"290":{"start":{"line":794,"column":16},"end":{"line":794,"column":53}},"291":{"start":{"line":796,"column":24},"end":{"line":796,"column":28}},"292":{"start":{"line":808,"column":8},"end":{"line":819,"column":29}},"293":{"start":{"line":810,"column":16},"end":{"line":810,"column":50}},"294":{"start":{"line":812,"column":16},"end":{"line":812,"column":49}},"295":{"start":{"line":815,"column":16},"end":{"line":815,"column":87}},"296":{"start":{"line":815,"column":32},"end":{"line":815,"column":87}},"297":{"start":{"line":817,"column":16},"end":{"line":817,"column":66}},"298":{"start":{"line":819,"column":24},"end":{"line":819,"column":28}},"299":{"start":{"line":831,"column":8},"end":{"line":845,"column":14}},"300":{"start":{"line":833,"column":16},"end":{"line":833,"column":50}},"301":{"start":{"line":835,"column":16},"end":{"line":835,"column":56}},"302":{"start":{"line":838,"column":16},"end":{"line":838,"column":96}},"303":{"start":{"line":838,"column":32},"end":{"line":838,"column":96}},"304":{"start":{"line":840,"column":16},"end":{"line":840,"column":55}},"305":{"start":{"line":841,"column":16},"end":{"line":841,"column":36}},"306":{"start":{"line":842,"column":16},"end":{"line":842,"column":36}},"307":{"start":{"line":844,"column":16},"end":{"line":844,"column":32}},"308":{"start":{"line":855,"column":8},"end":{"line":867,"column":14}},"309":{"start":{"line":856,"column":24},"end":{"line":856,"column":47}},"310":{"start":{"line":858,"column":16},"end":{"line":858,"column":81}},"311":{"start":{"line":858,"column":33},"end":{"line":858,"column":81}},"312":{"start":{"line":859,"column":16},"end":{"line":865,"column":17}},"313":{"start":{"line":860,"column":20},"end":{"line":864,"column":22}},"314":{"start":{"line":861,"column":24},"end":{"line":861,"column":63}},"315":{"start":{"line":862,"column":24},"end":{"line":862,"column":44}},"316":{"start":{"line":863,"column":24},"end":{"line":863,"column":44}},"317":{"start":{"line":866,"column":16},"end":{"line":866,"column":39}},"318":{"start":{"line":881,"column":8},"end":{"line":901,"column":29}},"319":{"start":{"line":883,"column":16},"end":{"line":883,"column":69}},"320":{"start":{"line":884,"column":16},"end":{"line":884,"column":65}},"321":{"start":{"line":886,"column":28},"end":{"line":886,"column":40}},"322":{"start":{"line":888,"column":16},"end":{"line":888,"column":49}},"323":{"start":{"line":891,"column":16},"end":{"line":891,"column":105}},"324":{"start":{"line":891,"column":32},"end":{"line":891,"column":105}},"325":{"start":{"line":892,"column":28},"end":{"line":892,"column":38}},"326":{"start":{"line":894,"column":16},"end":{"line":899,"column":22}},"327":{"start":{"line":896,"column":24},"end":{"line":896,"column":107}},"328":{"start":{"line":896,"column":38},"end":{"line":896,"column":107}},"329":{"start":{"line":898,"column":24},"end":{"line":898,"column":112}},"330":{"start":{"line":901,"column":24},"end":{"line":901,"column":28}},"331":{"start":{"line":915,"column":8},"end":{"line":935,"column":29}},"332":{"start":{"line":917,"column":16},"end":{"line":917,"column":69}},"333":{"start":{"line":918,"column":16},"end":{"line":918,"column":65}},"334":{"start":{"line":920,"column":28},"end":{"line":920,"column":40}},"335":{"start":{"line":922,"column":16},"end":{"line":922,"column":49}},"336":{"start":{"line":925,"column":16},"end":{"line":925,"column":105}},"337":{"start":{"line":925,"column":32},"end":{"line":925,"column":105}},"338":{"start":{"line":926,"column":28},"end":{"line":926,"column":38}},"339":{"start":{"line":928,"column":16},"end":{"line":933,"column":22}},"340":{"start":{"line":930,"column":24},"end":{"line":930,"column":107}},"341":{"start":{"line":930,"column":38},"end":{"line":930,"column":107}},"342":{"start":{"line":932,"column":24},"end":{"line":932,"column":112}},"343":{"start":{"line":935,"column":24},"end":{"line":935,"column":28}},"344":{"start":{"line":945,"column":8},"end":{"line":945,"column":22}},"345":{"start":{"line":949,"column":0},"end":{"line":949,"column":38}}},"fnMap":{"0":{"name":"(anonymous_0)","decl":{"start":{"line":15,"column":4},"end":{"line":15,"column":5}},"loc":{"start":{"line":15,"column":38},"end":{"line":17,"column":5}},"line":15},"1":{"name":"(anonymous_1)","decl":{"start":{"line":26,"column":4},"end":{"line":26,"column":5}},"loc":{"start":{"line":26,"column":34},"end":{"line":28,"column":5}},"line":26},"2":{"name":"(anonymous_2)","decl":{"start":{"line":37,"column":4},"end":{"line":37,"column":5}},"loc":{"start":{"line":37,"column":34},"end":{"line":39,"column":5}},"line":37},"3":{"name":"(anonymous_3)","decl":{"start":{"line":48,"column":4},"end":{"line":48,"column":5}},"loc":{"start":{"line":48,"column":38},"end":{"line":50,"column":5}},"line":48},"4":{"name":"(anonymous_4)","decl":{"start":{"line":59,"column":4},"end":{"line":59,"column":5}},"loc":{"start":{"line":59,"column":36},"end":{"line":61,"column":5}},"line":59},"5":{"name":"(anonymous_5)","decl":{"start":{"line":76,"column":4},"end":{"line":76,"column":5}},"loc":{"start":{"line":76,"column":39},"end":{"line":90,"column":5}},"line":76},"6":{"name":"(anonymous_6)","decl":{"start":{"line":78,"column":18},"end":{"line":78,"column":19}},"loc":{"start":{"line":78,"column":24},"end":{"line":83,"column":13}},"line":78},"7":{"name":"(anonymous_7)","decl":{"start":{"line":84,"column":18},"end":{"line":84,"column":19}},"loc":{"start":{"line":84,"column":28},"end":{"line":89,"column":13}},"line":84},"8":{"name":"(anonymous_8)","decl":{"start":{"line":103,"column":4},"end":{"line":103,"column":5}},"loc":{"start":{"line":103,"column":21},"end":{"line":119,"column":5}},"line":103},"9":{"name":"(anonymous_9)","decl":{"start":{"line":105,"column":18},"end":{"line":105,"column":19}},"loc":{"start":{"line":105,"column":24},"end":{"line":109,"column":13}},"line":105},"10":{"name":"(anonymous_10)","decl":{"start":{"line":110,"column":18},"end":{"line":110,"column":19}},"loc":{"start":{"line":110,"column":29},"end":{"line":118,"column":13}},"line":110},"11":{"name":"(anonymous_11)","decl":{"start":{"line":129,"column":4},"end":{"line":129,"column":5}},"loc":{"start":{"line":129,"column":25},"end":{"line":147,"column":5}},"line":129},"12":{"name":"(anonymous_12)","decl":{"start":{"line":131,"column":18},"end":{"line":131,"column":19}},"loc":{"start":{"line":131,"column":24},"end":{"line":135,"column":13}},"line":131},"13":{"name":"(anonymous_13)","decl":{"start":{"line":136,"column":18},"end":{"line":136,"column":19}},"loc":{"start":{"line":136,"column":30},"end":{"line":146,"column":13}},"line":136},"14":{"name":"(anonymous_14)","decl":{"start":{"line":139,"column":37},"end":{"line":139,"column":38}},"loc":{"start":{"line":139,"column":48},"end":{"line":143,"column":21}},"line":139},"15":{"name":"(anonymous_15)","decl":{"start":{"line":155,"column":4},"end":{"line":155,"column":5}},"loc":{"start":{"line":155,"column":19},"end":{"line":169,"column":5}},"line":155},"16":{"name":"(anonymous_16)","decl":{"start":{"line":157,"column":18},"end":{"line":157,"column":19}},"loc":{"start":{"line":157,"column":24},"end":{"line":157,"column":45}},"line":157},"17":{"name":"(anonymous_17)","decl":{"start":{"line":158,"column":18},"end":{"line":158,"column":19}},"loc":{"start":{"line":158,"column":30},"end":{"line":168,"column":13}},"line":158},"18":{"name":"(anonymous_18)","decl":{"start":{"line":161,"column":37},"end":{"line":161,"column":38}},"loc":{"start":{"line":161,"column":48},"end":{"line":165,"column":21}},"line":161},"19":{"name":"(anonymous_19)","decl":{"start":{"line":187,"column":4},"end":{"line":187,"column":5}},"loc":{"start":{"line":187,"column":53},"end":{"line":220,"column":5}},"line":187},"20":{"name":"(anonymous_20)","decl":{"start":{"line":189,"column":18},"end":{"line":189,"column":19}},"loc":{"start":{"line":189,"column":24},"end":{"line":197,"column":13}},"line":189},"21":{"name":"(anonymous_21)","decl":{"start":{"line":198,"column":18},"end":{"line":198,"column":19}},"loc":{"start":{"line":198,"column":29},"end":{"line":218,"column":13}},"line":198},"22":{"name":"(anonymous_22)","decl":{"start":{"line":204,"column":61},"end":{"line":204,"column":62}},"loc":{"start":{"line":204,"column":82},"end":{"line":206,"column":17}},"line":204},"23":{"name":"(anonymous_23)","decl":{"start":{"line":209,"column":47},"end":{"line":209,"column":48}},"loc":{"start":{"line":209,"column":68},"end":{"line":213,"column":21}},"line":209},"24":{"name":"(anonymous_24)","decl":{"start":{"line":219,"column":18},"end":{"line":219,"column":19}},"loc":{"start":{"line":219,"column":24},"end":{"line":219,"column":28}},"line":219},"25":{"name":"(anonymous_25)","decl":{"start":{"line":232,"column":4},"end":{"line":232,"column":5}},"loc":{"start":{"line":232,"column":35},"end":{"line":247,"column":5}},"line":232},"26":{"name":"(anonymous_26)","decl":{"start":{"line":234,"column":18},"end":{"line":234,"column":19}},"loc":{"start":{"line":234,"column":24},"end":{"line":240,"column":13}},"line":234},"27":{"name":"(anonymous_27)","decl":{"start":{"line":241,"column":18},"end":{"line":241,"column":19}},"loc":{"start":{"line":241,"column":29},"end":{"line":245,"column":13}},"line":241},"28":{"name":"(anonymous_28)","decl":{"start":{"line":246,"column":18},"end":{"line":246,"column":19}},"loc":{"start":{"line":246,"column":24},"end":{"line":246,"column":28}},"line":246},"29":{"name":"(anonymous_29)","decl":{"start":{"line":257,"column":4},"end":{"line":257,"column":5}},"loc":{"start":{"line":257,"column":23},"end":{"line":281,"column":5}},"line":257},"30":{"name":"(anonymous_30)","decl":{"start":{"line":259,"column":18},"end":{"line":259,"column":19}},"loc":{"start":{"line":259,"column":24},"end":{"line":263,"column":13}},"line":259},"31":{"name":"(anonymous_31)","decl":{"start":{"line":264,"column":18},"end":{"line":264,"column":19}},"loc":{"start":{"line":264,"column":29},"end":{"line":270,"column":13}},"line":264},"32":{"name":"(anonymous_32)","decl":{"start":{"line":267,"column":56},"end":{"line":267,"column":57}},"loc":{"start":{"line":267,"column":69},"end":{"line":267,"column":78}},"line":267},"33":{"name":"(anonymous_33)","decl":{"start":{"line":271,"column":18},"end":{"line":271,"column":19}},"loc":{"start":{"line":271,"column":32},"end":{"line":280,"column":13}},"line":271},"34":{"name":"(anonymous_34)","decl":{"start":{"line":273,"column":39},"end":{"line":273,"column":40}},"loc":{"start":{"line":273,"column":52},"end":{"line":277,"column":21}},"line":273},"35":{"name":"(anonymous_35)","decl":{"start":{"line":299,"column":4},"end":{"line":299,"column":5}},"loc":{"start":{"line":299,"column":35},"end":{"line":327,"column":5}},"line":299},"36":{"name":"(anonymous_36)","decl":{"start":{"line":301,"column":18},"end":{"line":301,"column":19}},"loc":{"start":{"line":301,"column":24},"end":{"line":326,"column":13}},"line":301},"37":{"name":"(anonymous_37)","decl":{"start":{"line":308,"column":26},"end":{"line":308,"column":27}},"loc":{"start":{"line":308,"column":36},"end":{"line":325,"column":21}},"line":308},"38":{"name":"(anonymous_38)","decl":{"start":{"line":312,"column":34},"end":{"line":312,"column":35}},"loc":{"start":{"line":312,"column":45},"end":{"line":324,"column":29}},"line":312},"39":{"name":"(anonymous_39)","decl":{"start":{"line":316,"column":42},"end":{"line":316,"column":43}},"loc":{"start":{"line":316,"column":50},"end":{"line":322,"column":37}},"line":316},"40":{"name":"(anonymous_40)","decl":{"start":{"line":323,"column":42},"end":{"line":323,"column":43}},"loc":{"start":{"line":323,"column":50},"end":{"line":323,"column":54}},"line":323},"41":{"name":"(anonymous_41)","decl":{"start":{"line":342,"column":4},"end":{"line":342,"column":5}},"loc":{"start":{"line":342,"column":38},"end":{"line":368,"column":5}},"line":342},"42":{"name":"(anonymous_42)","decl":{"start":{"line":344,"column":18},"end":{"line":344,"column":19}},"loc":{"start":{"line":344,"column":24},"end":{"line":367,"column":13}},"line":344},"43":{"name":"(anonymous_43)","decl":{"start":{"line":351,"column":26},"end":{"line":351,"column":27}},"loc":{"start":{"line":351,"column":36},"end":{"line":366,"column":21}},"line":351},"44":{"name":"(anonymous_44)","decl":{"start":{"line":355,"column":34},"end":{"line":355,"column":35}},"loc":{"start":{"line":355,"column":45},"end":{"line":365,"column":29}},"line":355},"45":{"name":"(anonymous_45)","decl":{"start":{"line":359,"column":42},"end":{"line":359,"column":43}},"loc":{"start":{"line":359,"column":50},"end":{"line":363,"column":37}},"line":359},"46":{"name":"(anonymous_46)","decl":{"start":{"line":364,"column":42},"end":{"line":364,"column":43}},"loc":{"start":{"line":364,"column":48},"end":{"line":364,"column":52}},"line":364},"47":{"name":"(anonymous_47)","decl":{"start":{"line":378,"column":4},"end":{"line":378,"column":5}},"loc":{"start":{"line":378,"column":20},"end":{"line":400,"column":5}},"line":378},"48":{"name":"(anonymous_48)","decl":{"start":{"line":380,"column":18},"end":{"line":380,"column":19}},"loc":{"start":{"line":380,"column":24},"end":{"line":399,"column":13}},"line":380},"49":{"name":"(anonymous_49)","decl":{"start":{"line":388,"column":26},"end":{"line":388,"column":27}},"loc":{"start":{"line":388,"column":35},"end":{"line":398,"column":21}},"line":388},"50":{"name":"(anonymous_50)","decl":{"start":{"line":391,"column":38},"end":{"line":391,"column":39}},"loc":{"start":{"line":391,"column":46},"end":{"line":395,"column":25}},"line":391},"51":{"name":"(anonymous_51)","decl":{"start":{"line":412,"column":4},"end":{"line":412,"column":5}},"loc":{"start":{"line":412,"column":31},"end":{"line":440,"column":5}},"line":412},"52":{"name":"(anonymous_52)","decl":{"start":{"line":414,"column":18},"end":{"line":414,"column":19}},"loc":{"start":{"line":414,"column":24},"end":{"line":419,"column":13}},"line":414},"53":{"name":"(anonymous_53)","decl":{"start":{"line":420,"column":18},"end":{"line":420,"column":19}},"loc":{"start":{"line":420,"column":29},"end":{"line":439,"column":13}},"line":420},"54":{"name":"(anonymous_54)","decl":{"start":{"line":428,"column":26},"end":{"line":428,"column":27}},"loc":{"start":{"line":428,"column":35},"end":{"line":438,"column":21}},"line":428},"55":{"name":"(anonymous_55)","decl":{"start":{"line":431,"column":38},"end":{"line":431,"column":39}},"loc":{"start":{"line":431,"column":46},"end":{"line":435,"column":25}},"line":431},"56":{"name":"(anonymous_56)","decl":{"start":{"line":455,"column":4},"end":{"line":455,"column":5}},"loc":{"start":{"line":455,"column":41},"end":{"line":469,"column":5}},"line":455},"57":{"name":"(anonymous_57)","decl":{"start":{"line":457,"column":18},"end":{"line":457,"column":19}},"loc":{"start":{"line":457,"column":24},"end":{"line":462,"column":13}},"line":457},"58":{"name":"(anonymous_58)","decl":{"start":{"line":463,"column":18},"end":{"line":463,"column":19}},"loc":{"start":{"line":463,"column":31},"end":{"line":468,"column":13}},"line":463},"59":{"name":"(anonymous_59)","decl":{"start":{"line":483,"column":4},"end":{"line":483,"column":5}},"loc":{"start":{"line":483,"column":56},"end":{"line":500,"column":5}},"line":483},"60":{"name":"(anonymous_60)","decl":{"start":{"line":485,"column":18},"end":{"line":485,"column":19}},"loc":{"start":{"line":485,"column":24},"end":{"line":491,"column":13}},"line":485},"61":{"name":"(anonymous_61)","decl":{"start":{"line":492,"column":18},"end":{"line":492,"column":19}},"loc":{"start":{"line":492,"column":31},"end":{"line":498,"column":13}},"line":492},"62":{"name":"(anonymous_62)","decl":{"start":{"line":499,"column":18},"end":{"line":499,"column":19}},"loc":{"start":{"line":499,"column":24},"end":{"line":499,"column":28}},"line":499},"63":{"name":"(anonymous_63)","decl":{"start":{"line":510,"column":4},"end":{"line":510,"column":5}},"loc":{"start":{"line":510,"column":35},"end":{"line":536,"column":5}},"line":510},"64":{"name":"(anonymous_64)","decl":{"start":{"line":512,"column":18},"end":{"line":512,"column":19}},"loc":{"start":{"line":512,"column":24},"end":{"line":516,"column":13}},"line":512},"65":{"name":"(anonymous_65)","decl":{"start":{"line":517,"column":18},"end":{"line":517,"column":19}},"loc":{"start":{"line":517,"column":31},"end":{"line":523,"column":13}},"line":517},"66":{"name":"(anonymous_66)","decl":{"start":{"line":520,"column":59},"end":{"line":520,"column":60}},"loc":{"start":{"line":520,"column":70},"end":{"line":520,"column":92}},"line":520},"67":{"name":"(anonymous_67)","decl":{"start":{"line":524,"column":18},"end":{"line":524,"column":19}},"loc":{"start":{"line":524,"column":30},"end":{"line":535,"column":13}},"line":524},"68":{"name":"(anonymous_68)","decl":{"start":{"line":527,"column":37},"end":{"line":527,"column":38}},"loc":{"start":{"line":527,"column":48},"end":{"line":531,"column":21}},"line":527},"69":{"name":"(anonymous_69)","decl":{"start":{"line":551,"column":4},"end":{"line":551,"column":5}},"loc":{"start":{"line":551,"column":38},"end":{"line":569,"column":5}},"line":551},"70":{"name":"(anonymous_70)","decl":{"start":{"line":553,"column":18},"end":{"line":553,"column":19}},"loc":{"start":{"line":553,"column":24},"end":{"line":558,"column":13}},"line":553},"71":{"name":"(anonymous_71)","decl":{"start":{"line":559,"column":18},"end":{"line":559,"column":19}},"loc":{"start":{"line":559,"column":27},"end":{"line":568,"column":13}},"line":559},"72":{"name":"(anonymous_72)","decl":{"start":{"line":580,"column":4},"end":{"line":580,"column":5}},"loc":{"start":{"line":580,"column":35},"end":{"line":594,"column":5}},"line":580},"73":{"name":"(anonymous_73)","decl":{"start":{"line":582,"column":18},"end":{"line":582,"column":19}},"loc":{"start":{"line":582,"column":24},"end":{"line":587,"column":13}},"line":582},"74":{"name":"(anonymous_74)","decl":{"start":{"line":588,"column":18},"end":{"line":588,"column":19}},"loc":{"start":{"line":588,"column":28},"end":{"line":592,"column":13}},"line":588},"75":{"name":"(anonymous_75)","decl":{"start":{"line":593,"column":18},"end":{"line":593,"column":19}},"loc":{"start":{"line":593,"column":24},"end":{"line":593,"column":28}},"line":593},"76":{"name":"(anonymous_76)","decl":{"start":{"line":604,"column":4},"end":{"line":604,"column":5}},"loc":{"start":{"line":604,"column":23},"end":{"line":617,"column":5}},"line":604},"77":{"name":"(anonymous_77)","decl":{"start":{"line":606,"column":18},"end":{"line":606,"column":19}},"loc":{"start":{"line":606,"column":24},"end":{"line":610,"column":13}},"line":606},"78":{"name":"(anonymous_78)","decl":{"start":{"line":611,"column":18},"end":{"line":611,"column":19}},"loc":{"start":{"line":611,"column":28},"end":{"line":615,"column":13}},"line":611},"79":{"name":"(anonymous_79)","decl":{"start":{"line":616,"column":18},"end":{"line":616,"column":19}},"loc":{"start":{"line":616,"column":24},"end":{"line":616,"column":28}},"line":616},"80":{"name":"(anonymous_80)","decl":{"start":{"line":627,"column":4},"end":{"line":627,"column":5}},"loc":{"start":{"line":627,"column":21},"end":{"line":643,"column":5}},"line":627},"81":{"name":"(anonymous_81)","decl":{"start":{"line":629,"column":18},"end":{"line":629,"column":19}},"loc":{"start":{"line":629,"column":24},"end":{"line":633,"column":13}},"line":629},"82":{"name":"(anonymous_82)","decl":{"start":{"line":634,"column":18},"end":{"line":634,"column":19}},"loc":{"start":{"line":634,"column":28},"end":{"line":642,"column":13}},"line":634},"83":{"name":"(anonymous_83)","decl":{"start":{"line":651,"column":4},"end":{"line":651,"column":5}},"loc":{"start":{"line":651,"column":18},"end":{"line":665,"column":5}},"line":651},"84":{"name":"(anonymous_84)","decl":{"start":{"line":653,"column":18},"end":{"line":653,"column":19}},"loc":{"start":{"line":653,"column":24},"end":{"line":653,"column":44}},"line":653},"85":{"name":"(anonymous_85)","decl":{"start":{"line":654,"column":18},"end":{"line":654,"column":19}},"loc":{"start":{"line":654,"column":29},"end":{"line":664,"column":13}},"line":654},"86":{"name":"(anonymous_86)","decl":{"start":{"line":657,"column":36},"end":{"line":657,"column":37}},"loc":{"start":{"line":657,"column":46},"end":{"line":661,"column":21}},"line":657},"87":{"name":"(anonymous_87)","decl":{"start":{"line":681,"column":4},"end":{"line":681,"column":5}},"loc":{"start":{"line":681,"column":64},"end":{"line":702,"column":5}},"line":681},"88":{"name":"(anonymous_88)","decl":{"start":{"line":683,"column":18},"end":{"line":683,"column":19}},"loc":{"start":{"line":683,"column":24},"end":{"line":693,"column":13}},"line":683},"89":{"name":"(anonymous_89)","decl":{"start":{"line":694,"column":18},"end":{"line":694,"column":19}},"loc":{"start":{"line":694,"column":29},"end":{"line":700,"column":13}},"line":694},"90":{"name":"(anonymous_90)","decl":{"start":{"line":701,"column":18},"end":{"line":701,"column":19}},"loc":{"start":{"line":701,"column":29},"end":{"line":701,"column":36}},"line":701},"91":{"name":"(anonymous_91)","decl":{"start":{"line":712,"column":4},"end":{"line":712,"column":5}},"loc":{"start":{"line":712,"column":23},"end":{"line":725,"column":5}},"line":712},"92":{"name":"(anonymous_92)","decl":{"start":{"line":714,"column":18},"end":{"line":714,"column":19}},"loc":{"start":{"line":714,"column":24},"end":{"line":718,"column":13}},"line":714},"93":{"name":"(anonymous_93)","decl":{"start":{"line":719,"column":18},"end":{"line":719,"column":19}},"loc":{"start":{"line":719,"column":29},"end":{"line":723,"column":13}},"line":719},"94":{"name":"(anonymous_94)","decl":{"start":{"line":724,"column":18},"end":{"line":724,"column":19}},"loc":{"start":{"line":724,"column":24},"end":{"line":724,"column":28}},"line":724},"95":{"name":"(anonymous_95)","decl":{"start":{"line":740,"column":4},"end":{"line":740,"column":5}},"loc":{"start":{"line":740,"column":45},"end":{"line":765,"column":5}},"line":740},"96":{"name":"(anonymous_96)","decl":{"start":{"line":742,"column":18},"end":{"line":742,"column":19}},"loc":{"start":{"line":742,"column":24},"end":{"line":746,"column":13}},"line":742},"97":{"name":"(anonymous_97)","decl":{"start":{"line":747,"column":18},"end":{"line":747,"column":19}},"loc":{"start":{"line":747,"column":29},"end":{"line":763,"column":13}},"line":747},"98":{"name":"(anonymous_98)","decl":{"start":{"line":764,"column":18},"end":{"line":764,"column":19}},"loc":{"start":{"line":764,"column":24},"end":{"line":764,"column":28}},"line":764},"99":{"name":"(anonymous_99)","decl":{"start":{"line":776,"column":4},"end":{"line":776,"column":5}},"loc":{"start":{"line":776,"column":72},"end":{"line":797,"column":5}},"line":776},"100":{"name":"(anonymous_100)","decl":{"start":{"line":778,"column":18},"end":{"line":778,"column":19}},"loc":{"start":{"line":778,"column":24},"end":{"line":788,"column":13}},"line":778},"101":{"name":"(anonymous_101)","decl":{"start":{"line":789,"column":18},"end":{"line":789,"column":19}},"loc":{"start":{"line":789,"column":31},"end":{"line":795,"column":13}},"line":789},"102":{"name":"(anonymous_102)","decl":{"start":{"line":796,"column":18},"end":{"line":796,"column":19}},"loc":{"start":{"line":796,"column":24},"end":{"line":796,"column":28}},"line":796},"103":{"name":"(anonymous_103)","decl":{"start":{"line":807,"column":4},"end":{"line":807,"column":5}},"loc":{"start":{"line":807,"column":25},"end":{"line":820,"column":5}},"line":807},"104":{"name":"(anonymous_104)","decl":{"start":{"line":809,"column":18},"end":{"line":809,"column":19}},"loc":{"start":{"line":809,"column":24},"end":{"line":813,"column":13}},"line":809},"105":{"name":"(anonymous_105)","decl":{"start":{"line":814,"column":18},"end":{"line":814,"column":19}},"loc":{"start":{"line":814,"column":31},"end":{"line":818,"column":13}},"line":814},"106":{"name":"(anonymous_106)","decl":{"start":{"line":819,"column":18},"end":{"line":819,"column":19}},"loc":{"start":{"line":819,"column":24},"end":{"line":819,"column":28}},"line":819},"107":{"name":"(anonymous_107)","decl":{"start":{"line":830,"column":4},"end":{"line":830,"column":5}},"loc":{"start":{"line":830,"column":23},"end":{"line":846,"column":5}},"line":830},"108":{"name":"(anonymous_108)","decl":{"start":{"line":832,"column":18},"end":{"line":832,"column":19}},"loc":{"start":{"line":832,"column":24},"end":{"line":836,"column":13}},"line":832},"109":{"name":"(anonymous_109)","decl":{"start":{"line":837,"column":18},"end":{"line":837,"column":19}},"loc":{"start":{"line":837,"column":31},"end":{"line":845,"column":13}},"line":837},"110":{"name":"(anonymous_110)","decl":{"start":{"line":854,"column":4},"end":{"line":854,"column":5}},"loc":{"start":{"line":854,"column":21},"end":{"line":868,"column":5}},"line":854},"111":{"name":"(anonymous_111)","decl":{"start":{"line":856,"column":18},"end":{"line":856,"column":19}},"loc":{"start":{"line":856,"column":24},"end":{"line":856,"column":47}},"line":856},"112":{"name":"(anonymous_112)","decl":{"start":{"line":857,"column":18},"end":{"line":857,"column":19}},"loc":{"start":{"line":857,"column":32},"end":{"line":867,"column":13}},"line":857},"113":{"name":"(anonymous_113)","decl":{"start":{"line":860,"column":39},"end":{"line":860,"column":40}},"loc":{"start":{"line":860,"column":52},"end":{"line":864,"column":21}},"line":860},"114":{"name":"(anonymous_114)","decl":{"start":{"line":880,"column":4},"end":{"line":880,"column":5}},"loc":{"start":{"line":880,"column":55},"end":{"line":902,"column":5}},"line":880},"115":{"name":"(anonymous_115)","decl":{"start":{"line":882,"column":18},"end":{"line":882,"column":19}},"loc":{"start":{"line":882,"column":24},"end":{"line":889,"column":13}},"line":882},"116":{"name":"(anonymous_116)","decl":{"start":{"line":890,"column":18},"end":{"line":890,"column":19}},"loc":{"start":{"line":890,"column":31},"end":{"line":900,"column":13}},"line":890},"117":{"name":"(anonymous_117)","decl":{"start":{"line":895,"column":26},"end":{"line":895,"column":27}},"loc":{"start":{"line":895,"column":37},"end":{"line":899,"column":21}},"line":895},"118":{"name":"(anonymous_118)","decl":{"start":{"line":901,"column":18},"end":{"line":901,"column":19}},"loc":{"start":{"line":901,"column":24},"end":{"line":901,"column":28}},"line":901},"119":{"name":"(anonymous_119)","decl":{"start":{"line":914,"column":4},"end":{"line":914,"column":5}},"loc":{"start":{"line":914,"column":57},"end":{"line":936,"column":5}},"line":914},"120":{"name":"(anonymous_120)","decl":{"start":{"line":916,"column":18},"end":{"line":916,"column":19}},"loc":{"start":{"line":916,"column":24},"end":{"line":923,"column":13}},"line":916},"121":{"name":"(anonymous_121)","decl":{"start":{"line":924,"column":18},"end":{"line":924,"column":19}},"loc":{"start":{"line":924,"column":31},"end":{"line":934,"column":13}},"line":924},"122":{"name":"(anonymous_122)","decl":{"start":{"line":929,"column":26},"end":{"line":929,"column":27}},"loc":{"start":{"line":929,"column":37},"end":{"line":933,"column":21}},"line":929},"123":{"name":"(anonymous_123)","decl":{"start":{"line":935,"column":18},"end":{"line":935,"column":19}},"loc":{"start":{"line":935,"column":24},"end":{"line":935,"column":28}},"line":935},"124":{"name":"(anonymous_124)","decl":{"start":{"line":944,"column":4},"end":{"line":944,"column":5}},"loc":{"start":{"line":944,"column":25},"end":{"line":946,"column":5}},"line":944}},"branchMap":{"0":{"loc":{"start":{"line":16,"column":8},"end":{"line":16,"column":95}},"type":"if","locations":[{"start":{"line":16,"column":8},"end":{"line":16,"column":95}},{"start":{"line":16,"column":8},"end":{"line":16,"column":95}}],"line":16},"1":{"loc":{"start":{"line":16,"column":12},"end":{"line":16,"column":54}},"type":"binary-expr","locations":[{"start":{"line":16,"column":12},"end":{"line":16,"column":37}},{"start":{"line":16,"column":41},"end":{"line":16,"column":54}}],"line":16},"2":{"loc":{"start":{"line":27,"column":8},"end":{"line":27,"column":110}},"type":"if","locations":[{"start":{"line":27,"column":8},"end":{"line":27,"column":110}},{"start":{"line":27,"column":8},"end":{"line":27,"column":110}}],"line":27},"3":{"loc":{"start":{"line":27,"column":12},"end":{"line":27,"column":70}},"type":"binary-expr","locations":[{"start":{"line":27,"column":12},"end":{"line":27,"column":37}},{"start":{"line":27,"column":41},"end":{"line":27,"column":56}},{"start":{"line":27,"column":60},"end":{"line":27,"column":70}}],"line":27},"4":{"loc":{"start":{"line":38,"column":8},"end":{"line":38,"column":129}},"type":"if","locations":[{"start":{"line":38,"column":8},"end":{"line":38,"column":129}},{"start":{"line":38,"column":8},"end":{"line":38,"column":129}}],"line":38},"5":{"loc":{"start":{"line":38,"column":12},"end":{"line":38,"column":89}},"type":"binary-expr","locations":[{"start":{"line":38,"column":12},"end":{"line":38,"column":37}},{"start":{"line":38,"column":41},"end":{"line":38,"column":56}},{"start":{"line":38,"column":60},"end":{"line":38,"column":89}}],"line":38},"6":{"loc":{"start":{"line":49,"column":8},"end":{"line":49,"column":131}},"type":"if","locations":[{"start":{"line":49,"column":8},"end":{"line":49,"column":131}},{"start":{"line":49,"column":8},"end":{"line":49,"column":131}}],"line":49},"7":{"loc":{"start":{"line":49,"column":12},"end":{"line":49,"column":89}},"type":"binary-expr","locations":[{"start":{"line":49,"column":12},"end":{"line":49,"column":37}},{"start":{"line":49,"column":41},"end":{"line":49,"column":56}},{"start":{"line":49,"column":60},"end":{"line":49,"column":89}}],"line":49},"8":{"loc":{"start":{"line":60,"column":8},"end":{"line":60,"column":77}},"type":"if","locations":[{"start":{"line":60,"column":8},"end":{"line":60,"column":77}},{"start":{"line":60,"column":8},"end":{"line":60,"column":77}}],"line":60},"9":{"loc":{"start":{"line":85,"column":16},"end":{"line":85,"column":90}},"type":"if","locations":[{"start":{"line":85,"column":16},"end":{"line":85,"column":90}},{"start":{"line":85,"column":16},"end":{"line":85,"column":90}}],"line":85},"10":{"loc":{"start":{"line":86,"column":16},"end":{"line":86,"column":88}},"type":"if","locations":[{"start":{"line":86,"column":16},"end":{"line":86,"column":88}},{"start":{"line":86,"column":16},"end":{"line":86,"column":88}}],"line":86},"11":{"loc":{"start":{"line":111,"column":16},"end":{"line":111,"column":92}},"type":"if","locations":[{"start":{"line":111,"column":16},"end":{"line":111,"column":92}},{"start":{"line":111,"column":16},"end":{"line":111,"column":92}}],"line":111},"12":{"loc":{"start":{"line":137,"column":16},"end":{"line":137,"column":95}},"type":"if","locations":[{"start":{"line":137,"column":16},"end":{"line":137,"column":95}},{"start":{"line":137,"column":16},"end":{"line":137,"column":95}}],"line":137},"13":{"loc":{"start":{"line":138,"column":16},"end":{"line":144,"column":17}},"type":"if","locations":[{"start":{"line":138,"column":16},"end":{"line":144,"column":17}},{"start":{"line":138,"column":16},"end":{"line":144,"column":17}}],"line":138},"14":{"loc":{"start":{"line":145,"column":23},"end":{"line":145,"column":37}},"type":"binary-expr","locations":[{"start":{"line":145,"column":23},"end":{"line":145,"column":31}},{"start":{"line":145,"column":35},"end":{"line":145,"column":37}}],"line":145},"15":{"loc":{"start":{"line":159,"column":16},"end":{"line":159,"column":95}},"type":"if","locations":[{"start":{"line":159,"column":16},"end":{"line":159,"column":95}},{"start":{"line":159,"column":16},"end":{"line":159,"column":95}}],"line":159},"16":{"loc":{"start":{"line":160,"column":16},"end":{"line":166,"column":17}},"type":"if","locations":[{"start":{"line":160,"column":16},"end":{"line":166,"column":17}},{"start":{"line":160,"column":16},"end":{"line":166,"column":17}}],"line":160},"17":{"loc":{"start":{"line":167,"column":23},"end":{"line":167,"column":37}},"type":"binary-expr","locations":[{"start":{"line":167,"column":23},"end":{"line":167,"column":31}},{"start":{"line":167,"column":35},"end":{"line":167,"column":37}}],"line":167},"18":{"loc":{"start":{"line":199,"column":16},"end":{"line":199,"column":92}},"type":"if","locations":[{"start":{"line":199,"column":16},"end":{"line":199,"column":92}},{"start":{"line":199,"column":16},"end":{"line":199,"column":92}}],"line":199},"19":{"loc":{"start":{"line":200,"column":16},"end":{"line":200,"column":92}},"type":"if","locations":[{"start":{"line":200,"column":16},"end":{"line":200,"column":92}},{"start":{"line":200,"column":16},"end":{"line":200,"column":92}}],"line":200},"20":{"loc":{"start":{"line":208,"column":16},"end":{"line":215,"column":17}},"type":"if","locations":[{"start":{"line":208,"column":16},"end":{"line":215,"column":17}},{"start":{"line":208,"column":16},"end":{"line":215,"column":17}}],"line":208},"21":{"loc":{"start":{"line":210,"column":24},"end":{"line":212,"column":25}},"type":"if","locations":[{"start":{"line":210,"column":24},"end":{"line":212,"column":25}},{"start":{"line":210,"column":24},"end":{"line":212,"column":25}}],"line":210},"22":{"loc":{"start":{"line":242,"column":16},"end":{"line":242,"column":92}},"type":"if","locations":[{"start":{"line":242,"column":16},"end":{"line":242,"column":92}},{"start":{"line":242,"column":16},"end":{"line":242,"column":92}}],"line":242},"23":{"loc":{"start":{"line":265,"column":16},"end":{"line":265,"column":90}},"type":"if","locations":[{"start":{"line":265,"column":16},"end":{"line":265,"column":90}},{"start":{"line":265,"column":16},"end":{"line":265,"column":90}}],"line":265},"24":{"loc":{"start":{"line":272,"column":16},"end":{"line":278,"column":17}},"type":"if","locations":[{"start":{"line":272,"column":16},"end":{"line":278,"column":17}},{"start":{"line":272,"column":16},"end":{"line":278,"column":17}}],"line":272},"25":{"loc":{"start":{"line":279,"column":23},"end":{"line":279,"column":39}},"type":"binary-expr","locations":[{"start":{"line":279,"column":23},"end":{"line":279,"column":33}},{"start":{"line":279,"column":37},"end":{"line":279,"column":39}}],"line":279},"26":{"loc":{"start":{"line":309,"column":24},"end":{"line":309,"column":100}},"type":"if","locations":[{"start":{"line":309,"column":24},"end":{"line":309,"column":100}},{"start":{"line":309,"column":24},"end":{"line":309,"column":100}}],"line":309},"27":{"loc":{"start":{"line":313,"column":32},"end":{"line":313,"column":108}},"type":"if","locations":[{"start":{"line":313,"column":32},"end":{"line":313,"column":108}},{"start":{"line":313,"column":32},"end":{"line":313,"column":108}}],"line":313},"28":{"loc":{"start":{"line":317,"column":40},"end":{"line":317,"column":110}},"type":"if","locations":[{"start":{"line":317,"column":40},"end":{"line":317,"column":110}},{"start":{"line":317,"column":40},"end":{"line":317,"column":110}}],"line":317},"29":{"loc":{"start":{"line":352,"column":24},"end":{"line":352,"column":100}},"type":"if","locations":[{"start":{"line":352,"column":24},"end":{"line":352,"column":100}},{"start":{"line":352,"column":24},"end":{"line":352,"column":100}}],"line":352},"30":{"loc":{"start":{"line":356,"column":32},"end":{"line":356,"column":108}},"type":"if","locations":[{"start":{"line":356,"column":32},"end":{"line":356,"column":108}},{"start":{"line":356,"column":32},"end":{"line":356,"column":108}}],"line":356},"31":{"loc":{"start":{"line":360,"column":40},"end":{"line":360,"column":112}},"type":"if","locations":[{"start":{"line":360,"column":40},"end":{"line":360,"column":112}},{"start":{"line":360,"column":40},"end":{"line":360,"column":112}}],"line":360},"32":{"loc":{"start":{"line":389,"column":24},"end":{"line":389,"column":97}},"type":"if","locations":[{"start":{"line":389,"column":24},"end":{"line":389,"column":97}},{"start":{"line":389,"column":24},"end":{"line":389,"column":97}}],"line":389},"33":{"loc":{"start":{"line":397,"column":31},"end":{"line":397,"column":42}},"type":"binary-expr","locations":[{"start":{"line":397,"column":31},"end":{"line":397,"column":36}},{"start":{"line":397,"column":40},"end":{"line":397,"column":42}}],"line":397},"34":{"loc":{"start":{"line":421,"column":16},"end":{"line":421,"column":90}},"type":"if","locations":[{"start":{"line":421,"column":16},"end":{"line":421,"column":90}},{"start":{"line":421,"column":16},"end":{"line":421,"column":90}}],"line":421},"35":{"loc":{"start":{"line":429,"column":24},"end":{"line":429,"column":97}},"type":"if","locations":[{"start":{"line":429,"column":24},"end":{"line":429,"column":97}},{"start":{"line":429,"column":24},"end":{"line":429,"column":97}}],"line":429},"36":{"loc":{"start":{"line":437,"column":31},"end":{"line":437,"column":42}},"type":"binary-expr","locations":[{"start":{"line":437,"column":31},"end":{"line":437,"column":36}},{"start":{"line":437,"column":40},"end":{"line":437,"column":42}}],"line":437},"37":{"loc":{"start":{"line":464,"column":16},"end":{"line":464,"column":87}},"type":"if","locations":[{"start":{"line":464,"column":16},"end":{"line":464,"column":87}},{"start":{"line":464,"column":16},"end":{"line":464,"column":87}}],"line":464},"38":{"loc":{"start":{"line":465,"column":16},"end":{"line":465,"column":91}},"type":"if","locations":[{"start":{"line":465,"column":16},"end":{"line":465,"column":91}},{"start":{"line":465,"column":16},"end":{"line":465,"column":91}}],"line":465},"39":{"loc":{"start":{"line":493,"column":16},"end":{"line":493,"column":87}},"type":"if","locations":[{"start":{"line":493,"column":16},"end":{"line":493,"column":87}},{"start":{"line":493,"column":16},"end":{"line":493,"column":87}}],"line":493},"40":{"loc":{"start":{"line":494,"column":16},"end":{"line":494,"column":91}},"type":"if","locations":[{"start":{"line":494,"column":16},"end":{"line":494,"column":91}},{"start":{"line":494,"column":16},"end":{"line":494,"column":91}}],"line":494},"41":{"loc":{"start":{"line":495,"column":16},"end":{"line":495,"column":116}},"type":"if","locations":[{"start":{"line":495,"column":16},"end":{"line":495,"column":116}},{"start":{"line":495,"column":16},"end":{"line":495,"column":116}}],"line":495},"42":{"loc":{"start":{"line":518,"column":16},"end":{"line":518,"column":87}},"type":"if","locations":[{"start":{"line":518,"column":16},"end":{"line":518,"column":87}},{"start":{"line":518,"column":16},"end":{"line":518,"column":87}}],"line":518},"43":{"loc":{"start":{"line":525,"column":16},"end":{"line":532,"column":17}},"type":"if","locations":[{"start":{"line":525,"column":16},"end":{"line":532,"column":17}},{"start":{"line":525,"column":16},"end":{"line":532,"column":17}}],"line":525},"44":{"loc":{"start":{"line":534,"column":23},"end":{"line":534,"column":37}},"type":"binary-expr","locations":[{"start":{"line":534,"column":23},"end":{"line":534,"column":31}},{"start":{"line":534,"column":35},"end":{"line":534,"column":37}}],"line":534},"45":{"loc":{"start":{"line":560,"column":16},"end":{"line":560,"column":80}},"type":"if","locations":[{"start":{"line":560,"column":16},"end":{"line":560,"column":80}},{"start":{"line":560,"column":16},"end":{"line":560,"column":80}}],"line":560},"46":{"loc":{"start":{"line":561,"column":16},"end":{"line":561,"column":87}},"type":"if","locations":[{"start":{"line":561,"column":16},"end":{"line":561,"column":87}},{"start":{"line":561,"column":16},"end":{"line":561,"column":87}}],"line":561},"47":{"loc":{"start":{"line":589,"column":16},"end":{"line":589,"column":80}},"type":"if","locations":[{"start":{"line":589,"column":16},"end":{"line":589,"column":80}},{"start":{"line":589,"column":16},"end":{"line":589,"column":80}}],"line":589},"48":{"loc":{"start":{"line":612,"column":16},"end":{"line":612,"column":90}},"type":"if","locations":[{"start":{"line":612,"column":16},"end":{"line":612,"column":90}},{"start":{"line":612,"column":16},"end":{"line":612,"column":90}}],"line":612},"49":{"loc":{"start":{"line":635,"column":16},"end":{"line":635,"column":92}},"type":"if","locations":[{"start":{"line":635,"column":16},"end":{"line":635,"column":92}},{"start":{"line":635,"column":16},"end":{"line":635,"column":92}}],"line":635},"50":{"loc":{"start":{"line":655,"column":16},"end":{"line":655,"column":75}},"type":"if","locations":[{"start":{"line":655,"column":16},"end":{"line":655,"column":75}},{"start":{"line":655,"column":16},"end":{"line":655,"column":75}}],"line":655},"51":{"loc":{"start":{"line":656,"column":16},"end":{"line":662,"column":17}},"type":"if","locations":[{"start":{"line":656,"column":16},"end":{"line":662,"column":17}},{"start":{"line":656,"column":16},"end":{"line":662,"column":17}}],"line":656},"52":{"loc":{"start":{"line":663,"column":23},"end":{"line":663,"column":36}},"type":"binary-expr","locations":[{"start":{"line":663,"column":23},"end":{"line":663,"column":30}},{"start":{"line":663,"column":34},"end":{"line":663,"column":36}}],"line":663},"53":{"loc":{"start":{"line":695,"column":16},"end":{"line":695,"column":90}},"type":"if","locations":[{"start":{"line":695,"column":16},"end":{"line":695,"column":90}},{"start":{"line":695,"column":16},"end":{"line":695,"column":90}}],"line":695},"54":{"loc":{"start":{"line":720,"column":16},"end":{"line":720,"column":92}},"type":"if","locations":[{"start":{"line":720,"column":16},"end":{"line":720,"column":92}},{"start":{"line":720,"column":16},"end":{"line":720,"column":92}}],"line":720},"55":{"loc":{"start":{"line":748,"column":16},"end":{"line":748,"column":92}},"type":"if","locations":[{"start":{"line":748,"column":16},"end":{"line":748,"column":92}},{"start":{"line":748,"column":16},"end":{"line":748,"column":92}}],"line":748},"56":{"loc":{"start":{"line":750,"column":16},"end":{"line":754,"column":17}},"type":"if","locations":[{"start":{"line":750,"column":16},"end":{"line":754,"column":17}},{"start":{"line":750,"column":16},"end":{"line":754,"column":17}}],"line":750},"57":{"loc":{"start":{"line":750,"column":20},"end":{"line":750,"column":52}},"type":"binary-expr","locations":[{"start":{"line":750,"column":20},"end":{"line":750,"column":31}},{"start":{"line":750,"column":35},"end":{"line":750,"column":52}}],"line":750},"58":{"loc":{"start":{"line":753,"column":20},"end":{"line":753,"column":121}},"type":"if","locations":[{"start":{"line":753,"column":20},"end":{"line":753,"column":121}},{"start":{"line":753,"column":20},"end":{"line":753,"column":121}}],"line":753},"59":{"loc":{"start":{"line":753,"column":24},"end":{"line":753,"column":76}},"type":"binary-expr","locations":[{"start":{"line":753,"column":24},"end":{"line":753,"column":54}},{"start":{"line":753,"column":58},"end":{"line":753,"column":76}}],"line":753},"60":{"loc":{"start":{"line":756,"column":16},"end":{"line":760,"column":17}},"type":"if","locations":[{"start":{"line":756,"column":16},"end":{"line":760,"column":17}},{"start":{"line":756,"column":16},"end":{"line":760,"column":17}}],"line":756},"61":{"loc":{"start":{"line":756,"column":20},"end":{"line":756,"column":65}},"type":"binary-expr","locations":[{"start":{"line":756,"column":20},"end":{"line":756,"column":29}},{"start":{"line":756,"column":33},"end":{"line":756,"column":65}}],"line":756},"62":{"loc":{"start":{"line":759,"column":20},"end":{"line":759,"column":156}},"type":"if","locations":[{"start":{"line":759,"column":20},"end":{"line":759,"column":156}},{"start":{"line":759,"column":20},"end":{"line":759,"column":156}}],"line":759},"63":{"loc":{"start":{"line":759,"column":24},"end":{"line":759,"column":113}},"type":"binary-expr","locations":[{"start":{"line":759,"column":24},"end":{"line":759,"column":52}},{"start":{"line":759,"column":56},"end":{"line":759,"column":77}},{"start":{"line":759,"column":81},"end":{"line":759,"column":113}}],"line":759},"64":{"loc":{"start":{"line":790,"column":16},"end":{"line":790,"column":85}},"type":"if","locations":[{"start":{"line":790,"column":16},"end":{"line":790,"column":85}},{"start":{"line":790,"column":16},"end":{"line":790,"column":85}}],"line":790},"65":{"loc":{"start":{"line":815,"column":16},"end":{"line":815,"column":87}},"type":"if","locations":[{"start":{"line":815,"column":16},"end":{"line":815,"column":87}},{"start":{"line":815,"column":16},"end":{"line":815,"column":87}}],"line":815},"66":{"loc":{"start":{"line":838,"column":16},"end":{"line":838,"column":96}},"type":"if","locations":[{"start":{"line":838,"column":16},"end":{"line":838,"column":96}},{"start":{"line":838,"column":16},"end":{"line":838,"column":96}}],"line":838},"67":{"loc":{"start":{"line":858,"column":16},"end":{"line":858,"column":81}},"type":"if","locations":[{"start":{"line":858,"column":16},"end":{"line":858,"column":81}},{"start":{"line":858,"column":16},"end":{"line":858,"column":81}}],"line":858},"68":{"loc":{"start":{"line":859,"column":16},"end":{"line":865,"column":17}},"type":"if","locations":[{"start":{"line":859,"column":16},"end":{"line":865,"column":17}},{"start":{"line":859,"column":16},"end":{"line":865,"column":17}}],"line":859},"69":{"loc":{"start":{"line":866,"column":23},"end":{"line":866,"column":39}},"type":"binary-expr","locations":[{"start":{"line":866,"column":23},"end":{"line":866,"column":33}},{"start":{"line":866,"column":37},"end":{"line":866,"column":39}}],"line":866},"70":{"loc":{"start":{"line":891,"column":16},"end":{"line":891,"column":105}},"type":"if","locations":[{"start":{"line":891,"column":16},"end":{"line":891,"column":105}},{"start":{"line":891,"column":16},"end":{"line":891,"column":105}}],"line":891},"71":{"loc":{"start":{"line":896,"column":24},"end":{"line":896,"column":107}},"type":"if","locations":[{"start":{"line":896,"column":24},"end":{"line":896,"column":107}},{"start":{"line":896,"column":24},"end":{"line":896,"column":107}}],"line":896},"72":{"loc":{"start":{"line":925,"column":16},"end":{"line":925,"column":105}},"type":"if","locations":[{"start":{"line":925,"column":16},"end":{"line":925,"column":105}},{"start":{"line":925,"column":16},"end":{"line":925,"column":105}}],"line":925},"73":{"loc":{"start":{"line":930,"column":24},"end":{"line":930,"column":107}},"type":"if","locations":[{"start":{"line":930,"column":24},"end":{"line":930,"column":107}},{"start":{"line":930,"column":24},"end":{"line":930,"column":107}}],"line":930}},"s":{"0":1,"1":1,"2":1,"3":351,"4":99,"5":30,"6":8,"7":192,"8":57,"9":16,"10":9,"11":31,"12":18,"13":9,"14":9,"15":6,"16":3,"17":3,"18":1,"19":2,"20":1,"21":1,"22":4,"23":4,"24":1,"25":1,"26":0,"27":1,"28":1,"29":1,"30":1,"31":4,"32":4,"33":1,"34":1,"35":0,"36":1,"37":1,"38":2,"39":2,"40":2,"41":1,"42":1,"43":1,"44":1,"45":0,"46":1,"47":1,"48":4,"49":4,"50":4,"51":1,"52":20,"53":20,"54":17,"55":14,"56":11,"57":8,"58":5,"59":5,"60":0,"61":5,"62":1,"63":4,"64":4,"65":1,"66":4,"67":0,"68":0,"69":0,"70":0,"71":4,"72":4,"73":10,"74":10,"75":7,"76":4,"77":1,"78":1,"79":0,"80":1,"81":1,"82":4,"83":4,"84":1,"85":1,"86":0,"87":1,"88":3,"89":1,"90":1,"91":1,"92":3,"93":3,"94":3,"95":1,"96":18,"97":18,"98":15,"99":12,"100":9,"101":5,"102":5,"103":1,"104":4,"105":4,"106":1,"107":3,"108":3,"109":1,"110":2,"111":2,"112":2,"113":18,"114":18,"115":15,"116":12,"117":9,"118":5,"119":5,"120":1,"121":4,"122":4,"123":1,"124":3,"125":3,"126":1,"127":2,"128":2,"129":5,"130":5,"131":1,"132":1,"133":1,"134":1,"135":1,"136":0,"137":1,"138":4,"139":4,"140":4,"141":1,"142":8,"143":8,"144":5,"145":1,"146":1,"147":0,"148":1,"149":1,"150":1,"151":1,"152":1,"153":0,"154":1,"155":4,"156":4,"157":4,"158":1,"159":9,"160":9,"161":6,"162":3,"163":3,"164":1,"165":2,"166":1,"167":1,"168":13,"169":13,"170":10,"171":7,"172":4,"173":4,"174":1,"175":3,"176":1,"177":2,"178":1,"179":1,"180":1,"181":5,"182":5,"183":2,"184":2,"185":1,"186":1,"187":3,"188":1,"189":1,"190":1,"191":3,"192":3,"193":3,"194":1,"195":9,"196":9,"197":6,"198":3,"199":3,"200":1,"201":2,"202":1,"203":1,"204":1,"205":1,"206":1,"207":9,"208":9,"209":6,"210":3,"211":3,"212":1,"213":2,"214":2,"215":5,"216":5,"217":2,"218":2,"219":1,"220":1,"221":1,"222":4,"223":4,"224":1,"225":1,"226":0,"227":1,"228":1,"229":1,"230":1,"231":1,"232":1,"233":1,"234":0,"235":1,"236":1,"237":4,"238":4,"239":4,"240":1,"241":24,"242":24,"243":21,"244":18,"245":15,"246":12,"247":9,"248":6,"249":3,"250":3,"251":1,"252":2,"253":2,"254":2,"255":6,"256":6,"257":3,"258":3,"259":1,"260":2,"261":2,"262":11,"263":11,"264":8,"265":8,"266":8,"267":1,"268":7,"269":2,"270":5,"271":1,"272":4,"273":2,"274":2,"275":1,"276":1,"277":5,"278":24,"279":24,"280":21,"281":18,"282":15,"283":12,"284":9,"285":6,"286":3,"287":3,"288":1,"289":2,"290":2,"291":2,"292":5,"293":5,"294":2,"295":2,"296":1,"297":1,"298":1,"299":4,"300":4,"301":1,"302":1,"303":0,"304":1,"305":1,"306":1,"307":1,"308":1,"309":1,"310":1,"311":0,"312":1,"313":1,"314":4,"315":4,"316":4,"317":1,"318":10,"319":10,"320":7,"321":4,"322":4,"323":4,"324":1,"325":3,"326":3,"327":3,"328":1,"329":2,"330":2,"331":9,"332":9,"333":6,"334":3,"335":3,"336":3,"337":1,"338":2,"339":2,"340":2,"341":1,"342":1,"343":1,"344":221,"345":1},"f":{"0":351,"1":30,"2":192,"3":16,"4":31,"5":9,"6":9,"7":3,"8":4,"9":4,"10":1,"11":4,"12":4,"13":1,"14":2,"15":1,"16":1,"17":1,"18":4,"19":20,"20":20,"21":5,"22":1,"23":0,"24":4,"25":10,"26":10,"27":1,"28":1,"29":4,"30":4,"31":1,"32":3,"33":1,"34":3,"35":18,"36":18,"37":5,"38":4,"39":3,"40":2,"41":18,"42":18,"43":5,"44":4,"45":3,"46":2,"47":5,"48":5,"49":1,"50":4,"51":8,"52":8,"53":1,"54":1,"55":4,"56":9,"57":9,"58":3,"59":13,"60":13,"61":4,"62":1,"63":5,"64":5,"65":2,"66":3,"67":1,"68":3,"69":9,"70":9,"71":3,"72":9,"73":9,"74":3,"75":2,"76":5,"77":5,"78":2,"79":1,"80":4,"81":4,"82":1,"83":1,"84":1,"85":1,"86":4,"87":24,"88":24,"89":3,"90":2,"91":6,"92":6,"93":3,"94":2,"95":11,"96":11,"97":8,"98":5,"99":24,"100":24,"101":3,"102":2,"103":5,"104":5,"105":2,"106":1,"107":4,"108":4,"109":1,"110":1,"111":1,"112":1,"113":4,"114":10,"115":10,"116":4,"117":3,"118":2,"119":9,"120":9,"121":3,"122":2,"123":1,"124":221},"b":{"0":[99,252],"1":[351,285],"2":[8,22],"3":[30,22,22],"4":[57,135],"5":[192,142,142],"6":[9,7],"7":[16,9,9],"8":[18,13],"9":[1,2],"10":[1,1],"11":[0,1],"12":[0,1],"13":[1,0],"14":[1,0],"15":[0,1],"16":[1,0],"17":[1,0],"18":[0,5],"19":[1,4],"20":[0,4],"21":[0,0],"22":[0,1],"23":[0,1],"24":[1,0],"25":[1,0],"26":[1,4],"27":[1,3],"28":[1,2],"29":[1,4],"30":[1,3],"31":[1,2],"32":[0,1],"33":[1,0],"34":[0,1],"35":[0,1],"36":[1,0],"37":[1,2],"38":[1,1],"39":[1,3],"40":[1,2],"41":[1,1],"42":[1,1],"43":[1,0],"44":[1,0],"45":[1,2],"46":[1,1],"47":[1,2],"48":[1,1],"49":[0,1],"50":[0,1],"51":[1,0],"52":[1,0],"53":[1,2],"54":[1,2],"55":[1,7],"56":[2,5],"57":[7,5],"58":[1,4],"59":[5,4],"60":[2,2],"61":[4,2],"62":[1,1],"63":[2,1,1],"64":[1,2],"65":[1,1],"66":[0,1],"67":[0,1],"68":[1,0],"69":[1,0],"70":[1,3],"71":[1,2],"72":[1,2],"73":[1,1]},"_coverageSchema":"d34fc3e6b8297bcde183f5492bcb8fcb36775295","hash":"84cbee03900f4a3137592a545206f6591cac15f7","contentHash":"2a3da51359439a722ae57134523f07de"},"C:\\Users\\usuario\\bootcamp\\collab\\skylab-bootcamp-201807\\staff\\maider-hernandorena\\reminder-app\\reminder-api\\logic\\index.spec.js":{"path":"C:\\Users\\usuario\\bootcamp\\collab\\skylab-bootcamp-201807\\staff\\maider-hernandorena\\reminder-app\\reminder-api\\logic\\index.spec.js","statementMap":{"0":{"start":{"line":1,"column":0},"end":{"line":1,"column":26}},"1":{"start":{"line":3,"column":18},"end":{"line":3,"column":30}},"2":{"start":{"line":4,"column":19},"end":{"line":4,"column":34}},"3":{"start":{"line":5,"column":85},"end":{"line":5,"column":109}},"4":{"start":{"line":7,"column":31},"end":{"line":7,"column":38}},"5":{"start":{"line":9,"column":0},"end":{"line":2472,"column":2}},"6":{"start":{"line":12,"column":4},"end":{"line":15,"column":5}},"7":{"start":{"line":13,"column":8},"end":{"line":14,"column":45}},"8":{"start":{"line":14,"column":26},"end":{"line":14,"column":44}},"9":{"start":{"line":17,"column":4},"end":{"line":17,"column":165}},"10":{"start":{"line":17,"column":21},"end":{"line":17,"column":164}},"11":{"start":{"line":19,"column":4},"end":{"line":88,"column":6}},"12":{"start":{"line":21,"column":21},"end":{"line":21,"column":45}},"13":{"start":{"line":22,"column":25},"end":{"line":22,"column":47}},"14":{"start":{"line":23,"column":20},"end":{"line":23,"column":33}},"15":{"start":{"line":24,"column":20},"end":{"line":24,"column":28}},"16":{"start":{"line":25,"column":22},"end":{"line":25,"column":31}},"17":{"start":{"line":26,"column":21},"end":{"line":26,"column":31}},"18":{"start":{"line":28,"column":8},"end":{"line":35,"column":10}},"19":{"start":{"line":29,"column":12},"end":{"line":29,"column":81}},"20":{"start":{"line":29,"column":25},"end":{"line":29,"column":65}},"21":{"start":{"line":30,"column":12},"end":{"line":30,"column":89}},"22":{"start":{"line":30,"column":25},"end":{"line":30,"column":73}},"23":{"start":{"line":31,"column":12},"end":{"line":31,"column":76}},"24":{"start":{"line":31,"column":25},"end":{"line":31,"column":60}},"25":{"start":{"line":32,"column":12},"end":{"line":32,"column":76}},"26":{"start":{"line":32,"column":25},"end":{"line":32,"column":60}},"27":{"start":{"line":33,"column":12},"end":{"line":33,"column":82}},"28":{"start":{"line":33,"column":25},"end":{"line":33,"column":66}},"29":{"start":{"line":34,"column":12},"end":{"line":34,"column":79}},"30":{"start":{"line":34,"column":25},"end":{"line":34,"column":63}},"31":{"start":{"line":37,"column":8},"end":{"line":39,"column":10}},"32":{"start":{"line":38,"column":12},"end":{"line":38,"column":96}},"33":{"start":{"line":38,"column":25},"end":{"line":38,"column":70}},"34":{"start":{"line":41,"column":8},"end":{"line":43,"column":10}},"35":{"start":{"line":42,"column":12},"end":{"line":42,"column":89}},"36":{"start":{"line":42,"column":25},"end":{"line":42,"column":63}},"37":{"start":{"line":45,"column":8},"end":{"line":47,"column":10}},"38":{"start":{"line":46,"column":12},"end":{"line":46,"column":90}},"39":{"start":{"line":46,"column":25},"end":{"line":46,"column":64}},"40":{"start":{"line":49,"column":8},"end":{"line":51,"column":10}},"41":{"start":{"line":50,"column":12},"end":{"line":50,"column":87}},"42":{"start":{"line":50,"column":25},"end":{"line":50,"column":62}},"43":{"start":{"line":53,"column":8},"end":{"line":55,"column":10}},"44":{"start":{"line":54,"column":12},"end":{"line":54,"column":85}},"45":{"start":{"line":54,"column":25},"end":{"line":54,"column":60}},"46":{"start":{"line":57,"column":8},"end":{"line":59,"column":10}},"47":{"start":{"line":58,"column":12},"end":{"line":58,"column":92}},"48":{"start":{"line":58,"column":25},"end":{"line":58,"column":67}},"49":{"start":{"line":61,"column":8},"end":{"line":63,"column":10}},"50":{"start":{"line":62,"column":12},"end":{"line":62,"column":88}},"51":{"start":{"line":62,"column":25},"end":{"line":62,"column":63}},"52":{"start":{"line":65,"column":8},"end":{"line":67,"column":10}},"53":{"start":{"line":66,"column":12},"end":{"line":66,"column":93}},"54":{"start":{"line":66,"column":25},"end":{"line":66,"column":68}},"55":{"start":{"line":69,"column":8},"end":{"line":71,"column":10}},"56":{"start":{"line":70,"column":12},"end":{"line":70,"column":98}},"57":{"start":{"line":70,"column":25},"end":{"line":70,"column":71}},"58":{"start":{"line":73,"column":8},"end":{"line":75,"column":10}},"59":{"start":{"line":74,"column":12},"end":{"line":74,"column":93}},"60":{"start":{"line":74,"column":25},"end":{"line":74,"column":66}},"61":{"start":{"line":77,"column":8},"end":{"line":79,"column":10}},"62":{"start":{"line":78,"column":12},"end":{"line":78,"column":100}},"63":{"start":{"line":78,"column":25},"end":{"line":78,"column":73}},"64":{"start":{"line":81,"column":8},"end":{"line":83,"column":10}},"65":{"start":{"line":82,"column":12},"end":{"line":82,"column":97}},"66":{"start":{"line":82,"column":25},"end":{"line":82,"column":71}},"67":{"start":{"line":85,"column":8},"end":{"line":87,"column":10}},"68":{"start":{"line":86,"column":12},"end":{"line":86,"column":95}},"69":{"start":{"line":86,"column":25},"end":{"line":86,"column":69}},"70":{"start":{"line":92,"column":4},"end":{"line":161,"column":6}},"71":{"start":{"line":94,"column":21},"end":{"line":94,"column":43}},"72":{"start":{"line":95,"column":25},"end":{"line":95,"column":46}},"73":{"start":{"line":97,"column":8},"end":{"line":97,"column":59}},"74":{"start":{"line":97,"column":25},"end":{"line":97,"column":58}},"75":{"start":{"line":99,"column":8},"end":{"line":106,"column":9}},"76":{"start":{"line":100,"column":12},"end":{"line":105,"column":18}},"77":{"start":{"line":102,"column":20},"end":{"line":102,"column":54}},"78":{"start":{"line":103,"column":20},"end":{"line":103,"column":62}},"79":{"start":{"line":104,"column":20},"end":{"line":104,"column":46}},"80":{"start":{"line":108,"column":8},"end":{"line":115,"column":10}},"81":{"start":{"line":110,"column":30},"end":{"line":110,"column":36}},"82":{"start":{"line":112,"column":12},"end":{"line":114,"column":110}},"83":{"start":{"line":113,"column":30},"end":{"line":113,"column":33}},"84":{"start":{"line":114,"column":39},"end":{"line":114,"column":109}},"85":{"start":{"line":117,"column":8},"end":{"line":124,"column":10}},"86":{"start":{"line":119,"column":34},"end":{"line":119,"column":41}},"87":{"start":{"line":121,"column":12},"end":{"line":123,"column":82}},"88":{"start":{"line":122,"column":30},"end":{"line":122,"column":33}},"89":{"start":{"line":123,"column":39},"end":{"line":123,"column":81}},"90":{"start":{"line":126,"column":8},"end":{"line":130,"column":9}},"91":{"start":{"line":127,"column":12},"end":{"line":129,"column":80}},"92":{"start":{"line":128,"column":30},"end":{"line":128,"column":33}},"93":{"start":{"line":129,"column":39},"end":{"line":129,"column":79}},"94":{"start":{"line":132,"column":8},"end":{"line":136,"column":9}},"95":{"start":{"line":133,"column":12},"end":{"line":135,"column":80}},"96":{"start":{"line":134,"column":30},"end":{"line":134,"column":33}},"97":{"start":{"line":135,"column":39},"end":{"line":135,"column":79}},"98":{"start":{"line":138,"column":8},"end":{"line":142,"column":9}},"99":{"start":{"line":139,"column":12},"end":{"line":141,"column":80}},"100":{"start":{"line":140,"column":30},"end":{"line":140,"column":33}},"101":{"start":{"line":141,"column":39},"end":{"line":141,"column":79}},"102":{"start":{"line":144,"column":8},"end":{"line":148,"column":9}},"103":{"start":{"line":145,"column":12},"end":{"line":147,"column":84}},"104":{"start":{"line":146,"column":30},"end":{"line":146,"column":33}},"105":{"start":{"line":147,"column":39},"end":{"line":147,"column":83}},"106":{"start":{"line":150,"column":8},"end":{"line":154,"column":9}},"107":{"start":{"line":151,"column":12},"end":{"line":153,"column":84}},"108":{"start":{"line":152,"column":30},"end":{"line":152,"column":33}},"109":{"start":{"line":153,"column":39},"end":{"line":153,"column":83}},"110":{"start":{"line":156,"column":8},"end":{"line":160,"column":9}},"111":{"start":{"line":157,"column":12},"end":{"line":159,"column":84}},"112":{"start":{"line":158,"column":30},"end":{"line":158,"column":33}},"113":{"start":{"line":159,"column":39},"end":{"line":159,"column":83}},"114":{"start":{"line":165,"column":4},"end":{"line":205,"column":6}},"115":{"start":{"line":167,"column":25}
[...]
,"column":8}},{"start":{"line":2384,"column":12},"end":{"line":2466,"column":6}}],"line":2384}},"s":{"0":1,"1":1,"2":1,"3":1,"4":1,"5":1,"6":1,"7":1,"8":1,"9":1,"10":256,"11":1,"12":1,"13":1,"14":1,"15":1,"16":1,"17":1,"18":1,"19":1,"20":1,"21":1,"22":1,"23":1,"24":1,"25":1,"26":1,"27":1,"28":1,"29":1,"30":1,"31":1,"32":1,"33":1,"34":1,"35":1,"36":1,"37":1,"38":1,"39":1,"40":1,"41":1,"42":1,"43":1,"44":1,"45":1,"46":1,"47":1,"48":1,"49":1,"50":1,"51":1,"52":1,"53":1,"54":1,"55":1,"56":1,"57":1,"58":1,"59":1,"60":1,"61":1,"62":1,"63":1,"64":1,"65":1,"66":1,"67":1,"68":1,"69":1,"70":1,"71":1,"72":1,"73":1,"74":9,"75":1,"76":1,"77":1,"78":1,"79":1,"80":1,"81":1,"82":1,"83":1,"84":1,"85":1,"86":1,"87":1,"88":1,"89":1,"90":1,"91":1,"92":1,"93":1,"94":1,"95":1,"96":1,"97":1,"98":1,"99":1,"100":1,"101":1,"102":1,"103":1,"104":1,"105":1,"106":1,"107":1,"108":1,"109":1,"110":1,"111":1,"112":1,"113":1,"114":1,"115":1,"116":1,"117":1,"118":4,"119":1,"120":1,"121":1,"122":1,"123":1,"124":1,"125":1,"126":1,"127":1,"128":1,"129":1,"130":1,"131":1,"132":1,"133":1,"134":1,"135":1,"136":1,"137":1,"138":1,"139":1,"140":1,"141":1,"142":1,"143":1,"144":1,"145":1,"146":1,"147":1,"148":4,"149":4,"150":4,"151":4,"152":4,"153":1,"154":1,"155":1,"156":1,"157":1,"158":1,"159":1,"160":1,"161":1,"162":1,"163":1,"164":1,"165":1,"166":1,"167":1,"168":1,"169":1,"170":1,"171":1,"172":1,"173":1,"174":1,"175":1,"176":1,"177":1,"178":1,"179":1,"180":1,"181":1,"182":1,"183":1,"184":1,"185":1,"186":1,"187":1,"188":1,"189":1,"190":1,"191":1,"192":1,"193":1,"194":1,"195":1,"196":1,"197":1,"198":1,"199":1,"200":1,"201":1,"202":1,"203":1,"204":1,"205":1,"206":1,"207":1,"208":1,"209":1,"210":1,"211":1,"212":1,"213":1,"214":1,"215":1,"216":1,"217":1,"218":1,"219":1,"220":1,"221":1,"222":1,"223":1,"224":1,"225":1,"226":1,"227":1,"228":1,"229":19,"230":19,"231":19,"232":1,"233":1,"234":1,"235":1,"236":1,"237":1,"238":1,"239":1,"240":1,"241":1,"242":1,"243":1,"244":1,"245":1,"246":1,"247":1,"248":1,"249":1,"250":1,"251":1,"252":1,"253":1,"254":1,"255":1,"256":1,"257":1,"258":1,"259":1,"260":1,"261":1,"262":1,"263":1,"264":1,"265":1,"266":1,"267":1,"268":1,"269":1,"270":1,"271":1,"272":1,"273":1,"274":1,"275":1,"276":1,"277":1,"278":1,"279":1,"280":1,"281":1,"282":1,"283":1,"284":1,"285":1,"286":1,"287":1,"288":1,"289":1,"290":1,"291":1,"292":1,"293":1,"294":1,"295":1,"296":1,"297":1,"298":1,"299":1,"300":1,"301":1,"302":1,"303":1,"304":1,"305":1,"306":1,"307":1,"308":1,"309":1,"310":1,"311":1,"312":1,"313":1,"314":1,"315":1,"316":1,"317":1,"318":1,"319":1,"320":1,"321":1,"322":1,"323":1,"324":1,"325":1,"326":1,"327":1,"328":1,"329":1,"330":1,"331":1,"332":1,"333":1,"334":1,"335":1,"336":1,"337":1,"338":1,"339":1,"340":1,"341":1,"342":1,"343":1,"344":10,"345":10,"346":10,"347":10,"348":10,"349":30,"350":30,"351":10,"352":10,"353":30,"354":30,"355":10,"356":1,"357":1,"358":1,"359":1,"360":1,"361":1,"362":1,"363":1,"364":1,"365":1,"366":1,"367":1,"368":1,"369":1,"370":1,"371":1,"372":1,"373":1,"374":1,"375":1,"376":1,"377":1,"378":1,"379":1,"380":1,"381":1,"382":1,"383":1,"384":1,"385":1,"386":1,"387":1,"388":1,"389":1,"390":1,"391":1,"392":1,"393":1,"394":1,"395":1,"396":1,"397":1,"398":1,"399":1,"400":1,"401":1,"402":1,"403":1,"404":1,"405":4,"406":4,"407":4,"408":4,"409":4,"410":12,"411":12,"412":4,"413":4,"414":12,"415":12,"416":4,"417":1,"418":1,"419":1,"420":1,"421":1,"422":1,"423":1,"424":1,"425":1,"426":1,"427":1,"428":1,"429":1,"430":1,"431":1,"432":1,"433":1,"434":1,"435":1,"436":1,"437":1,"438":1,"439":1,"440":1,"441":1,"442":1,"443":1,"444":1,"445":1,"446":1,"447":1,"448":17,"449":17,"450":1,"451":1,"452":1,"453":1,"454":1,"455":1,"456":1,"457":1,"458":1,"459":1,"460":1,"461":1,"462":1,"463":1,"464":1,"465":1,"466":1,"467":1,"468":1,"469":1,"470":1,"471":1,"472":1,"473":1,"474":1,"475":1,"476":1,"477":1,"478":1,"479":1,"480":1,"481":1,"482":1,"483":1,"484":1,"485":1,"486":1,"487":1,"488":1,"489":1,"490":1,"491":1,"492":1,"493":1,"494":1,"495":1,"496":1,"497":1,"498":1,"499":1,"500":1,"501":1,"502":1,"503":1,"504":1,"505":1,"506":1,"507":1,"508":1,"509":1,"510":1,"511":1,"512":1,"513":1,"514":1,"515":1,"516":1,"517":1,"518":1,"519":1,"520":1,"521":1,"522":1,"523":1,"524":1,"525":1,"526":1,"527":1,"528":1,"529":1,"530":1,"531":1,"532":1,"533":1,"534":1,"535":17,"536":17,"537":17,"538":1,"539":1,"540":1,"541":1,"542":1,"543":1,"544":1,"545":1,"546":1,"547":1,"548":1,"549":1,"550":1,"551":1,"552":1,"553":1,"554":1,"555":1,"556":1,"557":1,"558":1,"559":1,"560":1,"561":1,"562":1,"563":1,"564":1,"565":1,"566":1,"567":1,"568":1,"569":1,"570":1,"571":1,"572":1,"573":1,"574":1,"575":1,"576":1,"577":1,"578":1,"579":1,"580":1,"581":1,"582":1,"583":1,"584":1,"585":1,"586":1,"587":1,"588":1,"589":1,"590":1,"591":1,"592":1,"593":1,"594":1,"595":1,"596":1,"597":1,"598":1,"599":1,"600":1,"601":1,"602":1,"603":1,"604":1,"605":1,"606":1,"607":1,"608":1,"609":1,"610":1,"611":1,"612":1,"613":1,"614":5,"615":5,"616":5,"617":5,"618":1,"619":1,"620":1,"621":1,"622":1,"623":1,"624":1,"625":1,"626":1,"627":1,"628":1,"629":1,"630":1,"631":1,"632":1,"633":1,"634":1,"635":1,"636":1,"637":1,"638":1,"639":1,"640":1,"641":1,"642":1,"643":1,"644":1,"645":1,"646":1,"647":1,"648":1,"649":1,"650":8,"651":8,"652":8,"653":8,"654":8,"655":1,"656":1,"657":1,"658":1,"659":1,"660":1,"661":1,"662":1,"663":1,"664":1,"665":1,"666":1,"667":1,"668":1,"669":1,"670":1,"671":1,"672":1,"673":1,"674":1,"675":1,"676":1,"677":1,"678":1,"679":1,"680":1,"681":1,"682":1,"683":1,"684":1,"685":1,"686":1,"687":1,"688":1,"689":1,"690":1,"691":1,"692":1,"693":1,"694":1,"695":1,"696":1,"697":9,"698":1,"699":1,"700":1,"701":1,"702":1,"703":1,"704":1,"705":1,"706":1,"707":1,"708":1,"709":1,"710":1,"711":1,"712":1,"713":1,"714":1,"715":1,"716":1,"717":1,"718":1,"719":1,"720":1,"721":1,"722":1,"723":1,"724":1,"725":1,"726":1,"727":1,"728":1,"729":1,"730":1,"731":1,"732":1,"733":1,"734":1,"735":1,"736":1,"737":1,"738":1,"739":1,"740":1,"741":1,"742":1,"743":13,"744":1,"745":1,"746":1,"747":1,"748":1,"749":1,"750":1,"751":1,"752":1,"753":1,"754":1,"755":1,"756":1,"757":1,"758":1,"759":1,"760":1,"761":1,"762":1,"763":1,"764":1,"765":1,"766":1,"767":1,"768":1,"769":1,"770":1,"771":1,"772":1,"773":1,"774":1,"775":1,"776":1,"777":1,"778":1,"779":1,"780":1,"781":1,"782":1,"783":1,"784":1,"785":1,"786":1,"787":1,"788":1,"789":1,"790":1,"791":1,"792":1,"793":1,"794":1,"795":1,"796":1,"797":1,"798":1,"799":1,"800":1,"801":1,"802":1,"803":1,"804":1,"805":1,"806":1,"807":5,"808":5,"809":15,"810":5,"811":15,"812":5,"813":5,"814":5,"815":5,"816":15,"817":5,"818":5,"819":1,"820":1,"821":1,"822":1,"823":1,"824":1,"825":1,"826":1,"827":1,"828":1,"829":1,"830":1,"831":1,"832":1,"833":1,"834":1,"835":1,"836":1,"837":1,"838":1,"839":1,"840":1,"841":1,"842":1,"843":1,"844":1,"845":1,"846":1,"847":1,"848":1,"849":1,"850":1,"851":1,"852":1,"853":1,"854":1,"855":1,"856":1,"857":1,"858":1,"859":1,"860":1,"861":1,"862":1,"863":9,"864":1,"865":1,"866":1,"867":1,"868":1,"869":1,"870":1,"871":1,"872":1,"873":1,"874":1,"875":1,"876":1,"877":1,"878":1,"879":1,"880":1,"881":1,"882":1,"883":1,"884":1,"885":1,"886":1,"887":1,"888":1,"889":1,"890":1,"891":1,"892":1,"893":1,"894":1,"895":1,"896":1,"897":1,"898":1,"899":1,"900":1,"901":1,"902":1,"903":1,"904":1,"905":1,"906":1,"907":1,"908":1,"909":1,"910":1,"911":1,"912":1,"913":1,"914":1,"915":1,"916":1,"917":1,"918":1,"919":1,"920":1,"921":1,"922":1,"923":1,"924":1,"925":1,"926":1,"927":1,"928":1,"929":1,"930":1,"931":1,"932":1,"933":1,"934":1,"935":1,"936":1,"937":1,"938":1,"939":1,"940":1,"941":1,"942":1,"943":1,"944":1,"945":1,"946":1,"947":1,"948":1,"949":1,"950":5,"951":1,"952":1,"953":1,"954":1,"955":1,"956":1,"957":1,"958":1,"959":1,"960":1,"961":1,"962":1,"963":1,"964":1,"965":1,"966":1,"967":1,"968":1,"969":1,"970":1,"971":1,"972":1,"973":1,"974":1,"975":1,"976":1,"977":4,"978":1,"979":1,"980":1,"981":1,"982":1,"983":1,"984":1,"985":1,"986":1,"987":1,"988":1,"989":1,"990":1,"991":1,"992":1,"993":1,"994":1,"995":1,"996":1,"997":1,"998":1,"999":1,"1000":1,"1001":1,"1002":1,"1003":1,"1004":1,"1005":1,"1006":1,"1007":1,"1008":1,"1009":1,"1010":1,"1011":1,"1012":1,"1013":1,"1014":1,"1015":1,"1016":1,"1017":1,"1018":1,"1019":1,"1020":1,"1021":1,"1022":1,"1023":1,"1024":1,"1025":1,"1026":1,"1027":1,"1028":1,"1029":1,"1030":1,"1031":1,"1032":1,"1033":1,"1034":1,"1035":1,"1036":1,"1037":1,"1038":1,"1039":1,"1040":1,"1041":1,"1042":1,"1043":1,"1044":1,"1045":1,"1046":1,"1047":1,"1048":1,"1049":1,"1050":1,"1051":1,"1052":1,"1053":1,"1054":1,"1055":1,"1056":1,"1057":1,"1058":1,"1059":1,"1060":1,"1061":1,"1062":1,"1063":1,"1064":1,"1065":1,"1066":1,"1067":1,"1068":1,"1069":1,"1070":1,"1071":1,"1072":1,"1073":1,"1074":1,"1075":1,"1076":1,"1077":1,"1078":1,"1079":1,"1080":1,"1081":1,"1082":1,"1083":1,"1084":1,"1085":1,"1086":1,"1087":1,"1088":1,"1089":1,"1090":1,"1091":1,"1092":1,"1093":1,"1094":1,"1095":1,"1096":1,"1097":1,"1098":1,"1099":1,"1100":1,"1101":1,"1102":1,"1103":1,"1104":1,"1105":1,"1106":1,"1107":1,"1108":1,"1109":1,"1110":1,"1111":1,"1112":1,"1113":1,"1114":1,"1115":1,"1116":1,"1117":1,"1118":1,"1119":1,"1120":1,"1121":1,"1122":1,"1123":1,"1124":1,"1125":1,"1126":5,"1127":1,"1128":1,"1129":1,"1130":1,"1131":1,"1132":1,"1133":1,"1134":1,"1135":1,"1136":1,"1137":1,"1138":1,"1139":1,"1140":1,"1141":1,"1142":1,"1143":1,"1144":1,"1145":1,"1146":1,"1147":1,"1148":1,"1149":1,"1150":1,"1151":1,"1152":1,"1153":1,"1154":11,"1155":1,"1156":1,"1157":1,"1158":1,"1159":1,"1160":1,"1161":1,"1162":1,"1163":1,"1164":1,"1165":1,"1166":1,"1167":1,"1168":1,"1169":1,"1170":1,"1171":1,"1172":1,"1173":1,"1174":1,"1175":1,"1176":1,"1177":1,"1178":1,"1179":1,"1180":1,"1181":1,"1182":1,"1183":1,"1184":1,"1185":1,"1186":1,"1187":1,"1188":1,"1189":1,"1190":1,"1191":1,"1192":1,"1193":1,"1194":1,"1195":1,"1196":1,"1197":1,"1198":1,"1199":1,"1200":1,"1201":1,"1202":1,"1203":1,"1204":1,"1205":1,"1206":1,"1207":1,"1208":1,"1209":1,"1210":1,"1211":1,"1212":1,"1213":1,"1214":1,"1215":1,"1216":1,"1217":1,"1218":1,"1219":1,"1220":1,"1221":1,"1222":1,"1223":1,"1224":1,"1225":1,"1226":1,"1227":1,"1228":1,"1229":1,"1230":1,"1231":1,"1232":1,"1233":1,"1234":1,"1235":1,"1236":1,"1237":1,"1238":1,"1239":1,"1240":1,"1241":1,"1242":1,"1243":1,"1244":1,"1245":1,"1246":1,"1247":1,"1248":1,"1249":1,"1250":1,"1251":1,"1252":1,"1253":1,"1254":1,"1255":1,"1256":1,"1257":1,"1258":1,"1259":1,"1260":1,"1261":1,"1262":1,"1263":1,"1264":1,"1265":1,"1266":1,"1267":1,"1268":1,"1269":1,"1270":1,"1271":1,"1272":1,"1273":1,"1274":1,"1275":1,"1276":1,"1277":1,"1278":1,"1279":1,"1280":1,"1281":1,"1282":1,"1283":1,"1284":1,"1285":1,"1286":1,"1287":1,"1288":1,"1289":1,"1290":1,"1291":1,"1292":1,"1293":1,"1294":1,"1295":1,"1296":1,"1297":1,"1298":1,"1299":1,"1300":1,"1301":1,"1302":1,"1303":1,"1304":1,"1305":1,"1306":1,"1307":1,"1308":1,"1309":1,"1310":1,"1311":1,"1312":1,"1313":1,"1314":1,"1315":1,"1316":1,"1317":1,"1318":1,"1319":1,"1320":1,"1321":1,"1322":1,"1323":1,"1324":1,"1325":1,"1326":1,"1327":1,"1328":1,"1329":1,"1330":1,"1331":1,"1332":1,"1333":1,"1334":1,"1335":1,"1336":1,"1337":1,"1338":1,"1339":1,"1340":1,"1341":1,"1342":1,"1343":5,"1344":1,"1345":1,"1346":1,"1347":1,"1348":1,"1349":1,"1350":1,"1351":1,"1352":1,"1353":1,"1354":1,"1355":1,"1356":1,"1357":1,"1358":1,"1359":1,"1360":1,"1361":1,"1362":1,"1363":1,"1364":1,"1365":1,"1366":1,"1367":1,"1368":1,"1369":1,"1370":4,"1371":1,"1372":1,"1373":1,"1374":1,"1375":1,"1376":1,"1377":1,"1378":1,"1379":1,"1380":1,"1381":1,"1382":1,"1383":1,"1384":1,"1385":1,"1386":1,"1387":1,"1388":1,"1389":1,"1390":1,"1391":1,"1392":1,"1393":1,"1394":1,"1395":1,"1396":1,"1397":1,"1398":1,"1399":1,"1400":1,"1401":1,"1402":1,"1403":1,"1404":1,"1405":1,"1406":1,"1407":1,"1408":1,"1409":1,"1410":1,"1411":1,"1412":1,"1413":1,"1414":9,"1415":9,"1416":9,"1417":1,"1418":1,"1419":1,"1420":1,"1421":1,"1422":1,"1423":1,"1424":1,"1425":1,"1426":1,"1427":1,"1428":1,"1429":1,"1430":1,"1431":1,"1432":1,"1433":1,"1434":1,"1435":1,"1436":1,"1437":1,"1438":1,"1439":1,"1440":1,"1441":1,"1442":1,"1443":1,"1444":1,"1445":1,"1446":1,"1447":1,"1448":1,"1449":1,"1450":1,"1451":1,"1452":1,"1453":1,"1454":1,"1455":1,"1456":1,"1457":1,"1458":1,"1459":1,"1460":1,"1461":1,"1462":1,"1463":1,"1464":9,"1465":9,"1466":9,"1467":1,"1468":1,"1469":1,"1470":1,"1471":1,"1472":1,"1473":1,"1474":1,"1475":1,"1476":1,"1477":1,"1478":1,"1479":1,"1480":1,"1481":1,"1482":1,"1483":1,"1484":1,"1485":1,"1486":1,"1487":1,"1488":1,"1489":1,"1490":1,"1491":1,"1492":1,"1493":1,"1494":1,"1495":1,"1496":1,"1497":1,"1498":1,"1499":1,"1500":1,"1501":1,"1502":1,"1503":1,"1504":1,"1505":1,"1506":1,"1507":1,"1508":1,"1509":1,"1510":1,"1511":1,"1512":1},"f":{"0":1,"1":1,"2":1,"3":256,"4":1,"5":1,"6":1,"7":1,"8":1,"9":1,"10":1,"11":1,"12":1,"13":1,"14":1,"15":1,"16":1,"17":1,"18":1,"19":1,"20":1,"21":1,"22":1,"23":1,"24":1,"25":1,"26":1,"27":1,"28":1,"29":1,"30":1,"31":1,"32":1,"33":1,"34":1,"35":1,"36":1,"37":1,"38":1,"39":9,"40":1,"41":1,"42":1,"43":1,"44":1,"45":1,"46":1,"47":1,"48":1,"49":1,"50":1,"51":1,"52":1,"53":1,"54":1,"55":1,"56":1,"57":1,"58":1,"59":1,"60":1,"61":1,"62":1,"63":1,"64":1,"65":1,"66":1,"67":4,"68":1,"69":1,"70":1,"71":1,"72":1,"73":1,"74":1,"75":1,"76":1,"77":1,"78":1,"79":1,"80":4,"81":4,"82":4,"83":4,"84":4,"85":1,"86":1,"87":1,"88":1,"89":1,"90":1,"91":1,"92":1,"93":1,"94":1,"95":1,"96":1,"97":1,"98":1,"99":1,"100":1,"101":1,"102":1,"103":1,"104":19,"105":19,"106":1,"107":1,"108":1,"109":1,"110":1,"111":1,"112":1,"113":1,"114":1,"115":1,"116":1,"117":1,"118":1,"119":1,"120":1,"121":1,"122":1,"123":1,"124":1,"125":1,"126":1,"127":1,"128":1,"129":1,"130":1,"131":1,"132":1,"133":1,"134":1,"135":1,"136":1,"137":1,"138":1,"139":1,"140":1,"141":1,"142":1,"143":1,"144":1,"145":1,"146":1,"147":1,"148":1,"149":1,"150":1,"151":1,"152":1,"153":1,"154":1,"155":1,"156":1,"157":1,"158":1,"159":1,"160":1,"161":1,"162":1,"163":1,"164":1,"165":1,"166":1,"167":1,"168":10,"169":10,"170":10,"171":30,"172":30,"173":10,"174":30,"175":1,"176":1,"177":1,"178":1,"179":1,"180":1,"181":1,"182":1,"183":1,"184":1,"185":1,"186":1,"187":1,"188":1,"189":1,"190":1,"191":1,"192":1,"193":1,"194":1,"195":1,"196":1,"197":1,"198":1,"199":1,"200":1,"201":1,"202":1,"203":1,"204":1,"205":1,"206":4,"207":4,"208":4,"209":12,"210":12,"211":4,"212":12,"213":1,"214":1,"215":1,"216":1,"217":1,"218":1,"219":1,"220":1,"221":1,"222":1,"223":1,"224":1,"225":17,"226":17,"227":1,"228":1,"229":1,"230":1,"231":1,"232":1,"233":1,"234":1,"235":1,"236":1,"237":1,"238":1,"239":1,"240":1,"241":1,"242":1,"243":1,"244":1,"245":1,"246":1,"247":1,"248":1,"249":1,"250":1,"251":1,"252":1,"253":1,"254":1,"255":1,"256":1,"257":1,"258":1,"259":1,"260":1,"261":1,"262":1,"263":1,"264":1,"265":1,"266":1,"267":1,"268":1,"269":1,"270":1,"271":1,"272":1,"273":1,"274":1,"275":1,"276":1,"277":1,"278":1,"279":17,"280":17,"281":17,"282":1,"283":1,"284":1,"285":1,"286":1,"287":1,"288":1,"289":1,"290":1,"291":1,"292":1,"293":1,"294":1,"295":1,"296":1,"297":1,"298":1,"299":1,"300":1,"301":1,"302":1,"303":1,"304":1,"305":1,"306":1,"307":1,"308":1,"309":1,"310":1,"311":1,"312":1,"313":1,"314":1,"315":1,"316":1,"317":1,"318":1,"319":1,"320":1,"321":1,"322":1,"323":1,"324":1,"325":1,"326":1,"327":1,"328":1,"329":1,"330":1,"331":1,"332":1,"333":1,"334":5,"335":5,"336":5,"337":1,"338":1,"339":1,"340":1,"341":1,"342":1,"343":1,"344":1,"345":1,"346":1,"347":1,"348":1,"349":1,"350":1,"351":1,"352":8,"353":8,"354":8,"355":1,"356":1,"357":1,"358":1,"359":1,"360":1,"361":1,"362":1,"363":1,"364":1,"365":1,"366":1,"367":1,"368":1,"369":1,"370":1,"371":1,"372":1,"373":1,"374":1,"375":1,"376":1,"377":1,"378":1,"379":9,"380":1,"381":1,"382":1,"383":1,"384":1,"385":1,"386":1,"387":1,"388":1,"389":1,"390":1,"391":1,"392":1,"393":1,"394":1,"395":1,"396":1,"397":1,"398":1,"399":1,"400":1,"401":1,"402":1,"403":1,"404":1,"405":1,"406":1,"407":13,"408":1,"409":1,"410":1,"411":1,"412":1,"413":1,"414":1,"415":1,"416":1,"417":1,"418":1,"419":1,"420":1,"421":1,"422":1,"423":1,"424":1,"425":1,"426":1,"427":1,"428":1,"429":1,"430":1,"431":1,"432":1,"433":1,"434":1,"435":1,"436":1,"437":1,"438":1,"439":1,"440":1,"441":1,"442":1,"443":1,"444":1,"445":1,"446":1,"447":1,"448":5,"449":15,"450":5,"451":15,"452":5,"453":5,"454":5,"455":15,"456":5,"457":5,"458":1,"459":1,"460":1,"461":1,"462":1,"463":1,"464":1,"465":1,"466":1,"467":1,"468":1,"469":1,"470":1,"471":1,"472":1,"473":9,"474":1,"475":1,"476":1,"477":1,"478":1,"479":1,"480":1,"481":1,"482":1,"483":1,"484":1,"485":1,"486":1,"487":1,"488":1,"489":1,"490":1,"491":1,"492":1,"493":1,"494":1,"495":1,"496":1,"497":1,"498":1,"499":1,"500":1,"501":1,"502":1,"503":1,"504":1,"505":1,"506":1,"507":1,"508":1,"509":1,"510":1,"511":1,"512":1,"513":1,"514":1,"515":1,"516":1,"517":1,"518":1,"519":1,"520":1,"521":1,"522":1,"523":1,"524":1,"525":1,"526":1,"527":1,"528":5,"529":1,"530":1,"531":1,"532":1,"533":1,"534":1,"535":1,"536":1,"537":1,"538":1,"539":1,"540":1,"541":1,"542":1,"543":1,"544":1,"545":4,"546":1,"547":1,"548":1,"549":1,"550":1,"551":1,"552":1,"553":1,"554":1,"555":1,"556":1,"557":1,"558":1,"559":1,"560":1,"561":1,"562":1,"563":1,"564":1,"565":1,"566":1,"567":1,"568":1,"569":1,"570":1,"571":1,"572":1,"573":1,"574":1,"575":1,"576":1,"577":1,"578":1,"579":1,"580":1,"581":1,"582":1,"583":1,"584":1,"585":1,"586":1,"587":1,"588":1,"589":1,"590":1,"591":1,"592":1,"593":1,"594":1,"595":1,"596":1,"597":1,"598":1,"599":1,"600":1,"601":1,"602":1,"603":1,"604":1,"605":1,"606":1,"607":1,"608":1,"609":1,"610":1,"611":1,"612":1,"613":1,"614":1,"615":1,"616":1,"617":1,"618":1,"619":1,"620":1,"621":1,"622":1,"623":1,"624":1,"625":1,"626":1,"627":1,"628":1,"629":1,"630":1,"631":1,"632":1,"633":1,"634":1,"635":1,"636":5,"637":1,"638":1,"639":1,"640":1,"641":1,"642":1,"643":1,"644":1,"645":1,"646":1,"647":1,"648":1,"649":1,"650":1,"651":1,"652":1,"653":11,"654":1,"655":1,"656":1,"657":1,"658":1,"659":1,"660":1,"661":1,"662":1,"663":1,"664":1,"665":1,"666":1,"667":1,"668":1,"669":1,"670":1,"671":1,"672":1,"673":1,"674":1,"675":1,"676":1,"677":1,"678":1,"679":1,"680":1,"681":1,"682":1,"683":1,"684":1,"685":1,"686":1,"687":1,"688":1,"689":1,"690":1,"691":1,"692":1,"693":1,"694":1,"695":1,"696":1,"697":1,"698":1,"699":1,"700":1,"701":1,"702":1,"703":1,"704":1,"705":1,"706":1,"707":1,"708":1,"709":1,"710":1,"711":1,"712":1,"713":1,"714":1,"715":1,"716":1,"717":1,"718":1,"719":1,"720":1,"721":1,"722":1,"723":1,"724":1,"725":1,"726":1,"727":1,"728":1,"729":1,"730":1,"731":1,"732":1,"733":1,"734":1,"735":1,"736":1,"737":1,"738":1,"739":1,"740":1,"741":1,"742":1,"743":1,"744":1,"745":1,"746":1,"747":1,"748":1,"749":1,"750":1,"751":1,"752":1,"753":1,"754":1,"755":1,"756":1,"757":1,"758":1,"759":1,"760":1,"761":1,"762":1,"763":1,"764":1,"765":1,"766":5,"767":1,"768":1,"769":1,"770":1,"771":1,"772":1,"773":1,"774":1,"775":1,"776":1,"777":1,"778":1,"779":1,"780":1,"781":1,"782":1,"783":4,"784":1,"785":1,"786":1,"787":1,"788":1,"789":1,"790":1,"791":1,"792":1,"793":1,"794":1,"795":1,"796":1,"797":1,"798":1,"799":1,"800":1,"801":1,"802":1,"803":9,"804":9,"805":1,"806":1,"807":1,"808":1,"809":1,"810":1,"811":1,"812":1,"813":1,"814":1,"815":1,"816":1,"817":1,"818":1,"819":1,"820":1,"821":1,"822":1,"823":1,"824":1,"825":1,"826":1,"827":1,"828":1,"829":1,"830":1,"831":1,"832":1,"833":9,"834":9,"835":1,"836":1,"837":1,"838":1,"839":1,"840":1,"841":1,"842":1,"843":1,"844":1,"845":1,"846":1,"847":1,"848":1,"849":1,"850":1,"851":1,"852":1,"853":1,"854":1,"855":1,"856":1,"857":1,"858":1,"859":1,"860":1,"861":1,"862":1,"863":1,"864":1},"b":{"0":[1,1],"1":[1,1],"2":[1,1],"3":[1,1],"4":[1,1],"5":[1,1],"6":[1,1],"7":[1,1],"8":[1,1],"9":[1,1],"10":[1,1],"11":[1,1],"12":[1,1],"13":[1,1],"14":[1,1],"15":[1,1],"16":[1,1],"17":[1,1],"18":[1,1],"19":[1,1],"20":[1,1],"21":[1,1],"22":[1,1],"23":[1,1],"24":[1,1],"25":[1,1],"26":[1,1],"27":[1,1],"28":[1,1],"29":[1,1],"30":[1,1],"31":[1,1],"32":[1,1]},"_coverageSchema":"d34fc3e6b8297bcde183f5492bcb8fcb36775295","hash":"2e568189f14ca3e5305f0f7bf18bd754212b2cf7","contentHash":"a6e9565b3851006315308c2bdad6cfc1"}}